<?xml version="1.0" encoding="UTF-8"?>
<!-- Generated by org.testng.reporters.JUnitReportReporter -->
<testsuite hostname="DESKTOP-VIGFA1G" failures="0" tests="13" name="Page_Test.Login_Page_Test" time="243.308" errors="0" timestamp="2024-03-29T10:07:31 IST" skipped="0">
  <testcase classname="Page_Test.Login_Page_Test" name="TC001_Verify_Login_with_Invalid_credential" time="5.924"/>
  <system-out/>
  <testcase classname="Page_Test.Login_Page_Test" name="TC002_invalidmobileno" time="8.921"/>
  <system-out/>
  <testcase classname="Page_Test.Login_Page_Test" name="TC003_verify_update_number" time="14.203"/>
  <system-out/>
  <testcase classname="Page_Test.Login_Page_Test" name="TC004_Verify_Login_with_short_length_of_mobile_number_credential" time="4.792"/>
  <system-out/>
  <testcase classname="Page_Test.Login_Page_Test" name="TC005_max_digit_mobile_number" time="5.861"/>
  <system-out/>
  <testcase classname="Page_Test.Login_Page_Test" name="TC006_Terms_of_use_button" time="12.150"/>
  <system-out/>
  <testcase classname="Page_Test.Login_Page_Test" name="TC007_Privacy_policy" time="11.728"/>
  <system-out/>
  <testcase classname="Page_Test.Login_Page_Test" name="TC008_contact_Us" time="5.988"/>
  <system-out/>
  <testcase classname="Page_Test.Login_Page_Test" name="TC009_Continue_as_guest" time="58.777"/>
  <system-out/>
  <testcase classname="Page_Test.Login_Page_Test" name="TC010_Verify_Login_with_valid_credential" time="37.155"/>
  <system-out/>
  <testcase classname="Page_Test.Login_Page_Test" name="TC011_resend_butn" time="19.892"/>
  <system-out/>
  <testcase classname="Page_Test.Login_Page_Test" name="TC012_inavalid_OTP" time="19.144"/>
  <system-out/>
  <testcase classname="Page_Test.Login_Page_Test" name="TC013_edit_moble" time="38.773"/>
  <system-out/>
</testsuite> <!-- Page_Test.Login_Page_Test -->
