<?xml version="1.0" encoding="UTF-8"?>
<!-- Generated by org.testng.reporters.JUnitReportReporter -->
<testsuite hostname="DESKTOP-DC5U0BQ" failures="0" tests="11" name="Page_Test.Login_Page_Test" time="196.498" errors="0" timestamp="2024-01-09T14:37:24 IST" skipped="0">
  <testcase classname="Page_Test.Login_Page_Test" name="TC001_Verify_Login_with_Invalid_credential" time="19.279"/>
  <testcase classname="Page_Test.Login_Page_Test" name="TC002_invalidmobileno" time="11.274"/>
  <testcase classname="Page_Test.Login_Page_Test" name="TC003_Verify_Login_with_short_length_of_mobile_number_credential" time="5.594"/>
  <testcase classname="Page_Test.Login_Page_Test" name="TC004_max_digit_mobile_number" time="6.061"/>
  <testcase classname="Page_Test.Login_Page_Test" name="TC005_Terms_of_use_button" time="14.334"/>
  <testcase classname="Page_Test.Login_Page_Test" name="TC006_Privacy_policy" time="9.908"/>
  <testcase classname="Page_Test.Login_Page_Test" name="TC007_contact_Us" time="6.995"/>
  <testcase classname="Page_Test.Login_Page_Test" name="TC008_Verify_Login_with_valid_credential" time="37.869"/>
  <testcase classname="Page_Test.Login_Page_Test" name="TC009_resend_butn" time="20.920"/>
  <testcase classname="Page_Test.Login_Page_Test" name="TC010_inavalid_OTP" time="21.531"/>
  <testcase classname="Page_Test.Login_Page_Test" name="TC011_edit_moble" time="42.733"/>
</testsuite> <!-- Page_Test.Login_Page_Test -->
