<?xml version="1.0" encoding="UTF-8"?>
<!-- Generated by org.testng.reporters.JUnitReportReporter -->
<testsuite hostname="DESKTOP-DC5U0BQ" failures="0" tests="11" name="Page_Test.GoodLife_test" time="449.965" errors="0" timestamp="2024-01-10T10:04:47 IST" skipped="0">
  <testcase classname="Page_Test.GoodLife_test" name="TC100_verify_image_in_goodlife_page" time="19.249"/>
  <testcase classname="Page_Test.GoodLife_test" name="TC101_Verify_Pro_Membership" time="25.910"/>
  <testcase classname="Page_Test.GoodLife_test" name="TC102_Verify_Silver_Membership" time="26.534"/>
  <testcase classname="Page_Test.GoodLife_test" name="TC103_Verify_Gold_Membership" time="25.552"/>
  <testcase classname="Page_Test.GoodLife_test" name="TC104_Verify_Platinum_Membership" time="49.487"/>
  <testcase classname="Page_Test.GoodLife_test" name="TC105_View_All_Membership_Plan" time="102.749"/>
  <testcase classname="Page_Test.GoodLife_test" name="TC106_verify_Points_Earning_and_Redemption" time="49.708"/>
  <testcase classname="Page_Test.GoodLife_test" name="TC107_Whats_so_Good_in_Good_life" time="25.194"/>
  <testcase classname="Page_Test.GoodLife_test" name="TC108_Verify_Ultimate_savings" time="31.879"/>
  <testcase classname="Page_Test.GoodLife_test" name="TC109_verify_Exclusive_membership_offers" time="44.864"/>
  <testcase classname="Page_Test.GoodLife_test" name="TC110_verify_Winner_informaton" time="48.839"/>
</testsuite> <!-- Page_Test.GoodLife_test -->
