<?xml version="1.0" encoding="UTF-8"?>
<!-- Generated by org.testng.reporters.JUnitReportReporter -->
<testsuite hostname="users-MacBook-Pro.local" failures="0" tests="23" name="Page_Test.Home_Page_Test" time="741.208" errors="0" timestamp="2024-08-06T10:12:32 IST" skipped="0">
  <testcase classname="Page_Test.Home_Page_Test" name="TC019_Home_page_verify" time="41.940"/>
  <system-out/>
  <testcase classname="Page_Test.Home_Page_Test" name="TC020_verify_SOS" time="22.521"/>
  <system-out/>
  <testcase classname="Page_Test.Home_Page_Test" name="TC021_verify_Navigate" time="37.954"/>
  <system-out/>
  <testcase classname="Page_Test.Home_Page_Test" name="TC022_verify_Exchange" time="62.432"/>
  <system-out/>
  <testcase classname="Page_Test.Home_Page_Test" name="TC023_verify_Vehicle_details" time="16.772"/>
  <system-out/>
  <testcase classname="Page_Test.Home_Page_Test" name="TC024_verify_Vehicle_condition" time="66.260"/>
  <system-out/>
  <testcase classname="Page_Test.Home_Page_Test" name="TC025_verify_Vehicle_valution" time="70.989"/>
  <system-out/>
  <testcase classname="Page_Test.Home_Page_Test" name="TC026_Verify_RC_Documents" time="41.312"/>
  <system-out/>
  <testcase classname="Page_Test.Home_Page_Test" name="TC027_Verify_Insurance_Documents" time="30.829"/>
  <system-out/>
  <testcase classname="Page_Test.Home_Page_Test" name="TC028_Verify_PUC_Documents" time="27.892"/>
  <system-out/>
  <testcase classname="Page_Test.Home_Page_Test" name="TC029_Verify_Challans_Documents" time="6.526"/>
  <system-out/>
  <testcase classname="Page_Test.Home_Page_Test" name="TC030_Verify_Relationship_Manager" time="34.261"/>
  <system-out/>
  <testcase classname="Page_Test.Home_Page_Test" name="TC031_Verify_RSA" time="15.572"/>
  <system-out/>
  <testcase classname="Page_Test.Home_Page_Test" name="TC032_Renew_RSA" time="17.080"/>
  <system-out/>
  <testcase classname="Page_Test.Home_Page_Test" name="TC033_frequently_asked_questions" time="57.884"/>
  <system-out/>
  <testcase classname="Page_Test.Home_Page_Test" name="TC034_Verify_Technical_Support_Manager" time="26.157"/>
  <system-out/>
  <testcase classname="Page_Test.Home_Page_Test" name="TC035_Verify_Dealer_Locator" time="4.628"/>
  <system-out/>
  <testcase classname="Page_Test.Home_Page_Test" name="TC036_Select_city" time="2.815"/>
  <system-out/>
  <testcase classname="Page_Test.Home_Page_Test" name="TC037_View_dealer_name_and_address" time="26.541"/>
  <system-out/>
  <testcase classname="Page_Test.Home_Page_Test" name="TC038_verify_Service_at_home_page" time="59.501"/>
  <system-out/>
  <testcase classname="Page_Test.Home_Page_Test" name="TC039_verify_Active_Booking_at_home_page" time="27.234"/>
  <system-out/>
  <testcase classname="Page_Test.Home_Page_Test" name="TC040_verify_EShop" time="30.528"/>
  <system-out/>
  <testcase classname="Page_Test.Home_Page_Test" name="TC041_verify_Benifits_Vehicle_Exchange" time="13.580"/>
  <system-out/>
</testsuite> <!-- Page_Test.Home_Page_Test -->
