<?xml version="1.0" encoding="UTF-8"?>
<!-- Generated by org.testng.reporters.JUnitReportReporter -->
<testsuite hostname="DESKTOP-3VDDFOT" failures="0" tests="2" name="Page_Test.Safety_Measures_and_Symbols_Glossary_Test" time="276.198" errors="0" timestamp="2024-07-30T10:10:29 IST" skipped="0">
  <testcase classname="Page_Test.Safety_Measures_and_Symbols_Glossary_Test" name="TC066_Verify_Safety_Measures" time="41.432"/>
  <system-out/>
  <testcase classname="Page_Test.Safety_Measures_and_Symbols_Glossary_Test" name="TC067_Verify_Symbols_Glossary" time="234.766"/>
  <system-out/>
</testsuite> <!-- Page_Test.Safety_Measures_and_Symbols_Glossary_Test -->
