<?xml version="1.0" encoding="UTF-8"?>
<!-- Generated by org.testng.reporters.JUnitReportReporter -->
<testsuite hostname="DESKTOP-DC5U0BQ" failures="0" tests="11" name="Page_Test.Home_Page_Test" time="305.044" errors="0" timestamp="2023-12-11T21:26:01 IST" skipped="0">
  <testcase classname="Page_Test.Home_Page_Test" name="TC017_Home_page_verify" time="37.099"/>
  <testcase classname="Page_Test.Home_Page_Test" name="TC018__verify_Navigate" time="27.129"/>
  <testcase classname="Page_Test.Home_Page_Test" name="TC019_Verify_Documents" time="31.305"/>
  <testcase classname="Page_Test.Home_Page_Test" name="TC020_Verify_Relationship_Manager" time="19.468"/>
  <testcase classname="Page_Test.Home_Page_Test" name="TC021_Verify_RSA" time="17.202"/>
  <testcase classname="Page_Test.Home_Page_Test" name="TC022_Renew_RSA" time="15.393"/>
  <testcase classname="Page_Test.Home_Page_Test" name="TC023_frequently_asked_questions" time="87.893"/>
  <testcase classname="Page_Test.Home_Page_Test" name="TC024_Verify_Technical_Support_Manager" time="7.404"/>
  <testcase classname="Page_Test.Home_Page_Test" name="TC025_Verify_Dealer_Locator" time="12.418"/>
  <testcase classname="Page_Test.Home_Page_Test" name="TC026_Select_city" time="34.098"/>
  <testcase classname="Page_Test.Home_Page_Test" name="TC027_View_dealer_name_and_address" time="15.635"/>
</testsuite> <!-- Page_Test.Home_Page_Test -->
