<?xml version="1.0" encoding="UTF-8"?>
<!-- Generated by org.testng.reporters.JUnitReportReporter -->
<testsuite hostname="DESKTOP-3VDDFOT" failures="0" tests="13" name="Page_Test.Login_Page_Test" time="276.690" errors="0" timestamp="2024-07-30T10:10:29 IST" skipped="0">
  <testcase classname="Page_Test.Login_Page_Test" name="TC001_Verify_Login_with_Invalid_credential" time="11.065"/>
  <system-out/>
  <testcase classname="Page_Test.Login_Page_Test" name="TC002_invalidmobileno" time="12.819"/>
  <system-out/>
  <testcase classname="Page_Test.Login_Page_Test" name="TC003_verify_update_number" time="20.408"/>
  <system-out/>
  <testcase classname="Page_Test.Login_Page_Test" name="TC004_Verify_Login_with_short_length_of_mobile_number_credential" time="6.458"/>
  <system-out/>
  <testcase classname="Page_Test.Login_Page_Test" name="TC005_max_digit_mobile_number" time="7.443"/>
  <system-out/>
  <testcase classname="Page_Test.Login_Page_Test" name="TC006_Terms_of_use_button" time="16.601"/>
  <system-out/>
  <testcase classname="Page_Test.Login_Page_Test" name="TC007_Privacy_policy" time="15.830"/>
  <system-out/>
  <testcase classname="Page_Test.Login_Page_Test" name="TC008_contact_Us" time="7.013"/>
  <system-out/>
  <testcase classname="Page_Test.Login_Page_Test" name="TC009_Continue_as_guest" time="51.564"/>
  <system-out/>
  <testcase classname="Page_Test.Login_Page_Test" name="TC010_Verify_Login_with_valid_credential" time="39.895"/>
  <system-out/>
  <testcase classname="Page_Test.Login_Page_Test" name="TC011_resend_butn" time="20.685"/>
  <system-out/>
  <testcase classname="Page_Test.Login_Page_Test" name="TC012_inavalid_OTP" time="23.864"/>
  <system-out/>
  <testcase classname="Page_Test.Login_Page_Test" name="TC013_edit_moble" time="43.045"/>
  <system-out/>
</testsuite> <!-- Page_Test.Login_Page_Test -->
