<?xml version="1.0" encoding="UTF-8"?>
<!-- Generated by org.testng.reporters.JUnitReportReporter -->
<testsuite hostname="DESKTOP-DC5U0BQ" failures="0" tests="11" name="Page_Test.Login_Page_Test" time="187.820" errors="0" timestamp="2024-02-19T18:32:50 IST" skipped="0">
  <testcase classname="Page_Test.Login_Page_Test" name="TC001_Verify_Login_with_Invalid_credential" time="19.045"/>
  <testcase classname="Page_Test.Login_Page_Test" name="TC002_invalidmobileno" time="9.681"/>
  <testcase classname="Page_Test.Login_Page_Test" name="TC003_Verify_Login_with_short_length_of_mobile_number_credential" time="4.023"/>
  <testcase classname="Page_Test.Login_Page_Test" name="TC004_max_digit_mobile_number" time="5.601"/>
  <testcase classname="Page_Test.Login_Page_Test" name="TC005_Terms_of_use_button" time="14.047"/>
  <testcase classname="Page_Test.Login_Page_Test" name="TC006_Privacy_policy" time="10.377"/>
  <testcase classname="Page_Test.Login_Page_Test" name="TC007_contact_Us" time="6.118"/>
  <testcase classname="Page_Test.Login_Page_Test" name="TC008_Verify_Login_with_valid_credential" time="37.906"/>
  <testcase classname="Page_Test.Login_Page_Test" name="TC009_resend_butn" time="19.952"/>
  <testcase classname="Page_Test.Login_Page_Test" name="TC010_inavalid_OTP" time="19.893"/>
  <testcase classname="Page_Test.Login_Page_Test" name="TC011_edit_moble" time="41.177"/>
</testsuite> <!-- Page_Test.Login_Page_Test -->
