<?xml version="1.0" encoding="UTF-8"?>
<!-- Generated by org.testng.reporters.JUnitReportReporter -->
<testsuite hostname="users-MacBook-Pro.local" failures="0" tests="12" name="Page_Test.GoodLifePage_Test" time="616.096" errors="0" timestamp="2024-08-01T11:29:14 IST" skipped="0">
  <testcase classname="Page_Test.GoodLifePage_Test" name="TC109_Verify_goodlife_info" time="38.596"/>
  <system-out/>
  <testcase classname="Page_Test.GoodLifePage_Test" name="TC110_View_All_Membership_Plan" time="163.451"/>
  <system-out/>
  <testcase classname="Page_Test.GoodLifePage_Test" name="TC111_Become_a_Gold_Member" time="57.693"/>
  <system-out/>
  <testcase classname="Page_Test.GoodLifePage_Test" name="TC112_Verify_Membership_Information" time="21.478"/>
  <system-out/>
  <testcase classname="Page_Test.GoodLifePage_Test" name="TC113_Earning_and_Redemption_History" time="26.685"/>
  <system-out/>
  <testcase classname="Page_Test.GoodLifePage_Test" name="TC114_Complete_Profile" time="16.324"/>
  <system-out/>
  <testcase classname="Page_Test.GoodLifePage_Test" name="TC115_Verify_Welcome_Rewards" time="15.333"/>
  <system-out/>
  <testcase classname="Page_Test.GoodLifePage_Test" name="TC116_Verify_refer_friend_in_Goodlife" time="66.175"/>
  <system-out/>
  <testcase classname="Page_Test.GoodLifePage_Test" name="TC117_Verify_Winner_Of_The_Month" time="39.478"/>
  <system-out/>
  <testcase classname="Page_Test.GoodLifePage_Test" name="TC118_verify_Points_Earning_and_Redemption" time="95.607"/>
  <system-out/>
  <testcase classname="Page_Test.GoodLifePage_Test" name="TC119_verify_Service_Privilegers" time="29.412"/>
  <system-out/>
  <testcase classname="Page_Test.GoodLifePage_Test" name="TC120_verify_Benefits_and_Experiences" time="45.864"/>
  <system-out/>
</testsuite> <!-- Page_Test.GoodLifePage_Test -->
