<?xml version="1.0" encoding="UTF-8"?>
<!-- Generated by org.testng.reporters.JUnitReportReporter -->
<testsuite hostname="users-MacBook-Pro.local" failures="0" tests="12" name="Page_Test.Refer_a_friend_and_Contact_us_test" time="262.963" errors="0" timestamp="2024-08-01T11:29:14 IST" skipped="0">
  <testcase classname="Page_Test.Refer_a_friend_and_Contact_us_test" name="TC054_Refer_a_friend" time="23.906"/>
  <system-out/>
  <testcase classname="Page_Test.Refer_a_friend_and_Contact_us_test" name="TC055_Verify_Select_State" time="19.388"/>
  <system-out/>
  <testcase classname="Page_Test.Refer_a_friend_and_Contact_us_test" name="TC056_Verify_Select_City" time="6.473"/>
  <system-out/>
  <testcase classname="Page_Test.Refer_a_friend_and_Contact_us_test" name="TC057_Verify_Select_Model" time="30.417"/>
  <system-out/>
  <testcase classname="Page_Test.Refer_a_friend_and_Contact_us_test" name="TC058_Verify_Refer_yourself" time="62.489"/>
  <system-out/>
  <testcase classname="Page_Test.Refer_a_friend_and_Contact_us_test" name="TC059_Verify_Facebook_in_Contact_us_page" time="28.193"/>
  <system-out/>
  <testcase classname="Page_Test.Refer_a_friend_and_Contact_us_test" name="TC060_Verify_instagram_in_Contact_us_page" time="9.171"/>
  <system-out/>
  <testcase classname="Page_Test.Refer_a_friend_and_Contact_us_test" name="TC061_Verify_Whatsapp_in_Contact_us_page" time="2.246"/>
  <system-out/>
  <testcase classname="Page_Test.Refer_a_friend_and_Contact_us_test" name="TC062_Verify_youTube_in_Contact_us_page" time="10.165"/>
  <system-out/>
  <testcase classname="Page_Test.Refer_a_friend_and_Contact_us_test" name="TC063_Verify_Linkedin_in_Contact_us_page" time="35.152"/>
  <system-out/>
  <testcase classname="Page_Test.Refer_a_friend_and_Contact_us_test" name="TC064_Verify_twitter_in_Contact_us_page" time="20.154"/>
  <system-out/>
  <testcase classname="Page_Test.Refer_a_friend_and_Contact_us_test" name="TC065_Verify_Contact_via_Email" time="15.209"/>
  <system-out/>
</testsuite> <!-- Page_Test.Refer_a_friend_and_Contact_us_test -->
