<?xml version="1.0" encoding="UTF-8"?>
<!-- Generated by org.testng.reporters.JUnitReportReporter -->
<testsuite hostname="DESKTOP-DC5U0BQ" failures="0" tests="11" name="Page_Test.Home_Page_Test" time="303.960" errors="0" timestamp="2023-12-12T17:51:09 IST" skipped="0">
  <testcase classname="Page_Test.Home_Page_Test" name="TC017_Home_page_verify" time="36.663"/>
  <testcase classname="Page_Test.Home_Page_Test" name="TC018__verify_Navigate" time="26.153"/>
  <testcase classname="Page_Test.Home_Page_Test" name="TC019_Verify_Documents" time="30.434"/>
  <testcase classname="Page_Test.Home_Page_Test" name="TC020_Verify_Relationship_Manager" time="20.815"/>
  <testcase classname="Page_Test.Home_Page_Test" name="TC021_Verify_RSA" time="17.153"/>
  <testcase classname="Page_Test.Home_Page_Test" name="TC022_Renew_RSA" time="16.087"/>
  <testcase classname="Page_Test.Home_Page_Test" name="TC023_frequently_asked_questions" time="87.813"/>
  <testcase classname="Page_Test.Home_Page_Test" name="TC024_Verify_Technical_Support_Manager" time="6.911"/>
  <testcase classname="Page_Test.Home_Page_Test" name="TC025_Verify_Dealer_Locator" time="12.092"/>
  <testcase classname="Page_Test.Home_Page_Test" name="TC026_Select_city" time="34.295"/>
  <testcase classname="Page_Test.Home_Page_Test" name="TC027_View_dealer_name_and_address" time="15.544"/>
</testsuite> <!-- Page_Test.Home_Page_Test -->
