<?xml version="1.0" encoding="UTF-8"?>
<!-- Generated by org.testng.reporters.JUnitReportReporter -->
<testsuite hostname="users-MacBook-Pro.local" failures="0" tests="31" name="Page_Test.Services_Page_Test" time="2406.977" errors="0" timestamp="2024-08-06T10:12:32 IST" skipped="0">
  <testcase classname="Page_Test.Services_Page_Test" name="TC078_Vehicle_details_on_service_page" time="8.538"/>
  <system-out/>
  <testcase classname="Page_Test.Services_Page_Test" name="TC079_Book_Service" time="83.568"/>
  <system-out/>
  <testcase classname="Page_Test.Services_Page_Test" name="TC080_Review_Service_Details" time="18.301"/>
  <system-out/>
  <testcase classname="Page_Test.Services_Page_Test" name="TC081_Verify_Serviced_book_information" time="21.423"/>
  <system-out/>
  <testcase classname="Page_Test.Services_Page_Test" name="TC082_verify_service_type" time="7.780"/>
  <system-out/>
  <testcase classname="Page_Test.Services_Page_Test" name="TC083_verify_Dealer_information" time="8.703"/>
  <system-out/>
  <testcase classname="Page_Test.Services_Page_Test" name="TC084_verify_Reschedule_Service" time="69.287"/>
  <system-out/>
  <testcase classname="Page_Test.Services_Page_Test" name="TC085_Verify_Reschedule_service_information" time="33.378"/>
  <system-out/>
  <testcase classname="Page_Test.Services_Page_Test" name="TC086_verify_Cancel_Service" time="25.861"/>
  <system-out/>
  <testcase classname="Page_Test.Services_Page_Test" name="TC087_View_Service_schedule_750" time="102.412"/>
  <system-out/>
  <testcase classname="Page_Test.Services_Page_Test" name="TC088_View_Service_schedule_3500" time="93.255"/>
  <system-out/>
  <testcase classname="Page_Test.Services_Page_Test" name="TC089_View_Service_schedule_6500" time="89.902"/>
  <system-out/>
  <testcase classname="Page_Test.Services_Page_Test" name="TC090_View_Service_schedule_9500" time="89.780"/>
  <system-out/>
  <testcase classname="Page_Test.Services_Page_Test" name="TC091_View_Service_schedule_12500" time="99.798"/>
  <system-out/>
  <testcase classname="Page_Test.Services_Page_Test" name="TC092_View_Service_schedule_15500" time="95.923"/>
  <system-out/>
  <testcase classname="Page_Test.Services_Page_Test" name="TC093_View_Service_schedule_18500" time="87.933"/>
  <system-out/>
  <testcase classname="Page_Test.Services_Page_Test" name="TC094_View_Service_schedule_21500" time="92.076"/>
  <system-out/>
  <testcase classname="Page_Test.Services_Page_Test" name="TC095_View_Service_schedule_24500" time="89.350"/>
  <system-out/>
  <testcase classname="Page_Test.Services_Page_Test" name="TC096_View_Service_schedule_27500" time="102.422"/>
  <system-out/>
  <testcase classname="Page_Test.Services_Page_Test" name="TC097_View_Service_schedule_60_days" time="94.844"/>
  <system-out/>
  <testcase classname="Page_Test.Services_Page_Test" name="TC098_View_Service_schedule_160_days" time="95.414"/>
  <system-out/>
  <testcase classname="Page_Test.Services_Page_Test" name="TC099_View_Service_schedule_260_days" time="93.001"/>
  <system-out/>
  <testcase classname="Page_Test.Services_Page_Test" name="TC100_View_Service_schedule_360_days" time="92.836"/>
  <system-out/>
  <testcase classname="Page_Test.Services_Page_Test" name="TC101_View_Service_schedule_460_days" time="100.081"/>
  <system-out/>
  <testcase classname="Page_Test.Services_Page_Test" name="TC102_View_Service_schedule_560_days" time="94.389"/>
  <system-out/>
  <testcase classname="Page_Test.Services_Page_Test" name="TC103_View_Service_schedule_660_days" time="90.286"/>
  <system-out/>
  <testcase classname="Page_Test.Services_Page_Test" name="TC104_View_Service_schedule_760_days" time="91.569"/>
  <system-out/>
  <testcase classname="Page_Test.Services_Page_Test" name="TC105_View_Service_schedule_860_days" time="94.650"/>
  <system-out/>
  <testcase classname="Page_Test.Services_Page_Test" name="TC106_Verify_Last_Serviced" time="11.730"/>
  <system-out/>
  <testcase classname="Page_Test.Services_Page_Test" name="TC107_Verify_all_tips_list" time="263.452"/>
  <system-out/>
  <testcase classname="Page_Test.Services_Page_Test" name="TC108_Verify_all_DIY_Videos_list" time="65.035"/>
  <system-out/>
</testsuite> <!-- Page_Test.Services_Page_Test -->
