<?xml version="1.0" encoding="UTF-8"?>
<!-- Generated by org.testng.reporters.JUnitReportReporter -->
<testsuite hostname="DESKTOP-DC5U0BQ" failures="0" tests="11" name="Page_Test.Login_Page_Test" time="191.531" errors="0" timestamp="2024-02-02T20:52:54 IST" skipped="0">
  <testcase classname="Page_Test.Login_Page_Test" name="TC001_Verify_Login_with_Invalid_credential" time="19.463"/>
  <testcase classname="Page_Test.Login_Page_Test" name="TC002_invalidmobileno" time="11.539"/>
  <testcase classname="Page_Test.Login_Page_Test" name="TC003_Verify_Login_with_short_length_of_mobile_number_credential" time="4.862"/>
  <testcase classname="Page_Test.Login_Page_Test" name="TC004_max_digit_mobile_number" time="6.351"/>
  <testcase classname="Page_Test.Login_Page_Test" name="TC005_Terms_of_use_button" time="13.311"/>
  <testcase classname="Page_Test.Login_Page_Test" name="TC006_Privacy_policy" time="8.301"/>
  <testcase classname="Page_Test.Login_Page_Test" name="TC007_contact_Us" time="5.812"/>
  <testcase classname="Page_Test.Login_Page_Test" name="TC008_Verify_Login_with_valid_credential" time="37.536"/>
  <testcase classname="Page_Test.Login_Page_Test" name="TC009_resend_butn" time="20.195"/>
  <testcase classname="Page_Test.Login_Page_Test" name="TC010_inavalid_OTP" time="21.492"/>
  <testcase classname="Page_Test.Login_Page_Test" name="TC011_edit_moble" time="42.669"/>
</testsuite> <!-- Page_Test.Login_Page_Test -->
