<?xml version="1.0" encoding="UTF-8"?>
<!-- Generated by org.testng.reporters.JUnitReportReporter -->
<testsuite hostname="DESKTOP-VIGFA1G" failures="0" tests="10" name="Page_Test.Feedback_and_About_Hero_test" time="208.025" errors="0" timestamp="2024-03-29T10:07:31 IST" skipped="0">
  <testcase classname="Page_Test.Feedback_and_About_Hero_test" name="TC066_Verify_App_Related_Feedback" time="25.890"/>
  <system-out/>
  <testcase classname="Page_Test.Feedback_and_About_Hero_test" name="TC067_Verify_Sales_Feedback" time="13.746"/>
  <system-out/>
  <testcase classname="Page_Test.Feedback_and_About_Hero_test" name="TC068_Verify_Service_Feedback" time="12.675"/>
  <system-out/>
  <testcase classname="Page_Test.Feedback_and_About_Hero_test" name="TC069_Verify_Parts_Feedback" time="14.283"/>
  <system-out/>
  <testcase classname="Page_Test.Feedback_and_About_Hero_test" name="TC070_Verify_Goodlife_Feedback" time="14.204"/>
  <system-out/>
  <testcase classname="Page_Test.Feedback_and_About_Hero_test" name="TC071_Verify_Suggestions_Feedback" time="18.627"/>
  <system-out/>
  <testcase classname="Page_Test.Feedback_and_About_Hero_test" name="TC072_verify_About_Hero" time="19.436"/>
  <system-out/>
  <testcase classname="Page_Test.Feedback_and_About_Hero_test" name="TC073_verify_Side_menu_page_function" time="13.589"/>
  <system-out/>
  <testcase classname="Page_Test.Feedback_and_About_Hero_test" name="TC074_Wheels_of_Trust" time="35.515"/>
  <system-out/>
  <testcase classname="Page_Test.Feedback_and_About_Hero_test" name="TC075_Verify_joyride" time="40.060"/>
  <system-out/>
</testsuite> <!-- Page_Test.Feedback_and_About_Hero_test -->
