<?xml version="1.0" encoding="UTF-8"?>
<!-- Generated by org.testng.reporters.JUnitReportReporter -->
<testsuite hostname="users-MacBook-Pro.local" failures="0" tests="5" name="Page_Test.Vehicle_Details_test" time="151.844" errors="0" timestamp="2024-08-01T11:29:14 IST" skipped="0">
  <testcase classname="Page_Test.Vehicle_Details_test" name="TC049_Verify_My_Vehicle" time="21.384"/>
  <system-out/>
  <testcase classname="Page_Test.Vehicle_Details_test" name="TC050_Verify_My_Vehicle_Documents" time="28.138"/>
  <system-out/>
  <testcase classname="Page_Test.Vehicle_Details_test" name="TC051_Verify_My_Vehicle_Subscriptions_details" time="40.036"/>
  <system-out/>
  <testcase classname="Page_Test.Vehicle_Details_test" name="TC052_Verify_Owners_Manual" time="44.746"/>
  <system-out/>
  <testcase classname="Page_Test.Vehicle_Details_test" name="TC053_Verify_Tips_and_DIY_videos_inside_sideMenu" time="17.540"/>
  <system-out/>
</testsuite> <!-- Page_Test.Vehicle_Details_test -->
