<?xml version="1.0" encoding="UTF-8"?>
<!-- Generated by org.testng.reporters.JUnitReportReporter -->
<testsuite hostname="DESKTOP-DC5U0BQ" failures="0" tests="5" name="Page_Test.Feedback_and_About_Hero_test" time="149.017" errors="0" timestamp="2023-12-11T21:26:01 IST" skipped="0">
  <testcase classname="Page_Test.Feedback_and_About_Hero_test" name="TC055_verify_Feedback" time="38.870"/>
  <testcase classname="Page_Test.Feedback_and_About_Hero_test" name="TC056_verify_About_Hero" time="18.296"/>
  <testcase classname="Page_Test.Feedback_and_About_Hero_test" name="TC057_verify_Side_menu_page_function" time="15.856"/>
  <testcase classname="Page_Test.Feedback_and_About_Hero_test" name="TC058_Wheels_of_Trust" time="43.077"/>
  <testcase classname="Page_Test.Feedback_and_About_Hero_test" name="TC065_Verify_joyride" time="32.918"/>
</testsuite> <!-- Page_Test.Feedback_and_About_Hero_test -->
