<?xml version="1.0" encoding="UTF-8"?>
<!-- Generated by org.testng.reporters.JUnitReportReporter -->
<testsuite hostname="DESKTOP-3VDDFOT" failures="0" tests="5" name="Page_Test.Select_Vehicle_Page_Test" time="84.142" errors="0" timestamp="2024-07-22T14:26:43 IST" skipped="0">
  <testcase classname="Page_Test.Select_Vehicle_Page_Test" name="TC014_verify_Nick_Name" time="16.178"/>
  <system-out/>
  <testcase classname="Page_Test.Select_Vehicle_Page_Test" name="TC015_Verify_With_30_letter_nick_name" time="10.305"/>
  <system-out/>
  <testcase classname="Page_Test.Select_Vehicle_Page_Test" name="TC016_Verify_With_31_letter_nick_name" time="11.147"/>
  <system-out/>
  <testcase classname="Page_Test.Select_Vehicle_Page_Test" name="TC017_Verify_With_29_letter_nick_name" time="10.980"/>
  <system-out/>
  <testcase classname="Page_Test.Select_Vehicle_Page_Test" name="TC018_Select_Vehicle" time="35.532"/>
  <system-out/>
</testsuite> <!-- Page_Test.Select_Vehicle_Page_Test -->
