<?xml version="1.0" encoding="UTF-8"?>
<!-- Generated by org.testng.reporters.JUnitReportReporter -->
<testsuite hostname="DESKTOP-DC5U0BQ" failures="0" tests="2" name="Page_Test.E_Shop_test" time="95.068" errors="0" timestamp="2024-02-19T14:23:39 IST" skipped="0">
  <testcase classname="Page_Test.E_Shop_test" name="TC111_registered_customers" time="35.219"/>
  <testcase classname="Page_Test.E_Shop_test" name="TC112_new_customers" time="59.849"/>
</testsuite> <!-- Page_Test.E_Shop_test -->
