<?xml version="1.0" encoding="UTF-8"?>
<!-- Generated by org.testng.reporters.JUnitReportReporter -->
<testsuite hostname="DESKTOP-DC5U0BQ" failures="0" tests="5" name="Page_Test.Select_Vehicle_Page_Test" time="67.733" errors="0" timestamp="2024-02-19T14:23:39 IST" skipped="0">
  <testcase classname="Page_Test.Select_Vehicle_Page_Test" name="TC012_verify_Nick_Name" time="15.846"/>
  <testcase classname="Page_Test.Select_Vehicle_Page_Test" name="TC013_Verify_With_30_letter_nick_name" time="10.952"/>
  <testcase classname="Page_Test.Select_Vehicle_Page_Test" name="TC014_Verify_With_31_letter_nick_name" time="10.721"/>
  <testcase classname="Page_Test.Select_Vehicle_Page_Test" name="TC015_Verify_With_29_letter_nick_name" time="12.261"/>
  <testcase classname="Page_Test.Select_Vehicle_Page_Test" name="TC016_Select_Vehicle" time="17.953"/>
</testsuite> <!-- Page_Test.Select_Vehicle_Page_Test -->
