<?xml version="1.0" encoding="UTF-8"?>
<!-- Generated by org.testng.reporters.JUnitReportReporter -->
<testsuite hostname="DESKTOP-3VDDFOT" failures="0" tests="1" name="Page_Test.E_Shop_test" time="28.126" errors="0" timestamp="2024-07-30T10:10:29 IST" skipped="0">
  <testcase classname="Page_Test.E_Shop_test" name="TC121_registered_customers" time="28.126"/>
  <system-out/>
</testsuite> <!-- Page_Test.E_Shop_test -->
