<?xml version="1.0" encoding="UTF-8"?>
<!-- Generated by org.testng.reporters.JUnitReportReporter -->
<testsuite hostname="users-MacBook-Pro.local" failures="0" tests="7" name="Page_Test.My_Profile_Page_Test" time="263.577" errors="0" timestamp="2024-08-06T10:12:32 IST" skipped="0">
  <testcase classname="Page_Test.My_Profile_Page_Test" name="TC042_Verify_My_Profile" time="22.062"/>
  <system-out/>
  <testcase classname="Page_Test.My_Profile_Page_Test" name="TC043_Degilocker_info_and_my_Vehicles_info" time="13.158"/>
  <system-out/>
  <testcase classname="Page_Test.My_Profile_Page_Test" name="TC044_edit_profile_button" time="65.794"/>
  <system-out/>
  <testcase classname="Page_Test.My_Profile_Page_Test" name="TC045_edit_Personal_Details" time="89.792"/>
  <system-out/>
  <testcase classname="Page_Test.My_Profile_Page_Test" name="TC046_change_original_Personal_Details" time="22.211"/>
  <system-out/>
  <testcase classname="Page_Test.My_Profile_Page_Test" name="TC047_Manage_License" time="7.542"/>
  <system-out/>
  <testcase classname="Page_Test.My_Profile_Page_Test" name="TC048_Verify_emergency_contacts" time="43.018"/>
  <system-out/>
</testsuite> <!-- Page_Test.My_Profile_Page_Test -->
