<?xml version="1.0" encoding="UTF-8"?>
<!-- Generated by org.testng.reporters.JUnitReportReporter -->
<testsuite hostname="DESKTOP-DC5U0BQ" failures="0" tests="11" name="Page_Test.GoodLife_test" time="398.001" errors="0" timestamp="2023-12-12T17:51:09 IST" skipped="0">
  <testcase classname="Page_Test.GoodLife_test" name="TC093_verify_image_in_goodlife_page" time="32.377"/>
  <testcase classname="Page_Test.GoodLife_test" name="TC094_Verify_Pro_Membership" time="22.971"/>
  <testcase classname="Page_Test.GoodLife_test" name="TC095_Verify_Silver_Membership" time="19.993"/>
  <testcase classname="Page_Test.GoodLife_test" name="TC096_Verify_Gold_Membership" time="19.992"/>
  <testcase classname="Page_Test.GoodLife_test" name="TC097_Verify_Platinum_Membership" time="32.059"/>
  <testcase classname="Page_Test.GoodLife_test" name="TC098_View_All_Membership_Plan" time="113.594"/>
  <testcase classname="Page_Test.GoodLife_test" name="TC099_verify_Points_Earning_and_Redemption" time="50.345"/>
  <testcase classname="Page_Test.GoodLife_test" name="TC100_Whats_so_Good_in_Good_life" time="21.022"/>
  <testcase classname="Page_Test.GoodLife_test" name="TC101_Verify_Ultimate_savings" time="27.576"/>
  <testcase classname="Page_Test.GoodLife_test" name="TC102_verify_Exclusive_membership_offers" time="18.567"/>
  <testcase classname="Page_Test.GoodLife_test" name="TC103_verify_Winner_informaton" time="39.505"/>
</testsuite> <!-- Page_Test.GoodLife_test -->
