<?xml version="1.0" encoding="UTF-8"?>
<!-- Generated by org.testng.reporters.JUnitReportReporter -->
<testsuite hostname="DESKTOP-3VDDFOT" failures="0" tests="23" name="Page_Test.Home_Page_Test" time="644.275" errors="0" timestamp="2024-07-25T11:09:02 IST" skipped="0">
  <testcase classname="Page_Test.Home_Page_Test" name="TC019_Home_page_verify" time="34.361"/>
  <system-out/>
  <testcase classname="Page_Test.Home_Page_Test" name="TC020_verify_SOS" time="19.539"/>
  <system-out/>
  <testcase classname="Page_Test.Home_Page_Test" name="TC021_verify_Navigate" time="30.817"/>
  <system-out/>
  <testcase classname="Page_Test.Home_Page_Test" name="TC022_verify_Exchange" time="50.583"/>
  <system-out/>
  <testcase classname="Page_Test.Home_Page_Test" name="TC023_verify_Vehicle_details" time="13.881"/>
  <system-out/>
  <testcase classname="Page_Test.Home_Page_Test" name="TC024_verify_Vehicle_condition" time="49.803"/>
  <system-out/>
  <testcase classname="Page_Test.Home_Page_Test" name="TC025_verify_Vehicle_valution" time="64.299"/>
  <system-out/>
  <testcase classname="Page_Test.Home_Page_Test" name="TC026_Verify_RC_Documents" time="41.673"/>
  <system-out/>
  <testcase classname="Page_Test.Home_Page_Test" name="TC027_Verify_Insurance_Documents" time="29.278"/>
  <system-out/>
  <testcase classname="Page_Test.Home_Page_Test" name="TC028_Verify_PUC_Documents" time="25.601"/>
  <system-out/>
  <testcase classname="Page_Test.Home_Page_Test" name="TC029_Verify_Challans_Documents" time="5.838"/>
  <system-out/>
  <testcase classname="Page_Test.Home_Page_Test" name="TC030_Verify_Relationship_Manager" time="33.174"/>
  <system-out/>
  <testcase classname="Page_Test.Home_Page_Test" name="TC031_Verify_RSA" time="12.694"/>
  <system-out/>
  <testcase classname="Page_Test.Home_Page_Test" name="TC032_Renew_RSA" time="14.834"/>
  <system-out/>
  <testcase classname="Page_Test.Home_Page_Test" name="TC033_frequently_asked_questions" time="46.645"/>
  <system-out/>
  <testcase classname="Page_Test.Home_Page_Test" name="TC034_Verify_Technical_Support_Manager" time="25.654"/>
  <system-out/>
  <testcase classname="Page_Test.Home_Page_Test" name="TC035_Verify_Dealer_Locator" time="4.046"/>
  <system-out/>
  <testcase classname="Page_Test.Home_Page_Test" name="TC036_Select_city" time="3.000"/>
  <system-out/>
  <testcase classname="Page_Test.Home_Page_Test" name="TC037_View_dealer_name_and_address" time="20.181"/>
  <system-out/>
  <testcase classname="Page_Test.Home_Page_Test" name="TC038_verify_Service_at_home_page" time="55.461"/>
  <system-out/>
  <testcase classname="Page_Test.Home_Page_Test" name="TC039_verify_Active_Booking_at_home_page" time="22.052"/>
  <system-out/>
  <testcase classname="Page_Test.Home_Page_Test" name="TC040_verify_EShop" time="23.401"/>
  <system-out/>
  <testcase classname="Page_Test.Home_Page_Test" name="TC041_verify_Benifits_Vehicle_Exchange" time="17.460"/>
  <system-out/>
</testsuite> <!-- Page_Test.Home_Page_Test -->
