<?xml version="1.0" encoding="UTF-8"?>
<!-- Generated by org.testng.reporters.JUnitReportReporter -->
<testsuite hostname="DESKTOP-DC5U0BQ" failures="0" tests="11" name="Page_Test.Login_Page_Test" time="189.236" errors="0" timestamp="2023-12-15T11:17:13 IST" skipped="0">
  <testcase classname="Page_Test.Login_Page_Test" name="TC001_Verify_Login_with_Invalid_credential" time="19.587"/>
  <testcase classname="Page_Test.Login_Page_Test" name="TC002_invalidmobileno" time="9.533"/>
  <testcase classname="Page_Test.Login_Page_Test" name="TC003_Verify_Login_with_short_length_of_mobile_number_credential" time="4.407"/>
  <testcase classname="Page_Test.Login_Page_Test" name="TC004_max_digit_mobile_number" time="5.457"/>
  <testcase classname="Page_Test.Login_Page_Test" name="TC005_Terms_of_use_button" time="13.575"/>
  <testcase classname="Page_Test.Login_Page_Test" name="TC006_Privacy_policy" time="12.305"/>
  <testcase classname="Page_Test.Login_Page_Test" name="TC007_contact_Us" time="7.061"/>
  <testcase classname="Page_Test.Login_Page_Test" name="TC008_Verify_Login_with_valid_credential" time="38.068"/>
  <testcase classname="Page_Test.Login_Page_Test" name="TC009_resend_butn" time="20.459"/>
  <testcase classname="Page_Test.Login_Page_Test" name="TC010_inavalid_OTP" time="19.376"/>
  <testcase classname="Page_Test.Login_Page_Test" name="TC011_edit_moble" time="39.408"/>
</testsuite> <!-- Page_Test.Login_Page_Test -->
