<?xml version="1.0" encoding="UTF-8"?>
<!-- Generated by org.testng.reporters.JUnitReportReporter -->
<testsuite hostname="DESKTOP-DC5U0BQ" failures="0" tests="5" name="Page_Test.Feedback_and_About_Hero_test" time="149.932" errors="0" timestamp="2024-01-09T14:37:24 IST" skipped="0">
  <testcase classname="Page_Test.Feedback_and_About_Hero_test" name="TC066_verify_Feedback" time="41.183"/>
  <testcase classname="Page_Test.Feedback_and_About_Hero_test" name="TC067_verify_About_Hero" time="19.022"/>
  <testcase classname="Page_Test.Feedback_and_About_Hero_test" name="TC068_verify_Side_menu_page_function" time="16.421"/>
  <testcase classname="Page_Test.Feedback_and_About_Hero_test" name="TC069_Wheels_of_Trust" time="42.244"/>
  <testcase classname="Page_Test.Feedback_and_About_Hero_test" name="TC070_Verify_joyride" time="31.062"/>
</testsuite> <!-- Page_Test.Feedback_and_About_Hero_test -->
