<?xml version="1.0" encoding="UTF-8"?>
<!-- Generated by org.testng.reporters.JUnitReportReporter -->
<testsuite hostname="DESKTOP-VIGFA1G" failures="0" tests="20" name="Page_Test.Home_Page_Test" time="698.687" errors="0" timestamp="2024-04-05T15:12:38 IST" skipped="0">
  <testcase classname="Page_Test.Home_Page_Test" name="TC019_Home_page_verify" time="36.913"/>
  <system-out/>
  <testcase classname="Page_Test.Home_Page_Test" name="TC020_verify_SOS" time="16.089"/>
  <system-out/>
  <testcase classname="Page_Test.Home_Page_Test" name="TC021_verify_Navigate" time="25.201"/>
  <system-out/>
  <testcase classname="Page_Test.Home_Page_Test" name="TC022_verify_Exchange" time="35.999"/>
  <system-out/>
  <testcase classname="Page_Test.Home_Page_Test" name="TC023_verify_Vehicle_details" time="13.330"/>
  <system-out/>
  <testcase classname="Page_Test.Home_Page_Test" name="TC024_verify_Vehicle_condition" time="47.431"/>
  <system-out/>
  <testcase classname="Page_Test.Home_Page_Test" name="TC025_verify_Vehicle_valution" time="47.322"/>
  <system-out/>
  <testcase classname="Page_Test.Home_Page_Test" name="TC026_Verify_Documents" time="245.661"/>
  <system-out/>
  <testcase classname="Page_Test.Home_Page_Test" name="TC027_Verify_Relationship_Manager" time="17.932"/>
  <system-out/>
  <testcase classname="Page_Test.Home_Page_Test" name="TC028_Verify_RSA" time="12.181"/>
  <system-out/>
  <testcase classname="Page_Test.Home_Page_Test" name="TC029_Renew_RSA" time="13.389"/>
  <system-out/>
  <testcase classname="Page_Test.Home_Page_Test" name="TC030_frequently_asked_questions" time="39.237"/>
  <system-out/>
  <testcase classname="Page_Test.Home_Page_Test" name="TC031_Verify_Technical_Support_Manager" time="5.976"/>
  <system-out/>
  <testcase classname="Page_Test.Home_Page_Test" name="TC032_Verify_Dealer_Locator" time="13.365"/>
  <system-out/>
  <testcase classname="Page_Test.Home_Page_Test" name="TC033_Select_city" time="37.987"/>
  <system-out/>
  <testcase classname="Page_Test.Home_Page_Test" name="TC034_View_dealer_name_and_address" time="12.609"/>
  <system-out/>
  <testcase classname="Page_Test.Home_Page_Test" name="TC035_verify_Service_at_home_page" time="37.993"/>
  <system-out/>
  <testcase classname="Page_Test.Home_Page_Test" name="TC036_verify_Active_Booking_at_home_page" time="7.507"/>
  <system-out/>
  <testcase classname="Page_Test.Home_Page_Test" name="TC037_verify_EShop" time="20.648"/>
  <system-out/>
  <testcase classname="Page_Test.Home_Page_Test" name="TC038_verify_Benifits_Vehicle_Exchange" time="11.917"/>
  <system-out/>
</testsuite> <!-- Page_Test.Home_Page_Test -->
