<?xml version="1.0" encoding="UTF-8"?>
<!-- Generated by org.testng.reporters.JUnitReportReporter -->
<testsuite hostname="DESKTOP-VIGFA1G" failures="0" tests="11" name="Page_Test.GoodLifePage_Test" time="301.982" errors="0" timestamp="2024-03-29T10:07:31 IST" skipped="0">
  <testcase classname="Page_Test.GoodLifePage_Test" name="TC104_Verify_goodlife_info" time="24.755"/>
  <system-out/>
  <testcase classname="Page_Test.GoodLifePage_Test" name="TC105_View_All_Membership_Plan" time="88.626"/>
  <system-out/>
  <testcase classname="Page_Test.GoodLifePage_Test" name="TC106_Verify_Membership_Information" time="10.787"/>
  <system-out/>
  <testcase classname="Page_Test.GoodLifePage_Test" name="TC107_Earning_and_Redemption_History" time="14.039"/>
  <system-out/>
  <testcase classname="Page_Test.GoodLifePage_Test" name="TC108_Complete_Profile" time="10.626"/>
  <system-out/>
  <testcase classname="Page_Test.GoodLifePage_Test" name="TC109_Verify_Welcome_Rewards" time="8.702"/>
  <system-out/>
  <testcase classname="Page_Test.GoodLifePage_Test" name="TC110_Verify_refer_friend_in_Goodlife" time="36.225"/>
  <system-out/>
  <testcase classname="Page_Test.GoodLifePage_Test" name="TC111_Verify_Winner_Of_The_Month" time="11.089"/>
  <system-out/>
  <testcase classname="Page_Test.GoodLifePage_Test" name="TC112_verify_Points_Earning_and_Redemption" time="57.001"/>
  <system-out/>
  <testcase classname="Page_Test.GoodLifePage_Test" name="TC113_verify_Service_Privilegers" time="20.706"/>
  <system-out/>
  <testcase classname="Page_Test.GoodLifePage_Test" name="TC114_verify_Benefits_and_Experiences" time="19.426"/>
  <system-out/>
</testsuite> <!-- Page_Test.GoodLifePage_Test -->
