<?xml version="1.0" encoding="UTF-8"?>
<!-- Generated by org.testng.reporters.JUnitReportReporter -->
<testsuite hostname="DESKTOP-DC5U0BQ" failures="0" tests="11" name="Page_Test.GoodLife_test" time="401.823" errors="0" timestamp="2023-12-15T11:17:13 IST" skipped="0">
  <testcase classname="Page_Test.GoodLife_test" name="TC094_verify_image_in_goodlife_page" time="19.820"/>
  <testcase classname="Page_Test.GoodLife_test" name="TC095_Verify_Pro_Membership" time="23.444"/>
  <testcase classname="Page_Test.GoodLife_test" name="TC096_Verify_Silver_Membership" time="21.909"/>
  <testcase classname="Page_Test.GoodLife_test" name="TC097_Verify_Gold_Membership" time="21.397"/>
  <testcase classname="Page_Test.GoodLife_test" name="TC098_Verify_Platinum_Membership" time="32.865"/>
  <testcase classname="Page_Test.GoodLife_test" name="TC099_View_All_Membership_Plan" time="119.701"/>
  <testcase classname="Page_Test.GoodLife_test" name="TC100_verify_Points_Earning_and_Redemption" time="48.736"/>
  <testcase classname="Page_Test.GoodLife_test" name="TC101_Whats_so_Good_in_Good_life" time="21.299"/>
  <testcase classname="Page_Test.GoodLife_test" name="TC102_Verify_Ultimate_savings" time="27.436"/>
  <testcase classname="Page_Test.GoodLife_test" name="TC103_verify_Exclusive_membership_offers" time="23.134"/>
  <testcase classname="Page_Test.GoodLife_test" name="TC104_verify_Winner_informaton" time="42.082"/>
</testsuite> <!-- Page_Test.GoodLife_test -->
