<?xml version="1.0" encoding="UTF-8"?>
<!-- Generated by org.testng.reporters.JUnitReportReporter -->
<testsuite hostname="DESKTOP-DC5U0BQ" failures="0" tests="28" name="Page_Test.Services_Page_Test" time="864.976" errors="0" timestamp="2024-01-08T22:04:50 IST" skipped="0">
  <testcase classname="Page_Test.Services_Page_Test" name="TC071_Vehicle_details_on_service_page" time="9.147"/>
  <testcase classname="Page_Test.Services_Page_Test" name="TC072_verify_service_type" time="2.900"/>
  <testcase classname="Page_Test.Services_Page_Test" name="TC073_verify_Dealer_information" time="5.705"/>
  <testcase classname="Page_Test.Services_Page_Test" name="TC074_verify_Reschedule_Service" time="29.072"/>
  <testcase classname="Page_Test.Services_Page_Test" name="TC075_verify_Cancel_Service" time="6.536"/>
  <testcase classname="Page_Test.Services_Page_Test" name="TC076_Verify_dealer_manager_info" time="20.197"/>
  <testcase classname="Page_Test.Services_Page_Test" name="TC077_View_Service_schedule_750" time="35.374"/>
  <testcase classname="Page_Test.Services_Page_Test" name="TC078_View_Service_schedule_3500" time="27.321"/>
  <testcase classname="Page_Test.Services_Page_Test" name="TC079_View_Service_schedule_6500" time="35.091"/>
  <testcase classname="Page_Test.Services_Page_Test" name="TC080_View_Service_schedule_9500" time="27.753"/>
  <testcase classname="Page_Test.Services_Page_Test" name="TC081_View_Service_schedule_12500" time="36.468"/>
  <testcase classname="Page_Test.Services_Page_Test" name="TC082_View_Service_schedule_15500" time="36.274"/>
  <testcase classname="Page_Test.Services_Page_Test" name="TC083_View_Service_schedule_18500" time="26.118"/>
  <testcase classname="Page_Test.Services_Page_Test" name="TC084_View_Service_schedule_21500" time="36.690"/>
  <testcase classname="Page_Test.Services_Page_Test" name="TC085_View_Service_schedule_24500" time="26.728"/>
  <testcase classname="Page_Test.Services_Page_Test" name="TC086_View_Service_schedule_27500" time="36.229"/>
  <testcase classname="Page_Test.Services_Page_Test" name="TC087_View_Service_schedule_60_days" time="35.391"/>
  <testcase classname="Page_Test.Services_Page_Test" name="TC088_View_Service_schedule_160_days" time="27.333"/>
  <testcase classname="Page_Test.Services_Page_Test" name="TC089_View_Service_schedule_260_days" time="35.765"/>
  <testcase classname="Page_Test.Services_Page_Test" name="TC090_View_Service_schedule_360_days" time="25.765"/>
  <testcase classname="Page_Test.Services_Page_Test" name="TC091_View_Service_schedule_460_days" time="36.603"/>
  <testcase classname="Page_Test.Services_Page_Test" name="TC092_View_Service_schedule_560_days" time="33.589"/>
  <testcase classname="Page_Test.Services_Page_Test" name="TC093_View_Service_schedule_660_days" time="26.949"/>
  <testcase classname="Page_Test.Services_Page_Test" name="TC094_View_Service_schedule_760_days" time="36.310"/>
  <testcase classname="Page_Test.Services_Page_Test" name="TC095_View_Service_schedule_860_days" time="28.984"/>
  <testcase classname="Page_Test.Services_Page_Test" name="TC097_Verify_Last_Serviced" time="6.781"/>
  <testcase classname="Page_Test.Services_Page_Test" name="TC098_Verify_all_tips_list" time="115.192"/>
  <testcase classname="Page_Test.Services_Page_Test" name="TC099_Verify_all_DIY_Videos_list" time="58.711"/>
</testsuite> <!-- Page_Test.Services_Page_Test -->
