<?xml version="1.0" encoding="UTF-8"?>
<!-- Generated by org.testng.reporters.JUnitReportReporter -->
<testsuite hostname="DESKTOP-DC5U0BQ" failures="0" tests="12" name="Page_Test.Refer_a_friend_and_Contact_us_test" time="264.141" errors="0" timestamp="2024-01-10T10:04:47 IST" skipped="0">
  <testcase classname="Page_Test.Refer_a_friend_and_Contact_us_test" name="TC052_Refer_a_friend" time="21.001"/>
  <testcase classname="Page_Test.Refer_a_friend_and_Contact_us_test" name="TC053_Verify_Select_State" time="18.863"/>
  <testcase classname="Page_Test.Refer_a_friend_and_Contact_us_test" name="TC054_Verify_Select_City" time="6.379"/>
  <testcase classname="Page_Test.Refer_a_friend_and_Contact_us_test" name="TC055_Verify_Select_Model" time="28.229"/>
  <testcase classname="Page_Test.Refer_a_friend_and_Contact_us_test" name="TC056_Verify_Refer_yourself" time="55.702"/>
  <testcase classname="Page_Test.Refer_a_friend_and_Contact_us_test" name="TC057_Verify_Facebook_in_Contact_us_page" time="51.486"/>
  <testcase classname="Page_Test.Refer_a_friend_and_Contact_us_test" name="TC058_Verify_instagram_in_Contact_us_page" time="14.789"/>
  <testcase classname="Page_Test.Refer_a_friend_and_Contact_us_test" name="TC059_Verify_Whatsapp_in_Contact_us_page" time="7.083"/>
  <testcase classname="Page_Test.Refer_a_friend_and_Contact_us_test" name="TC060_Verify_youTube_in_Contact_us_page" time="7.544"/>
  <testcase classname="Page_Test.Refer_a_friend_and_Contact_us_test" name="TC061_Verify_Linkedin_in_Contact_us_page" time="27.345"/>
  <testcase classname="Page_Test.Refer_a_friend_and_Contact_us_test" name="TC062_Verify_twitter_in_Contact_us_page" time="14.091"/>
  <testcase classname="Page_Test.Refer_a_friend_and_Contact_us_test" name="TC063_Verify_Contact_via_Email" time="11.629"/>
</testsuite> <!-- Page_Test.Refer_a_friend_and_Contact_us_test -->
