<?xml version="1.0" encoding="UTF-8"?>
<!-- Generated by org.testng.reporters.JUnitReportReporter -->
<testsuite hostname="DESKTOP-VIGFA1G" failures="0" tests="5" name="Page_Test.Select_Vehicle_Page_Test" time="102.549" errors="0" timestamp="2024-04-05T15:12:38 IST" skipped="0">
  <testcase classname="Page_Test.Select_Vehicle_Page_Test" name="TC014_verify_Nick_Name" time="15.235"/>
  <system-out/>
  <testcase classname="Page_Test.Select_Vehicle_Page_Test" name="TC015_Verify_With_30_letter_nick_name" time="10.067"/>
  <system-out/>
  <testcase classname="Page_Test.Select_Vehicle_Page_Test" name="TC016_Verify_With_31_letter_nick_name" time="9.254"/>
  <system-out/>
  <testcase classname="Page_Test.Select_Vehicle_Page_Test" name="TC017_Verify_With_29_letter_nick_name" time="9.664"/>
  <system-out/>
  <testcase classname="Page_Test.Select_Vehicle_Page_Test" name="TC018_Select_Vehicle" time="58.329"/>
  <system-out/>
</testsuite> <!-- Page_Test.Select_Vehicle_Page_Test -->
