<?xml version="1.0" encoding="UTF-8"?>
<!-- Generated by org.testng.reporters.JUnitReportReporter -->
<testsuite hostname="DESKTOP-DC5U0BQ" failures="0" tests="7" name="Page_Test.My_Profile_Page_Test" time="247.786" errors="0" timestamp="2023-12-11T21:26:01 IST" skipped="0">
  <testcase classname="Page_Test.My_Profile_Page_Test" name="TC028_Verify_My_Profile" time="16.729"/>
  <testcase classname="Page_Test.My_Profile_Page_Test" name="TC029_verify_more_detais_button" time="6.604"/>
  <testcase classname="Page_Test.My_Profile_Page_Test" name="TC030_edit_profile_button" time="25.155"/>
  <testcase classname="Page_Test.My_Profile_Page_Test" name="TC031_edit_Personal_Details" time="119.314"/>
  <testcase classname="Page_Test.My_Profile_Page_Test" name="TC032_change_original_Personal_Details" time="23.050"/>
  <testcase classname="Page_Test.My_Profile_Page_Test" name="TC033_Manage_License" time="8.582"/>
  <testcase classname="Page_Test.My_Profile_Page_Test" name="TC034_Verify_emergency_contacts" time="48.352"/>
</testsuite> <!-- Page_Test.My_Profile_Page_Test -->
