<?xml version="1.0" encoding="UTF-8"?>
<!-- Generated by org.testng.reporters.JUnitReportReporter -->
<testsuite hostname="DESKTOP-DC5U0BQ" failures="0" tests="5" name="Page_Test.Feedback_and_About_Hero_test" time="142.965" errors="0" timestamp="2024-02-02T20:52:54 IST" skipped="0">
  <testcase classname="Page_Test.Feedback_and_About_Hero_test" name="TC066_verify_Feedback" time="39.950"/>
  <testcase classname="Page_Test.Feedback_and_About_Hero_test" name="TC067_verify_About_Hero" time="19.573"/>
  <testcase classname="Page_Test.Feedback_and_About_Hero_test" name="TC068_verify_Side_menu_page_function" time="15.336"/>
  <testcase classname="Page_Test.Feedback_and_About_Hero_test" name="TC069_Wheels_of_Trust" time="36.220"/>
  <testcase classname="Page_Test.Feedback_and_About_Hero_test" name="TC070_Verify_joyride" time="31.886"/>
</testsuite> <!-- Page_Test.Feedback_and_About_Hero_test -->
