<?xml version="1.0" encoding="UTF-8"?>
<!-- Generated by org.testng.reporters.JUnitReportReporter -->
<testsuite hostname="users-MacBook-Pro.local" failures="0" tests="31" name="Page_Test.Services_Page_Test" time="2421.643" errors="0" timestamp="2024-08-01T11:29:14 IST" skipped="0">
  <testcase classname="Page_Test.Services_Page_Test" name="TC078_Vehicle_details_on_service_page" time="8.754"/>
  <system-out/>
  <testcase classname="Page_Test.Services_Page_Test" name="TC079_Book_Service" time="90.292"/>
  <system-out/>
  <testcase classname="Page_Test.Services_Page_Test" name="TC080_Review_Service_Details" time="21.702"/>
  <system-out/>
  <testcase classname="Page_Test.Services_Page_Test" name="TC081_Verify_Serviced_book_information" time="25.229"/>
  <system-out/>
  <testcase classname="Page_Test.Services_Page_Test" name="TC082_verify_service_type" time="9.013"/>
  <system-out/>
  <testcase classname="Page_Test.Services_Page_Test" name="TC083_verify_Dealer_information" time="10.168"/>
  <system-out/>
  <testcase classname="Page_Test.Services_Page_Test" name="TC084_verify_Reschedule_Service" time="69.771"/>
  <system-out/>
  <testcase classname="Page_Test.Services_Page_Test" name="TC085_Verify_Reschedule_service_information" time="31.659"/>
  <system-out/>
  <testcase classname="Page_Test.Services_Page_Test" name="TC086_verify_Cancel_Service" time="25.001"/>
  <system-out/>
  <testcase classname="Page_Test.Services_Page_Test" name="TC087_View_Service_schedule_750" time="110.990"/>
  <system-out/>
  <testcase classname="Page_Test.Services_Page_Test" name="TC088_View_Service_schedule_3500" time="97.201"/>
  <system-out/>
  <testcase classname="Page_Test.Services_Page_Test" name="TC089_View_Service_schedule_6500" time="96.926"/>
  <system-out/>
  <testcase classname="Page_Test.Services_Page_Test" name="TC090_View_Service_schedule_9500" time="99.669"/>
  <system-out/>
  <testcase classname="Page_Test.Services_Page_Test" name="TC091_View_Service_schedule_12500" time="98.824"/>
  <system-out/>
  <testcase classname="Page_Test.Services_Page_Test" name="TC092_View_Service_schedule_15500" time="99.617"/>
  <system-out/>
  <testcase classname="Page_Test.Services_Page_Test" name="TC093_View_Service_schedule_18500" time="89.820"/>
  <system-out/>
  <testcase classname="Page_Test.Services_Page_Test" name="TC094_View_Service_schedule_21500" time="94.632"/>
  <system-out/>
  <testcase classname="Page_Test.Services_Page_Test" name="TC095_View_Service_schedule_24500" time="89.417"/>
  <system-out/>
  <testcase classname="Page_Test.Services_Page_Test" name="TC096_View_Service_schedule_27500" time="98.685"/>
  <system-out/>
  <testcase classname="Page_Test.Services_Page_Test" name="TC097_View_Service_schedule_60_days" time="94.597"/>
  <system-out/>
  <testcase classname="Page_Test.Services_Page_Test" name="TC098_View_Service_schedule_160_days" time="91.824"/>
  <system-out/>
  <testcase classname="Page_Test.Services_Page_Test" name="TC099_View_Service_schedule_260_days" time="86.821"/>
  <system-out/>
  <testcase classname="Page_Test.Services_Page_Test" name="TC100_View_Service_schedule_360_days" time="90.407"/>
  <system-out/>
  <testcase classname="Page_Test.Services_Page_Test" name="TC101_View_Service_schedule_460_days" time="91.694"/>
  <system-out/>
  <testcase classname="Page_Test.Services_Page_Test" name="TC102_View_Service_schedule_560_days" time="93.217"/>
  <system-out/>
  <testcase classname="Page_Test.Services_Page_Test" name="TC103_View_Service_schedule_660_days" time="85.516"/>
  <system-out/>
  <testcase classname="Page_Test.Services_Page_Test" name="TC104_View_Service_schedule_760_days" time="90.443"/>
  <system-out/>
  <testcase classname="Page_Test.Services_Page_Test" name="TC105_View_Service_schedule_860_days" time="91.368"/>
  <system-out/>
  <testcase classname="Page_Test.Services_Page_Test" name="TC106_Verify_Last_Serviced" time="11.160"/>
  <system-out/>
  <testcase classname="Page_Test.Services_Page_Test" name="TC107_Verify_all_tips_list" time="253.840"/>
  <system-out/>
  <testcase classname="Page_Test.Services_Page_Test" name="TC108_Verify_all_DIY_Videos_list" time="73.386"/>
  <system-out/>
</testsuite> <!-- Page_Test.Services_Page_Test -->
