<?xml version="1.0" encoding="UTF-8"?>
<!-- Generated by org.testng.reporters.JUnitReportReporter -->
<testsuite hostname="DESKTOP-DC5U0BQ" failures="0" tests="6" name="Page_Test.Vehicle_Details_test" time="149.073" errors="0" timestamp="2023-12-15T11:17:13 IST" skipped="0">
  <testcase classname="Page_Test.Vehicle_Details_test" name="TC040_Verify_My_Vehicle" time="45.367"/>
  <testcase classname="Page_Test.Vehicle_Details_test" name="TC041_Verify_My_Vehicle_more_details" time="25.203"/>
  <testcase classname="Page_Test.Vehicle_Details_test" name="TC042_Verify_My_Vehicle_Documents" time="10.623"/>
  <testcase classname="Page_Test.Vehicle_Details_test" name="TC043_Verify_Owners_Manual" time="44.434"/>
  <testcase classname="Page_Test.Vehicle_Details_test" name="TC044_Verify_my_Vehicle_service_History" time="9.315"/>
  <testcase classname="Page_Test.Vehicle_Details_test" name="TC045_Verify_Tips_and_DIY_videos_inside_sideMenu" time="14.131"/>
</testsuite> <!-- Page_Test.Vehicle_Details_test -->
