<?xml version="1.0" encoding="UTF-8"?>
<!-- Generated by org.testng.reporters.JUnitReportReporter -->
<testsuite hostname="DESKTOP-VIGFA1G" failures="0" tests="7" name="Page_Test.My_Profile_Page_Test" time="217.281" errors="0" timestamp="2024-04-05T15:12:38 IST" skipped="0">
  <testcase classname="Page_Test.My_Profile_Page_Test" name="TC039_Verify_My_Profile" time="15.922"/>
  <system-out/>
  <testcase classname="Page_Test.My_Profile_Page_Test" name="TC040_verify_more_detais_button" time="6.559"/>
  <system-out/>
  <testcase classname="Page_Test.My_Profile_Page_Test" name="TC041_edit_profile_button" time="59.804"/>
  <system-out/>
  <testcase classname="Page_Test.My_Profile_Page_Test" name="TC042_edit_Personal_Details" time="77.173"/>
  <system-out/>
  <testcase classname="Page_Test.My_Profile_Page_Test" name="TC043_change_original_Personal_Details" time="21.974"/>
  <system-out/>
  <testcase classname="Page_Test.My_Profile_Page_Test" name="TC044_Manage_License" time="7.894"/>
  <system-out/>
  <testcase classname="Page_Test.My_Profile_Page_Test" name="TC045_Verify_emergency_contacts" time="27.955"/>
  <system-out/>
</testsuite> <!-- Page_Test.My_Profile_Page_Test -->
