<?xml version="1.0" encoding="UTF-8"?>
<!-- Generated by org.testng.reporters.JUnitReportReporter -->
<testsuite hostname="DESKTOP-VIGFA1G" failures="0" tests="10" name="Page_Test.Feedback_and_About_Hero_test" time="219.972" errors="0" timestamp="2024-04-05T15:12:38 IST" skipped="0">
  <testcase classname="Page_Test.Feedback_and_About_Hero_test" name="TC066_Verify_App_Related_Feedback" time="28.116"/>
  <system-out/>
  <testcase classname="Page_Test.Feedback_and_About_Hero_test" name="TC067_Verify_Sales_Feedback" time="14.940"/>
  <system-out/>
  <testcase classname="Page_Test.Feedback_and_About_Hero_test" name="TC068_Verify_Service_Feedback" time="14.887"/>
  <system-out/>
  <testcase classname="Page_Test.Feedback_and_About_Hero_test" name="TC069_Verify_Parts_Feedback" time="14.090"/>
  <system-out/>
  <testcase classname="Page_Test.Feedback_and_About_Hero_test" name="TC070_Verify_Goodlife_Feedback" time="13.662"/>
  <system-out/>
  <testcase classname="Page_Test.Feedback_and_About_Hero_test" name="TC071_Verify_Suggestions_Feedback" time="19.551"/>
  <system-out/>
  <testcase classname="Page_Test.Feedback_and_About_Hero_test" name="TC072_verify_About_Hero" time="21.410"/>
  <system-out/>
  <testcase classname="Page_Test.Feedback_and_About_Hero_test" name="TC073_verify_Side_menu_page_function" time="14.529"/>
  <system-out/>
  <testcase classname="Page_Test.Feedback_and_About_Hero_test" name="TC074_Wheels_of_Trust" time="35.678"/>
  <system-out/>
  <testcase classname="Page_Test.Feedback_and_About_Hero_test" name="TC075_Verify_joyride" time="43.109"/>
  <system-out/>
</testsuite> <!-- Page_Test.Feedback_and_About_Hero_test -->
