<?xml version="1.0" encoding="UTF-8"?>
<!-- Generated by org.testng.reporters.JUnitReportReporter -->
<testsuite hostname="DESKTOP-VIGFA1G" failures="0" tests="5" name="Page_Test.Vehicle_Details_test" time="219.519" errors="0" timestamp="2024-04-01T18:48:23 IST" skipped="0">
  <testcase classname="Page_Test.Vehicle_Details_test" name="TC046_Verify_My_Vehicle" time="111.591"/>
  <system-out/>
  <testcase classname="Page_Test.Vehicle_Details_test" name="TC047_Verify_My_Vehicle_Documents" time="27.688"/>
  <system-out/>
  <testcase classname="Page_Test.Vehicle_Details_test" name="TC048_Verify_My_Vehicle_Subscriptions_details" time="28.409"/>
  <system-out/>
  <testcase classname="Page_Test.Vehicle_Details_test" name="TC049_Verify_Owners_Manual" time="38.356"/>
  <system-out/>
  <testcase classname="Page_Test.Vehicle_Details_test" name="TC051_Verify_Tips_and_DIY_videos_inside_sideMenu" time="13.475"/>
  <system-out/>
</testsuite> <!-- Page_Test.Vehicle_Details_test -->
