<?xml version="1.0" encoding="UTF-8"?>
<!-- Generated by org.testng.reporters.JUnitReportReporter -->
<testsuite hostname="DESKTOP-DC5U0BQ" failures="0" tests="11" name="Page_Test.GoodLife_test" time="400.127" errors="0" timestamp="2024-02-02T20:52:54 IST" skipped="0">
  <testcase classname="Page_Test.GoodLife_test" name="TC100_verify_image_in_goodlife_page" time="19.870"/>
  <testcase classname="Page_Test.GoodLife_test" name="TC101_Verify_Pro_Membership" time="23.220"/>
  <testcase classname="Page_Test.GoodLife_test" name="TC102_Verify_Silver_Membership" time="21.985"/>
  <testcase classname="Page_Test.GoodLife_test" name="TC103_Verify_Gold_Membership" time="21.451"/>
  <testcase classname="Page_Test.GoodLife_test" name="TC104_Verify_Platinum_Membership" time="42.720"/>
  <testcase classname="Page_Test.GoodLife_test" name="TC105_View_All_Membership_Plan" time="83.342"/>
  <testcase classname="Page_Test.GoodLife_test" name="TC106_verify_Points_Earning_and_Redemption" time="44.926"/>
  <testcase classname="Page_Test.GoodLife_test" name="TC107_Whats_so_Good_in_Good_life" time="27.530"/>
  <testcase classname="Page_Test.GoodLife_test" name="TC108_Verify_Ultimate_savings" time="27.366"/>
  <testcase classname="Page_Test.GoodLife_test" name="TC109_verify_Exclusive_membership_offers" time="44.737"/>
  <testcase classname="Page_Test.GoodLife_test" name="TC110_verify_Winner_informaton" time="42.980"/>
</testsuite> <!-- Page_Test.GoodLife_test -->
