<?xml version="1.0" encoding="UTF-8"?>
<!-- Generated by org.testng.reporters.JUnitReportReporter -->
<testsuite hostname="DESKTOP-VIGFA1G" failures="0" tests="28" name="Page_Test.Services_Page_Test" time="1233.529" errors="0" timestamp="2024-03-29T10:07:31 IST" skipped="0">
  <testcase classname="Page_Test.Services_Page_Test" name="TC076_Vehicle_details_on_service_page" time="8.929"/>
  <system-out/>
  <testcase classname="Page_Test.Services_Page_Test" name="TC077_verify_service_type" time="5.374"/>
  <system-out/>
  <testcase classname="Page_Test.Services_Page_Test" name="TC078_verify_Dealer_information" time="6.746"/>
  <system-out/>
  <testcase classname="Page_Test.Services_Page_Test" name="TC079_verify_Reschedule_Service" time="37.807"/>
  <system-out/>
  <testcase classname="Page_Test.Services_Page_Test" name="TC080_verify_Cancel_Service" time="6.888"/>
  <system-out/>
  <testcase classname="Page_Test.Services_Page_Test" name="TC081_Verify_dealer_manager_info" time="20.291"/>
  <system-out/>
  <testcase classname="Page_Test.Services_Page_Test" name="TC082_View_Service_schedule_750" time="53.736"/>
  <system-out/>
  <testcase classname="Page_Test.Services_Page_Test" name="TC083_View_Service_schedule_3500" time="50.517"/>
  <system-out/>
  <testcase classname="Page_Test.Services_Page_Test" name="TC084_View_Service_schedule_6500" time="52.700"/>
  <system-out/>
  <testcase classname="Page_Test.Services_Page_Test" name="TC085_View_Service_schedule_9500" time="48.991"/>
  <system-out/>
  <testcase classname="Page_Test.Services_Page_Test" name="TC086_View_Service_schedule_12500" time="55.031"/>
  <system-out/>
  <testcase classname="Page_Test.Services_Page_Test" name="TC087_View_Service_schedule_15500" time="53.026"/>
  <system-out/>
  <testcase classname="Page_Test.Services_Page_Test" name="TC088_View_Service_schedule_18500" time="45.178"/>
  <system-out/>
  <testcase classname="Page_Test.Services_Page_Test" name="TC089_View_Service_schedule_21500" time="53.055"/>
  <system-out/>
  <testcase classname="Page_Test.Services_Page_Test" name="TC090_View_Service_schedule_24500" time="45.284"/>
  <system-out/>
  <testcase classname="Page_Test.Services_Page_Test" name="TC091_View_Service_schedule_27500" time="53.996"/>
  <system-out/>
  <testcase classname="Page_Test.Services_Page_Test" name="TC092_View_Service_schedule_60_days" time="48.047"/>
  <system-out/>
  <testcase classname="Page_Test.Services_Page_Test" name="TC093_View_Service_schedule_160_days" time="46.695"/>
  <system-out/>
  <testcase classname="Page_Test.Services_Page_Test" name="TC094_View_Service_schedule_260_days" time="49.309"/>
  <system-out/>
  <testcase classname="Page_Test.Services_Page_Test" name="TC095_View_Service_schedule_360_days" time="48.790"/>
  <system-out/>
  <testcase classname="Page_Test.Services_Page_Test" name="TC096_View_Service_schedule_460_days" time="57.258"/>
  <system-out/>
  <testcase classname="Page_Test.Services_Page_Test" name="TC097_View_Service_schedule_560_days" time="54.120"/>
  <system-out/>
  <testcase classname="Page_Test.Services_Page_Test" name="TC098_View_Service_schedule_660_days" time="52.658"/>
  <system-out/>
  <testcase classname="Page_Test.Services_Page_Test" name="TC099_View_Service_schedule_760_days" time="56.419"/>
  <system-out/>
  <testcase classname="Page_Test.Services_Page_Test" name="TC100_View_Service_schedule_860_days" time="49.959"/>
  <system-out/>
  <testcase classname="Page_Test.Services_Page_Test" name="TC101_Verify_Last_Serviced" time="7.303"/>
  <system-out/>
  <testcase classname="Page_Test.Services_Page_Test" name="TC102_Verify_all_tips_list" time="112.583"/>
  <system-out/>
  <testcase classname="Page_Test.Services_Page_Test" name="TC103_Verify_all_DIY_Videos_list" time="52.839"/>
  <system-out/>
</testsuite> <!-- Page_Test.Services_Page_Test -->
