<?xml version="1.0" encoding="UTF-8"?>
<!-- Generated by org.testng.reporters.JUnitReportReporter -->
<testsuite hostname="DESKTOP-DC5U0BQ" failures="0" tests="12" name="Page_Test.Refer_a_friend_and_Contact_us_test" time="315.849" errors="0" timestamp="2024-01-15T19:30:49 IST" skipped="0">
  <testcase classname="Page_Test.Refer_a_friend_and_Contact_us_test" name="TC052_Refer_a_friend" time="27.088"/>
  <testcase classname="Page_Test.Refer_a_friend_and_Contact_us_test" name="TC053_Verify_Select_State" time="20.214"/>
  <testcase classname="Page_Test.Refer_a_friend_and_Contact_us_test" name="TC054_Verify_Select_City" time="9.150"/>
  <testcase classname="Page_Test.Refer_a_friend_and_Contact_us_test" name="TC055_Verify_Select_Model" time="32.122"/>
  <testcase classname="Page_Test.Refer_a_friend_and_Contact_us_test" name="TC056_Verify_Refer_yourself" time="66.879"/>
  <testcase classname="Page_Test.Refer_a_friend_and_Contact_us_test" name="TC057_Verify_Facebook_in_Contact_us_page" time="53.859"/>
  <testcase classname="Page_Test.Refer_a_friend_and_Contact_us_test" name="TC058_Verify_instagram_in_Contact_us_page" time="17.983"/>
  <testcase classname="Page_Test.Refer_a_friend_and_Contact_us_test" name="TC059_Verify_Whatsapp_in_Contact_us_page" time="10.833"/>
  <testcase classname="Page_Test.Refer_a_friend_and_Contact_us_test" name="TC060_Verify_youTube_in_Contact_us_page" time="11.044"/>
  <testcase classname="Page_Test.Refer_a_friend_and_Contact_us_test" name="TC061_Verify_Linkedin_in_Contact_us_page" time="34.104"/>
  <testcase classname="Page_Test.Refer_a_friend_and_Contact_us_test" name="TC062_Verify_twitter_in_Contact_us_page" time="17.347"/>
  <testcase classname="Page_Test.Refer_a_friend_and_Contact_us_test" name="TC063_Verify_Contact_via_Email" time="15.226"/>
</testsuite> <!-- Page_Test.Refer_a_friend_and_Contact_us_test -->
