<?xml version="1.0" encoding="UTF-8"?>
<!-- Generated by org.testng.reporters.JUnitReportReporter -->
<testsuite hostname="DESKTOP-DC5U0BQ" failures="0" tests="2" name="Page_Test.E_Shop_test" time="96.862" errors="0" timestamp="2023-12-11T21:26:01 IST" skipped="0">
  <testcase classname="Page_Test.E_Shop_test" name="TC104_registered_customers" time="33.205"/>
  <testcase classname="Page_Test.E_Shop_test" name="TC105_new_customers" time="63.657"/>
</testsuite> <!-- Page_Test.E_Shop_test -->
