<?xml version="1.0" encoding="UTF-8"?>
<!-- Generated by org.testng.reporters.JUnitReportReporter -->
<testsuite hostname="DESKTOP-DC5U0BQ" failures="0" tests="11" name="Page_Test.Login_Page_Test" time="197.890" errors="0" timestamp="2024-01-14T11:32:24 IST" skipped="0">
  <testcase classname="Page_Test.Login_Page_Test" name="TC001_Verify_Login_with_Invalid_credential" time="19.738"/>
  <testcase classname="Page_Test.Login_Page_Test" name="TC002_invalidmobileno" time="11.320"/>
  <testcase classname="Page_Test.Login_Page_Test" name="TC003_Verify_Login_with_short_length_of_mobile_number_credential" time="4.849"/>
  <testcase classname="Page_Test.Login_Page_Test" name="TC004_max_digit_mobile_number" time="6.976"/>
  <testcase classname="Page_Test.Login_Page_Test" name="TC005_Terms_of_use_button" time="13.374"/>
  <testcase classname="Page_Test.Login_Page_Test" name="TC006_Privacy_policy" time="10.541"/>
  <testcase classname="Page_Test.Login_Page_Test" name="TC007_contact_Us" time="5.841"/>
  <testcase classname="Page_Test.Login_Page_Test" name="TC008_Verify_Login_with_valid_credential" time="38.265"/>
  <testcase classname="Page_Test.Login_Page_Test" name="TC009_resend_butn" time="20.436"/>
  <testcase classname="Page_Test.Login_Page_Test" name="TC010_inavalid_OTP" time="23.238"/>
  <testcase classname="Page_Test.Login_Page_Test" name="TC011_edit_moble" time="43.312"/>
</testsuite> <!-- Page_Test.Login_Page_Test -->
