<?xml version="1.0" encoding="UTF-8"?>
<!-- Generated by org.testng.reporters.JUnitReportReporter -->
<testsuite hostname="DESKTOP-DC5U0BQ" failures="0" tests="20" name="Page_Test.Home_Page_Test" time="508.976" errors="0" timestamp="2024-01-10T10:04:47 IST" skipped="0">
  <testcase classname="Page_Test.Home_Page_Test" name="TC017_Home_page_verify" time="36.365"/>
  <testcase classname="Page_Test.Home_Page_Test" name="TC018_verify_SOS" time="17.513"/>
  <testcase classname="Page_Test.Home_Page_Test" name="TC019_verify_Navigate" time="32.909"/>
  <testcase classname="Page_Test.Home_Page_Test" name="TC020_verify_Exchange" time="31.486"/>
  <testcase classname="Page_Test.Home_Page_Test" name="TC021_verify_Vehicle_details" time="14.435"/>
  <testcase classname="Page_Test.Home_Page_Test" name="TC022_verify_Vehicle_condition" time="50.053"/>
  <testcase classname="Page_Test.Home_Page_Test" name="TC023_verify_Vehicle_valution" time="32.825"/>
  <testcase classname="Page_Test.Home_Page_Test" name="TC024_Verify_Documents" time="32.389"/>
  <testcase classname="Page_Test.Home_Page_Test" name="TC025_Verify_Relationship_Manager" time="20.677"/>
  <testcase classname="Page_Test.Home_Page_Test" name="TC026_Verify_RSA" time="13.274"/>
  <testcase classname="Page_Test.Home_Page_Test" name="TC027_Renew_RSA" time="16.026"/>
  <testcase classname="Page_Test.Home_Page_Test" name="TC028_frequently_asked_questions" time="45.521"/>
  <testcase classname="Page_Test.Home_Page_Test" name="TC031_Verify_Technical_Support_Manager" time="9.695"/>
  <testcase classname="Page_Test.Home_Page_Test" name="TC032_Verify_Dealer_Locator" time="14.282"/>
  <testcase classname="Page_Test.Home_Page_Test" name="TC033_Select_city" time="40.821"/>
  <testcase classname="Page_Test.Home_Page_Test" name="TC034_View_dealer_name_and_address" time="15.143"/>
  <testcase classname="Page_Test.Home_Page_Test" name="TC035_verify_Service_at_home_page" time="34.656"/>
  <testcase classname="Page_Test.Home_Page_Test" name="TC036_verify_Latest_at_home_page" time="9.529"/>
  <testcase classname="Page_Test.Home_Page_Test" name="TC037_verify_EShop" time="22.364"/>
  <testcase classname="Page_Test.Home_Page_Test" name="TC038_verify_Benifits_Vehicle_Exchange" time="19.013"/>
</testsuite> <!-- Page_Test.Home_Page_Test -->
