<?xml version="1.0" encoding="UTF-8"?>
<!-- Generated by org.testng.reporters.JUnitReportReporter -->
<testsuite hostname="DESKTOP-VIGFA1G" failures="0" tests="11" name="Page_Test.GoodLifePage_Test" time="366.225" errors="0" timestamp="2024-05-23T17:46:54 IST" skipped="0">
  <testcase classname="Page_Test.GoodLifePage_Test" name="TC104_Verify_goodlife_info" time="36.468"/>
  <system-out/>
  <testcase classname="Page_Test.GoodLifePage_Test" name="TC105_View_All_Membership_Plan" time="102.594"/>
  <system-out/>
  <testcase classname="Page_Test.GoodLifePage_Test" name="TC106_Verify_Membership_Information" time="12.499"/>
  <system-out/>
  <testcase classname="Page_Test.GoodLifePage_Test" name="TC107_Earning_and_Redemption_History" time="18.057"/>
  <system-out/>
  <testcase classname="Page_Test.GoodLifePage_Test" name="TC108_Complete_Profile" time="14.635"/>
  <system-out/>
  <testcase classname="Page_Test.GoodLifePage_Test" name="TC109_Verify_Welcome_Rewards" time="12.997"/>
  <system-out/>
  <testcase classname="Page_Test.GoodLifePage_Test" name="TC110_Verify_refer_friend_in_Goodlife" time="42.019"/>
  <system-out/>
  <testcase classname="Page_Test.GoodLifePage_Test" name="TC111_Verify_Winner_Of_The_Month" time="13.206"/>
  <system-out/>
  <testcase classname="Page_Test.GoodLifePage_Test" name="TC112_verify_Points_Earning_and_Redemption" time="65.881"/>
  <system-out/>
  <testcase classname="Page_Test.GoodLifePage_Test" name="TC113_verify_Service_Privilegers" time="23.465"/>
  <system-out/>
  <testcase classname="Page_Test.GoodLifePage_Test" name="TC114_verify_Benefits_and_Experiences" time="24.404"/>
  <system-out/>
</testsuite> <!-- Page_Test.GoodLifePage_Test -->
