<?xml version="1.0" encoding="UTF-8"?>
<!-- Generated by org.testng.reporters.JUnitReportReporter -->
<testsuite hostname="DESKTOP-3VDDFOT" failures="0" tests="12" name="Page_Test.GoodLifePage_Test" time="338.711" errors="0" timestamp="2024-07-25T13:45:37 IST" skipped="0">
  <testcase classname="Page_Test.GoodLifePage_Test" name="TC109_Verify_goodlife_info" time="107.346"/>
  <system-out/>
  <testcase classname="Page_Test.GoodLifePage_Test" name="TC110_View_All_Membership_Plan" time="56.409"/>
  <system-out/>
  <testcase classname="Page_Test.GoodLifePage_Test" name="TC111_Become_a_Gold_Member" time="24.185"/>
  <system-out/>
  <testcase classname="Page_Test.GoodLifePage_Test" name="TC112_Verify_Membership_Information" time="8.787"/>
  <system-out/>
  <testcase classname="Page_Test.GoodLifePage_Test" name="TC113_Earning_and_Redemption_History" time="10.040"/>
  <system-out/>
  <testcase classname="Page_Test.GoodLifePage_Test" name="TC114_Complete_Profile" time="8.782"/>
  <system-out/>
  <testcase classname="Page_Test.GoodLifePage_Test" name="TC115_Verify_Welcome_Rewards" time="7.847"/>
  <system-out/>
  <testcase classname="Page_Test.GoodLifePage_Test" name="TC116_Verify_refer_friend_in_Goodlife" time="28.903"/>
  <system-out/>
  <testcase classname="Page_Test.GoodLifePage_Test" name="TC117_Verify_Winner_Of_The_Month" time="7.850"/>
  <system-out/>
  <testcase classname="Page_Test.GoodLifePage_Test" name="TC118_verify_Points_Earning_and_Redemption" time="44.844"/>
  <system-out/>
  <testcase classname="Page_Test.GoodLifePage_Test" name="TC119_verify_Service_Privilegers" time="16.643"/>
  <system-out/>
  <testcase classname="Page_Test.GoodLifePage_Test" name="TC120_verify_Benefits_and_Experiences" time="17.075"/>
  <system-out/>
</testsuite> <!-- Page_Test.GoodLifePage_Test -->
