<?xml version="1.0" encoding="UTF-8"?>
<!-- Generated by org.testng.reporters.JUnitReportReporter -->
<testsuite hostname="DESKTOP-3VDDFOT" failures="0" tests="1" name="Page_Test.E_Shop_test" time="30.522" errors="0" timestamp="2024-07-22T14:26:43 IST" skipped="0">
  <testcase classname="Page_Test.E_Shop_test" name="TC119_registered_customers" time="30.522"/>
  <system-out/>
</testsuite> <!-- Page_Test.E_Shop_test -->
