<?xml version="1.0" encoding="UTF-8"?>
<!-- Generated by org.testng.reporters.JUnitReportReporter -->
<testsuite hostname="DESKTOP-DC5U0BQ" failures="0" tests="11" name="Page_Test.GoodLife_test" time="404.781" errors="0" timestamp="2024-01-08T22:04:50 IST" skipped="0">
  <testcase classname="Page_Test.GoodLife_test" name="TC100_verify_image_in_goodlife_page" time="15.800"/>
  <testcase classname="Page_Test.GoodLife_test" name="TC101_Verify_Pro_Membership" time="22.864"/>
  <testcase classname="Page_Test.GoodLife_test" name="TC102_Verify_Silver_Membership" time="21.931"/>
  <testcase classname="Page_Test.GoodLife_test" name="TC103_Verify_Gold_Membership" time="22.706"/>
  <testcase classname="Page_Test.GoodLife_test" name="TC104_Verify_Platinum_Membership" time="47.316"/>
  <testcase classname="Page_Test.GoodLife_test" name="TC105_View_All_Membership_Plan" time="88.413"/>
  <testcase classname="Page_Test.GoodLife_test" name="TC106_verify_Points_Earning_and_Redemption" time="45.673"/>
  <testcase classname="Page_Test.GoodLife_test" name="TC107_Whats_so_Good_in_Good_life" time="24.409"/>
  <testcase classname="Page_Test.GoodLife_test" name="TC108_Verify_Ultimate_savings" time="27.856"/>
  <testcase classname="Page_Test.GoodLife_test" name="TC109_verify_Exclusive_membership_offers" time="43.575"/>
  <testcase classname="Page_Test.GoodLife_test" name="TC110_verify_Winner_informaton" time="44.238"/>
</testsuite> <!-- Page_Test.GoodLife_test -->
