<?xml version="1.0" encoding="UTF-8"?>
<!-- Generated by org.testng.reporters.JUnitReportReporter -->
<testsuite hostname="DESKTOP-3VDDFOT" failures="0" tests="10" name="Page_Test.Feedback_and_About_Hero_test" time="191.093" errors="0" timestamp="2024-07-25T11:09:02 IST" skipped="0">
  <testcase classname="Page_Test.Feedback_and_About_Hero_test" name="TC068_Verify_App_Related_Feedback" time="23.138"/>
  <system-out/>
  <testcase classname="Page_Test.Feedback_and_About_Hero_test" name="TC069_Verify_Sales_Feedback" time="12.593"/>
  <system-out/>
  <testcase classname="Page_Test.Feedback_and_About_Hero_test" name="TC070_Verify_Service_Feedback" time="12.418"/>
  <system-out/>
  <testcase classname="Page_Test.Feedback_and_About_Hero_test" name="TC071_Verify_Parts_Feedback" time="11.981"/>
  <system-out/>
  <testcase classname="Page_Test.Feedback_and_About_Hero_test" name="TC072_Verify_Goodlife_Feedback" time="11.947"/>
  <system-out/>
  <testcase classname="Page_Test.Feedback_and_About_Hero_test" name="TC073_Verify_Suggestions_Feedback" time="16.249"/>
  <system-out/>
  <testcase classname="Page_Test.Feedback_and_About_Hero_test" name="TC074_verify_About_Hero" time="20.678"/>
  <system-out/>
  <testcase classname="Page_Test.Feedback_and_About_Hero_test" name="TC075_verify_Side_menu_page_function" time="15.222"/>
  <system-out/>
  <testcase classname="Page_Test.Feedback_and_About_Hero_test" name="TC076_Wheels_of_Trust" time="33.228"/>
  <system-out/>
  <testcase classname="Page_Test.Feedback_and_About_Hero_test" name="TC077_Verify_joyride" time="33.639"/>
  <system-out/>
</testsuite> <!-- Page_Test.Feedback_and_About_Hero_test -->
