<?xml version="1.0" encoding="UTF-8"?>
<!-- Generated by org.testng.reporters.JUnitReportReporter -->
<testsuite hostname="DESKTOP-3VDDFOT" failures="0" tests="31" name="Page_Test.Services_Page_Test" time="1542.675" errors="0" timestamp="2024-07-22T14:26:43 IST" skipped="0">
  <testcase classname="Page_Test.Services_Page_Test" name="TC076_Vehicle_details_on_service_page" time="6.350"/>
  <system-out/>
  <testcase classname="Page_Test.Services_Page_Test" name="TC077_Book_Service" time="72.247"/>
  <system-out/>
  <testcase classname="Page_Test.Services_Page_Test" name="TC078_Review_Service_Details" time="16.624"/>
  <system-out/>
  <testcase classname="Page_Test.Services_Page_Test" name="TC079_Verify_Serviced_book_information" time="17.834"/>
  <system-out/>
  <testcase classname="Page_Test.Services_Page_Test" name="TC080_verify_service_type" time="5.387"/>
  <system-out/>
  <testcase classname="Page_Test.Services_Page_Test" name="TC081_verify_Dealer_information" time="6.420"/>
  <system-out/>
  <testcase classname="Page_Test.Services_Page_Test" name="TC082_verify_Reschedule_Service" time="44.925"/>
  <system-out/>
  <testcase classname="Page_Test.Services_Page_Test" name="TC083_Verify_Reschedule_service_information" time="25.323"/>
  <system-out/>
  <testcase classname="Page_Test.Services_Page_Test" name="TC084_verify_Cancel_Service" time="18.358"/>
  <system-out/>
  <testcase classname="Page_Test.Services_Page_Test" name="TC085_View_Service_schedule_750" time="62.417"/>
  <system-out/>
  <testcase classname="Page_Test.Services_Page_Test" name="TC086_View_Service_schedule_3500" time="55.349"/>
  <system-out/>
  <testcase classname="Page_Test.Services_Page_Test" name="TC087_View_Service_schedule_6500" time="54.848"/>
  <system-out/>
  <testcase classname="Page_Test.Services_Page_Test" name="TC088_View_Service_schedule_9500" time="55.075"/>
  <system-out/>
  <testcase classname="Page_Test.Services_Page_Test" name="TC089_View_Service_schedule_12500" time="55.705"/>
  <system-out/>
  <testcase classname="Page_Test.Services_Page_Test" name="TC090_View_Service_schedule_15500" time="55.982"/>
  <system-out/>
  <testcase classname="Page_Test.Services_Page_Test" name="TC091_View_Service_schedule_18500" time="52.889"/>
  <system-out/>
  <testcase classname="Page_Test.Services_Page_Test" name="TC092_View_Service_schedule_21500" time="54.982"/>
  <system-out/>
  <testcase classname="Page_Test.Services_Page_Test" name="TC093_View_Service_schedule_24500" time="51.188"/>
  <system-out/>
  <testcase classname="Page_Test.Services_Page_Test" name="TC094_View_Service_schedule_27500" time="59.019"/>
  <system-out/>
  <testcase classname="Page_Test.Services_Page_Test" name="TC095_View_Service_schedule_60_days" time="57.029"/>
  <system-out/>
  <testcase classname="Page_Test.Services_Page_Test" name="TC096_View_Service_schedule_160_days" time="52.780"/>
  <system-out/>
  <testcase classname="Page_Test.Services_Page_Test" name="TC097_View_Service_schedule_260_days" time="52.863"/>
  <system-out/>
  <testcase classname="Page_Test.Services_Page_Test" name="TC098_View_Service_schedule_360_days" time="56.491"/>
  <system-out/>
  <testcase classname="Page_Test.Services_Page_Test" name="TC099_View_Service_schedule_460_days" time="54.334"/>
  <system-out/>
  <testcase classname="Page_Test.Services_Page_Test" name="TC100_View_Service_schedule_560_days" time="55.396"/>
  <system-out/>
  <testcase classname="Page_Test.Services_Page_Test" name="TC101_View_Service_schedule_660_days" time="51.423"/>
  <system-out/>
  <testcase classname="Page_Test.Services_Page_Test" name="TC102_View_Service_schedule_760_days" time="52.484"/>
  <system-out/>
  <testcase classname="Page_Test.Services_Page_Test" name="TC103_View_Service_schedule_860_days" time="56.253"/>
  <system-out/>
  <testcase classname="Page_Test.Services_Page_Test" name="TC104_Verify_Last_Serviced" time="30.295"/>
  <system-out/>
  <testcase classname="Page_Test.Services_Page_Test" name="TC105_Verify_all_tips_list" time="202.884"/>
  <system-out/>
  <testcase classname="Page_Test.Services_Page_Test" name="TC106_Verify_all_DIY_Videos_list" time="49.521"/>
  <system-out/>
</testsuite> <!-- Page_Test.Services_Page_Test -->
