<?xml version="1.0" encoding="UTF-8"?>
<!-- Generated by org.testng.reporters.JUnitReportReporter -->
<testsuite hostname="DESKTOP-DC5U0BQ" failures="0" tests="2" name="Page_Test.E_Shop_test" time="105.137" errors="0" timestamp="2024-01-09T14:37:24 IST" skipped="0">
  <testcase classname="Page_Test.E_Shop_test" name="TC111_registered_customers" time="41.099"/>
  <testcase classname="Page_Test.E_Shop_test" name="TC112_new_customers" time="64.038"/>
</testsuite> <!-- Page_Test.E_Shop_test -->
