<?xml version="1.0" encoding="UTF-8"?>
<!-- Generated by org.testng.reporters.JUnitReportReporter -->
<testsuite hostname="DESKTOP-3VDDFOT" failures="0" tests="7" name="Page_Test.My_Profile_Page_Test" time="278.178" errors="0" timestamp="2024-07-30T10:10:29 IST" skipped="0">
  <testcase classname="Page_Test.My_Profile_Page_Test" name="TC042_Verify_My_Profile" time="23.205"/>
  <system-out/>
  <testcase classname="Page_Test.My_Profile_Page_Test" name="TC043_Degilocker_info_and_my_Vehicles_info" time="13.020"/>
  <system-out/>
  <testcase classname="Page_Test.My_Profile_Page_Test" name="TC044_edit_profile_button" time="66.075"/>
  <system-out/>
  <testcase classname="Page_Test.My_Profile_Page_Test" name="TC045_edit_Personal_Details" time="97.429"/>
  <system-out/>
  <testcase classname="Page_Test.My_Profile_Page_Test" name="TC046_change_original_Personal_Details" time="24.531"/>
  <system-out/>
  <testcase classname="Page_Test.My_Profile_Page_Test" name="TC047_Manage_License" time="8.148"/>
  <system-out/>
  <testcase classname="Page_Test.My_Profile_Page_Test" name="TC048_Verify_emergency_contacts" time="45.770"/>
  <system-out/>
</testsuite> <!-- Page_Test.My_Profile_Page_Test -->
