<?xml version="1.0" encoding="UTF-8"?>
<!-- Generated by org.testng.reporters.JUnitReportReporter -->
<testsuite hostname="DESKTOP-VIGFA1G" failures="0" tests="12" name="Page_Test.Refer_a_friend_and_Contact_us_test" time="236.170" errors="0" timestamp="2024-04-05T15:12:38 IST" skipped="0">
  <testcase classname="Page_Test.Refer_a_friend_and_Contact_us_test" name="TC052_Refer_a_friend" time="18.216"/>
  <system-out/>
  <testcase classname="Page_Test.Refer_a_friend_and_Contact_us_test" name="TC053_Verify_Select_State" time="18.673"/>
  <system-out/>
  <testcase classname="Page_Test.Refer_a_friend_and_Contact_us_test" name="TC054_Verify_Select_City" time="6.243"/>
  <system-out/>
  <testcase classname="Page_Test.Refer_a_friend_and_Contact_us_test" name="TC055_Verify_Select_Model" time="29.176"/>
  <system-out/>
  <testcase classname="Page_Test.Refer_a_friend_and_Contact_us_test" name="TC056_Verify_Refer_yourself" time="56.895"/>
  <system-out/>
  <testcase classname="Page_Test.Refer_a_friend_and_Contact_us_test" name="TC057_Verify_Facebook_in_Contact_us_page" time="23.073"/>
  <system-out/>
  <testcase classname="Page_Test.Refer_a_friend_and_Contact_us_test" name="TC058_Verify_instagram_in_Contact_us_page" time="20.874"/>
  <system-out/>
  <testcase classname="Page_Test.Refer_a_friend_and_Contact_us_test" name="TC059_Verify_Whatsapp_in_Contact_us_page" time="1.705"/>
  <system-out/>
  <testcase classname="Page_Test.Refer_a_friend_and_Contact_us_test" name="TC060_Verify_youTube_in_Contact_us_page" time="8.196"/>
  <system-out/>
  <testcase classname="Page_Test.Refer_a_friend_and_Contact_us_test" name="TC061_Verify_Linkedin_in_Contact_us_page" time="26.866"/>
  <system-out/>
  <testcase classname="Page_Test.Refer_a_friend_and_Contact_us_test" name="TC062_Verify_twitter_in_Contact_us_page" time="13.880"/>
  <system-out/>
  <testcase classname="Page_Test.Refer_a_friend_and_Contact_us_test" name="TC063_Verify_Contact_via_Email" time="12.373"/>
  <system-out/>
</testsuite> <!-- Page_Test.Refer_a_friend_and_Contact_us_test -->
