<?xml version="1.0" encoding="UTF-8"?>
<!-- Generated by org.testng.reporters.JUnitReportReporter -->
<testsuite hostname="DESKTOP-VIGFA1G" failures="0" tests="13" name="Page_Test.Login_Page_Test" time="343.028" errors="0" timestamp="2024-05-23T17:46:54 IST" skipped="0">
  <testcase classname="Page_Test.Login_Page_Test" name="TC001_Verify_Login_with_Invalid_credential" time="11.295"/>
  <system-out/>
  <testcase classname="Page_Test.Login_Page_Test" name="TC002_invalidmobileno" time="14.621"/>
  <system-out/>
  <testcase classname="Page_Test.Login_Page_Test" name="TC003_verify_update_number" time="23.655"/>
  <system-out/>
  <testcase classname="Page_Test.Login_Page_Test" name="TC004_Verify_Login_with_short_length_of_mobile_number_credential" time="5.285"/>
  <system-out/>
  <testcase classname="Page_Test.Login_Page_Test" name="TC005_max_digit_mobile_number" time="6.441"/>
  <system-out/>
  <testcase classname="Page_Test.Login_Page_Test" name="TC006_Terms_of_use_button" time="29.967"/>
  <system-out/>
  <testcase classname="Page_Test.Login_Page_Test" name="TC007_Privacy_policy" time="21.333"/>
  <system-out/>
  <testcase classname="Page_Test.Login_Page_Test" name="TC008_contact_Us" time="11.440"/>
  <system-out/>
  <testcase classname="Page_Test.Login_Page_Test" name="TC009_Continue_as_guest" time="86.022"/>
  <system-out/>
  <testcase classname="Page_Test.Login_Page_Test" name="TC010_Verify_Login_with_valid_credential" time="40.254"/>
  <system-out/>
  <testcase classname="Page_Test.Login_Page_Test" name="TC011_resend_butn" time="22.111"/>
  <system-out/>
  <testcase classname="Page_Test.Login_Page_Test" name="TC012_inavalid_OTP" time="24.412"/>
  <system-out/>
  <testcase classname="Page_Test.Login_Page_Test" name="TC013_edit_moble" time="46.192"/>
  <system-out/>
</testsuite> <!-- Page_Test.Login_Page_Test -->
