<?xml version="1.0" encoding="UTF-8"?>
<!-- Generated by org.testng.reporters.JUnitReportReporter -->
<testsuite hostname="DESKTOP-DC5U0BQ" failures="0" tests="11" name="Page_Test.GoodLife_test" time="437.859" errors="0" timestamp="2024-01-09T14:37:24 IST" skipped="0">
  <testcase classname="Page_Test.GoodLife_test" name="TC100_verify_image_in_goodlife_page" time="20.927"/>
  <testcase classname="Page_Test.GoodLife_test" name="TC101_Verify_Pro_Membership" time="24.579"/>
  <testcase classname="Page_Test.GoodLife_test" name="TC102_Verify_Silver_Membership" time="25.396"/>
  <testcase classname="Page_Test.GoodLife_test" name="TC103_Verify_Gold_Membership" time="23.997"/>
  <testcase classname="Page_Test.GoodLife_test" name="TC104_Verify_Platinum_Membership" time="48.049"/>
  <testcase classname="Page_Test.GoodLife_test" name="TC105_View_All_Membership_Plan" time="99.137"/>
  <testcase classname="Page_Test.GoodLife_test" name="TC106_verify_Points_Earning_and_Redemption" time="47.099"/>
  <testcase classname="Page_Test.GoodLife_test" name="TC107_Whats_so_Good_in_Good_life" time="26.244"/>
  <testcase classname="Page_Test.GoodLife_test" name="TC108_Verify_Ultimate_savings" time="32.135"/>
  <testcase classname="Page_Test.GoodLife_test" name="TC109_verify_Exclusive_membership_offers" time="42.201"/>
  <testcase classname="Page_Test.GoodLife_test" name="TC110_verify_Winner_informaton" time="48.095"/>
</testsuite> <!-- Page_Test.GoodLife_test -->
