<?xml version="1.0" encoding="UTF-8"?>
<!-- Generated by org.testng.reporters.JUnitReportReporter -->
<testsuite hostname="DESKTOP-DC5U0BQ" failures="0" tests="20" name="Page_Test.Home_Page_Test" time="501.785" errors="0" timestamp="2024-02-02T20:52:54 IST" skipped="0">
  <testcase classname="Page_Test.Home_Page_Test" name="TC017_Home_page_verify" time="36.206"/>
  <testcase classname="Page_Test.Home_Page_Test" name="TC018_verify_SOS" time="16.518"/>
  <testcase classname="Page_Test.Home_Page_Test" name="TC019_verify_Navigate" time="32.098"/>
  <testcase classname="Page_Test.Home_Page_Test" name="TC020_verify_Exchange" time="27.461"/>
  <testcase classname="Page_Test.Home_Page_Test" name="TC021_verify_Vehicle_details" time="14.178"/>
  <testcase classname="Page_Test.Home_Page_Test" name="TC022_verify_Vehicle_condition" time="45.694"/>
  <testcase classname="Page_Test.Home_Page_Test" name="TC023_verify_Vehicle_valution" time="27.052"/>
  <testcase classname="Page_Test.Home_Page_Test" name="TC024_Verify_Documents" time="32.249"/>
  <testcase classname="Page_Test.Home_Page_Test" name="TC025_Verify_Relationship_Manager" time="20.366"/>
  <testcase classname="Page_Test.Home_Page_Test" name="TC026_Verify_RSA" time="11.279"/>
  <testcase classname="Page_Test.Home_Page_Test" name="TC027_Renew_RSA" time="14.037"/>
  <testcase classname="Page_Test.Home_Page_Test" name="TC028_frequently_asked_questions" time="44.928"/>
  <testcase classname="Page_Test.Home_Page_Test" name="TC031_Verify_Technical_Support_Manager" time="8.288"/>
  <testcase classname="Page_Test.Home_Page_Test" name="TC032_Verify_Dealer_Locator" time="14.935"/>
  <testcase classname="Page_Test.Home_Page_Test" name="TC033_Select_city" time="42.368"/>
  <testcase classname="Page_Test.Home_Page_Test" name="TC034_View_dealer_name_and_address" time="14.361"/>
  <testcase classname="Page_Test.Home_Page_Test" name="TC035_verify_Service_at_home_page" time="35.504"/>
  <testcase classname="Page_Test.Home_Page_Test" name="TC036_verify_Latest_at_home_page" time="18.729"/>
  <testcase classname="Page_Test.Home_Page_Test" name="TC037_verify_EShop" time="31.590"/>
  <testcase classname="Page_Test.Home_Page_Test" name="TC038_verify_Benifits_Vehicle_Exchange" time="13.944"/>
</testsuite> <!-- Page_Test.Home_Page_Test -->
