<?xml version="1.0" encoding="UTF-8"?>
<!-- Generated by org.testng.reporters.JUnitReportReporter -->
<testsuite hostname="DESKTOP-DC5U0BQ" failures="0" tests="5" name="Page_Test.Feedback_and_About_Hero_test" time="150.232" errors="0" timestamp="2023-12-12T17:51:09 IST" skipped="0">
  <testcase classname="Page_Test.Feedback_and_About_Hero_test" name="TC055_verify_Feedback" time="38.768"/>
  <testcase classname="Page_Test.Feedback_and_About_Hero_test" name="TC056_verify_About_Hero" time="19.621"/>
  <testcase classname="Page_Test.Feedback_and_About_Hero_test" name="TC057_verify_Side_menu_page_function" time="17.528"/>
  <testcase classname="Page_Test.Feedback_and_About_Hero_test" name="TC058_Wheels_of_Trust" time="45.180"/>
  <testcase classname="Page_Test.Feedback_and_About_Hero_test" name="TC065_Verify_joyride" time="29.135"/>
</testsuite> <!-- Page_Test.Feedback_and_About_Hero_test -->
