<?xml version="1.0" encoding="UTF-8"?>
<!-- Generated by org.testng.reporters.JUnitReportReporter -->
<testsuite hostname="DESKTOP-VIGFA1G" failures="0" tests="3" name="Page_Test.Vehicle_Details_test" time="74.962" errors="0" timestamp="2024-03-29T10:07:31 IST" skipped="0">
  <testcase classname="Page_Test.Vehicle_Details_test" name="TC046_Verify_My_Vehicle" time="26.690"/>
  <system-out/>
  <testcase classname="Page_Test.Vehicle_Details_test" name="TC049_Verify_Owners_Manual" time="37.460"/>
  <system-out/>
  <testcase classname="Page_Test.Vehicle_Details_test" name="TC051_Verify_Tips_and_DIY_videos_inside_sideMenu" time="10.812"/>
  <system-out/>
</testsuite> <!-- Page_Test.Vehicle_Details_test -->
