<?xml version="1.0" encoding="UTF-8"?>
<!-- Generated by org.testng.reporters.JUnitReportReporter -->
<testsuite hostname="DESKTOP-DC5U0BQ" failures="0" tests="20" name="Page_Test.Home_Page_Test" time="535.667" errors="0" timestamp="2024-01-08T22:04:50 IST" skipped="0">
  <testcase classname="Page_Test.Home_Page_Test" name="TC017_Home_page_verify" time="43.641"/>
  <testcase classname="Page_Test.Home_Page_Test" name="TC018_verify_SOS" time="21.087"/>
  <testcase classname="Page_Test.Home_Page_Test" name="TC019_verify_Navigate" time="35.273"/>
  <testcase classname="Page_Test.Home_Page_Test" name="TC020_verify_Exchange" time="31.931"/>
  <testcase classname="Page_Test.Home_Page_Test" name="TC021_verify_Vehicle_details" time="13.428"/>
  <testcase classname="Page_Test.Home_Page_Test" name="TC022_verify_Vehicle_condition" time="44.879"/>
  <testcase classname="Page_Test.Home_Page_Test" name="TC023_verify_Vehicle_valution" time="30.030"/>
  <testcase classname="Page_Test.Home_Page_Test" name="TC024_Verify_Documents" time="34.156"/>
  <testcase classname="Page_Test.Home_Page_Test" name="TC025_Verify_Relationship_Manager" time="21.179"/>
  <testcase classname="Page_Test.Home_Page_Test" name="TC026_Verify_RSA" time="13.337"/>
  <testcase classname="Page_Test.Home_Page_Test" name="TC027_Renew_RSA" time="14.358"/>
  <testcase classname="Page_Test.Home_Page_Test" name="TC028_frequently_asked_questions" time="45.255"/>
  <testcase classname="Page_Test.Home_Page_Test" name="TC031_Verify_Technical_Support_Manager" time="9.853"/>
  <testcase classname="Page_Test.Home_Page_Test" name="TC032_Verify_Dealer_Locator" time="15.264"/>
  <testcase classname="Page_Test.Home_Page_Test" name="TC033_Select_city" time="38.444"/>
  <testcase classname="Page_Test.Home_Page_Test" name="TC034_View_dealer_name_and_address" time="13.735"/>
  <testcase classname="Page_Test.Home_Page_Test" name="TC035_verify_Service_at_home_page" time="56.376"/>
  <testcase classname="Page_Test.Home_Page_Test" name="TC036_verify_Latest_at_home_page" time="10.918"/>
  <testcase classname="Page_Test.Home_Page_Test" name="TC037_verify_EShop" time="25.092"/>
  <testcase classname="Page_Test.Home_Page_Test" name="TC038_verify_Benifits_Vehicle_Exchange" time="17.431"/>
</testsuite> <!-- Page_Test.Home_Page_Test -->
