<?xml version="1.0" encoding="UTF-8"?>
<!-- Generated by org.testng.reporters.JUnitReportReporter -->
<testsuite hostname="DESKTOP-VIGFA1G" failures="0" tests="11" name="Page_Test.GoodLifePage_Test" time="297.000" errors="0" timestamp="2024-04-01T09:47:05 IST" skipped="0">
  <testcase classname="Page_Test.GoodLifePage_Test" name="TC104_Verify_goodlife_info" time="30.280"/>
  <system-out/>
  <testcase classname="Page_Test.GoodLifePage_Test" name="TC105_View_All_Membership_Plan" time="86.855"/>
  <system-out/>
  <testcase classname="Page_Test.GoodLifePage_Test" name="TC106_Verify_Membership_Information" time="9.860"/>
  <system-out/>
  <testcase classname="Page_Test.GoodLifePage_Test" name="TC107_Earning_and_Redemption_History" time="11.732"/>
  <system-out/>
  <testcase classname="Page_Test.GoodLifePage_Test" name="TC108_Complete_Profile" time="10.850"/>
  <system-out/>
  <testcase classname="Page_Test.GoodLifePage_Test" name="TC109_Verify_Welcome_Rewards" time="9.223"/>
  <system-out/>
  <testcase classname="Page_Test.GoodLifePage_Test" name="TC110_Verify_refer_friend_in_Goodlife" time="34.508"/>
  <system-out/>
  <testcase classname="Page_Test.GoodLifePage_Test" name="TC111_Verify_Winner_Of_The_Month" time="10.430"/>
  <system-out/>
  <testcase classname="Page_Test.GoodLifePage_Test" name="TC112_verify_Points_Earning_and_Redemption" time="55.243"/>
  <system-out/>
  <testcase classname="Page_Test.GoodLifePage_Test" name="TC113_verify_Service_Privilegers" time="19.193"/>
  <system-out/>
  <testcase classname="Page_Test.GoodLifePage_Test" name="TC114_verify_Benefits_and_Experiences" time="18.826"/>
  <system-out/>
</testsuite> <!-- Page_Test.GoodLifePage_Test -->
