<?xml version="1.0" encoding="UTF-8"?>
<!-- Generated by org.testng.reporters.JUnitReportReporter -->
<testsuite hostname="DESKTOP-VIGFA1G" failures="0" tests="7" name="Page_Test.My_Profile_Page_Test" time="208.094" errors="0" timestamp="2024-03-29T10:07:31 IST" skipped="0">
  <testcase classname="Page_Test.My_Profile_Page_Test" name="TC039_Verify_My_Profile" time="16.016"/>
  <system-out/>
  <testcase classname="Page_Test.My_Profile_Page_Test" name="TC040_verify_more_detais_button" time="6.337"/>
  <system-out/>
  <testcase classname="Page_Test.My_Profile_Page_Test" name="TC041_edit_profile_button" time="58.772"/>
  <system-out/>
  <testcase classname="Page_Test.My_Profile_Page_Test" name="TC042_edit_Personal_Details" time="71.856"/>
  <system-out/>
  <testcase classname="Page_Test.My_Profile_Page_Test" name="TC043_change_original_Personal_Details" time="19.742"/>
  <system-out/>
  <testcase classname="Page_Test.My_Profile_Page_Test" name="TC044_Manage_License" time="7.617"/>
  <system-out/>
  <testcase classname="Page_Test.My_Profile_Page_Test" name="TC045_Verify_emergency_contacts" time="27.754"/>
  <system-out/>
</testsuite> <!-- Page_Test.My_Profile_Page_Test -->
