<?xml version="1.0" encoding="UTF-8"?>
<!-- Generated by org.testng.reporters.JUnitReportReporter -->
<testsuite hostname="DESKTOP-DC5U0BQ" failures="0" tests="6" name="Page_Test.Vehicle_Details_test" time="156.986" errors="0" timestamp="2024-01-08T22:04:50 IST" skipped="0">
  <testcase classname="Page_Test.Vehicle_Details_test" name="TC046_Verify_My_Vehicle" time="54.363"/>
  <testcase classname="Page_Test.Vehicle_Details_test" name="TC047_Verify_My_Vehicle_more_details" time="26.174"/>
  <testcase classname="Page_Test.Vehicle_Details_test" name="TC048_Verify_My_Vehicle_Documents" time="16.035"/>
  <testcase classname="Page_Test.Vehicle_Details_test" name="TC049_Verify_Owners_Manual" time="26.259"/>
  <testcase classname="Page_Test.Vehicle_Details_test" name="TC050_Verify_my_Vehicle_service_History" time="14.482"/>
  <testcase classname="Page_Test.Vehicle_Details_test" name="TC051_Verify_Tips_and_DIY_videos_inside_sideMenu" time="19.673"/>
</testsuite> <!-- Page_Test.Vehicle_Details_test -->
