<?xml version="1.0" encoding="UTF-8"?>
<!-- Generated by org.testng.reporters.JUnitReportReporter -->
<testsuite hostname="DESKTOP-DC5U0BQ" failures="0" tests="29" name="Page_Test.Services_Page_Test" time="1081.970" errors="0" timestamp="2023-12-15T11:17:13 IST" skipped="0">
  <testcase classname="Page_Test.Services_Page_Test" name="TC065_Vehicle_details_on_service_page" time="7.406"/>
  <testcase classname="Page_Test.Services_Page_Test" name="TC066_verify_service_type" time="4.290"/>
  <testcase classname="Page_Test.Services_Page_Test" name="TC067_verify_Dealer_information" time="5.324"/>
  <testcase classname="Page_Test.Services_Page_Test" name="TC068_verify_Reschedule_Service" time="33.749"/>
  <testcase classname="Page_Test.Services_Page_Test" name="TC069_verify_Cancel_Service" time="5.526"/>
  <testcase classname="Page_Test.Services_Page_Test" name="TC070_Verify_dealer_manager_info" time="40.290"/>
  <testcase classname="Page_Test.Services_Page_Test" name="TC071_View_Service_schedule_750" time="46.332"/>
  <testcase classname="Page_Test.Services_Page_Test" name="TC072_View_Service_schedule_3500" time="35.321"/>
  <testcase classname="Page_Test.Services_Page_Test" name="TC073_View_Service_schedule_6500" time="46.839"/>
  <testcase classname="Page_Test.Services_Page_Test" name="TC074_View_Service_schedule_9500" time="33.334"/>
  <testcase classname="Page_Test.Services_Page_Test" name="TC075_View_Service_schedule_12500" time="46.586"/>
  <testcase classname="Page_Test.Services_Page_Test" name="TC076_View_Service_schedule_15500" time="45.358"/>
  <testcase classname="Page_Test.Services_Page_Test" name="TC077_View_Service_schedule_18500" time="35.119"/>
  <testcase classname="Page_Test.Services_Page_Test" name="TC078_View_Service_schedule_21500" time="48.737"/>
  <testcase classname="Page_Test.Services_Page_Test" name="TC079_View_Service_schedule_24500" time="34.402"/>
  <testcase classname="Page_Test.Services_Page_Test" name="TC080_View_Service_schedule_27500" time="48.268"/>
  <testcase classname="Page_Test.Services_Page_Test" name="TC081_View_Service_schedule_60_days" time="42.993"/>
  <testcase classname="Page_Test.Services_Page_Test" name="TC082_View_Service_schedule_160_days" time="33.055"/>
  <testcase classname="Page_Test.Services_Page_Test" name="TC083_View_Service_schedule_260_days" time="46.265"/>
  <testcase classname="Page_Test.Services_Page_Test" name="TC084_View_Service_schedule_360_days" time="33.190"/>
  <testcase classname="Page_Test.Services_Page_Test" name="TC085_View_Service_schedule_460_days" time="46.368"/>
  <testcase classname="Page_Test.Services_Page_Test" name="TC086_View_Service_schedule_560_days" time="42.720"/>
  <testcase classname="Page_Test.Services_Page_Test" name="TC087_View_Service_schedule_660_days" time="34.686"/>
  <testcase classname="Page_Test.Services_Page_Test" name="TC088_View_Service_schedule_760_days" time="47.194"/>
  <testcase classname="Page_Test.Services_Page_Test" name="TC089_View_Service_schedule_860_days" time="34.024"/>
  <testcase classname="Page_Test.Services_Page_Test" name="TC090_View_Service_schedule_960_days" time="49.365"/>
  <testcase classname="Page_Test.Services_Page_Test" name="TC091_Verify_Last_Serviced" time="5.998"/>
  <testcase classname="Page_Test.Services_Page_Test" name="TC092_Verify_all_tips_list" time="98.302"/>
  <testcase classname="Page_Test.Services_Page_Test" name="TC093_Verify_all_DIY_Videos_list" time="50.929"/>
</testsuite> <!-- Page_Test.Services_Page_Test -->
