<?xml version="1.0" encoding="UTF-8"?>
<!-- Generated by org.testng.reporters.JUnitReportReporter -->
<testsuite hostname="DESKTOP-DC5U0BQ" failures="0" tests="7" name="Page_Test.My_Profile_Page_Test" time="246.310" errors="0" timestamp="2023-12-15T11:17:13 IST" skipped="0">
  <testcase classname="Page_Test.My_Profile_Page_Test" name="TC033_Verify_My_Profile" time="17.285"/>
  <testcase classname="Page_Test.My_Profile_Page_Test" name="TC034_verify_more_detais_button" time="7.705"/>
  <testcase classname="Page_Test.My_Profile_Page_Test" name="TC035_edit_profile_button" time="66.230"/>
  <testcase classname="Page_Test.My_Profile_Page_Test" name="TC036_edit_Personal_Details" time="75.442"/>
  <testcase classname="Page_Test.My_Profile_Page_Test" name="TC037_change_original_Personal_Details" time="22.546"/>
  <testcase classname="Page_Test.My_Profile_Page_Test" name="TC038_Manage_License" time="8.371"/>
  <testcase classname="Page_Test.My_Profile_Page_Test" name="TC039_Verify_emergency_contacts" time="48.731"/>
</testsuite> <!-- Page_Test.My_Profile_Page_Test -->
