<?xml version="1.0" encoding="UTF-8"?>
<!-- Generated by org.testng.reporters.JUnitReportReporter -->
<testsuite hostname="DESKTOP-VIGFA1G" failures="0" tests="11" name="Page_Test.GoodLifePage_Test" time="342.005" errors="0" timestamp="2024-04-05T15:12:38 IST" skipped="0">
  <testcase classname="Page_Test.GoodLifePage_Test" name="TC104_Verify_goodlife_info" time="32.304"/>
  <system-out/>
  <testcase classname="Page_Test.GoodLifePage_Test" name="TC105_View_All_Membership_Plan" time="95.617"/>
  <system-out/>
  <testcase classname="Page_Test.GoodLifePage_Test" name="TC106_Verify_Membership_Information" time="13.104"/>
  <system-out/>
  <testcase classname="Page_Test.GoodLifePage_Test" name="TC107_Earning_and_Redemption_History" time="13.410"/>
  <system-out/>
  <testcase classname="Page_Test.GoodLifePage_Test" name="TC108_Complete_Profile" time="11.497"/>
  <system-out/>
  <testcase classname="Page_Test.GoodLifePage_Test" name="TC109_Verify_Welcome_Rewards" time="13.379"/>
  <system-out/>
  <testcase classname="Page_Test.GoodLifePage_Test" name="TC110_Verify_refer_friend_in_Goodlife" time="40.241"/>
  <system-out/>
  <testcase classname="Page_Test.GoodLifePage_Test" name="TC111_Verify_Winner_Of_The_Month" time="14.294"/>
  <system-out/>
  <testcase classname="Page_Test.GoodLifePage_Test" name="TC112_verify_Points_Earning_and_Redemption" time="64.678"/>
  <system-out/>
  <testcase classname="Page_Test.GoodLifePage_Test" name="TC113_verify_Service_Privilegers" time="22.493"/>
  <system-out/>
  <testcase classname="Page_Test.GoodLifePage_Test" name="TC114_verify_Benefits_and_Experiences" time="20.988"/>
  <system-out/>
</testsuite> <!-- Page_Test.GoodLifePage_Test -->
