<?xml version="1.0" encoding="UTF-8"?>
<!-- Generated by org.testng.reporters.JUnitReportReporter -->
<testsuite hostname="DESKTOP-DC5U0BQ" failures="0" tests="28" name="Page_Test.Services_Page_Test" time="869.064" errors="0" timestamp="2024-01-14T11:32:24 IST" skipped="0">
  <testcase classname="Page_Test.Services_Page_Test" name="TC071_Vehicle_details_on_service_page" time="8.232"/>
  <testcase classname="Page_Test.Services_Page_Test" name="TC072_verify_service_type" time="2.920"/>
  <testcase classname="Page_Test.Services_Page_Test" name="TC073_verify_Dealer_information" time="5.583"/>
  <testcase classname="Page_Test.Services_Page_Test" name="TC074_verify_Reschedule_Service" time="30.461"/>
  <testcase classname="Page_Test.Services_Page_Test" name="TC075_verify_Cancel_Service" time="5.487"/>
  <testcase classname="Page_Test.Services_Page_Test" name="TC076_Verify_dealer_manager_info" time="20.119"/>
  <testcase classname="Page_Test.Services_Page_Test" name="TC077_View_Service_schedule_750" time="35.743"/>
  <testcase classname="Page_Test.Services_Page_Test" name="TC078_View_Service_schedule_3500" time="28.056"/>
  <testcase classname="Page_Test.Services_Page_Test" name="TC079_View_Service_schedule_6500" time="36.829"/>
  <testcase classname="Page_Test.Services_Page_Test" name="TC080_View_Service_schedule_9500" time="27.452"/>
  <testcase classname="Page_Test.Services_Page_Test" name="TC081_View_Service_schedule_12500" time="36.014"/>
  <testcase classname="Page_Test.Services_Page_Test" name="TC082_View_Service_schedule_15500" time="36.865"/>
  <testcase classname="Page_Test.Services_Page_Test" name="TC083_View_Service_schedule_18500" time="25.618"/>
  <testcase classname="Page_Test.Services_Page_Test" name="TC084_View_Service_schedule_21500" time="35.242"/>
  <testcase classname="Page_Test.Services_Page_Test" name="TC085_View_Service_schedule_24500" time="25.417"/>
  <testcase classname="Page_Test.Services_Page_Test" name="TC086_View_Service_schedule_27500" time="35.537"/>
  <testcase classname="Page_Test.Services_Page_Test" name="TC087_View_Service_schedule_60_days" time="33.289"/>
  <testcase classname="Page_Test.Services_Page_Test" name="TC088_View_Service_schedule_160_days" time="26.405"/>
  <testcase classname="Page_Test.Services_Page_Test" name="TC089_View_Service_schedule_260_days" time="34.475"/>
  <testcase classname="Page_Test.Services_Page_Test" name="TC090_View_Service_schedule_360_days" time="26.886"/>
  <testcase classname="Page_Test.Services_Page_Test" name="TC091_View_Service_schedule_460_days" time="35.492"/>
  <testcase classname="Page_Test.Services_Page_Test" name="TC092_View_Service_schedule_560_days" time="34.491"/>
  <testcase classname="Page_Test.Services_Page_Test" name="TC093_View_Service_schedule_660_days" time="26.082"/>
  <testcase classname="Page_Test.Services_Page_Test" name="TC094_View_Service_schedule_760_days" time="35.754"/>
  <testcase classname="Page_Test.Services_Page_Test" name="TC095_View_Service_schedule_860_days" time="29.276"/>
  <testcase classname="Page_Test.Services_Page_Test" name="TC097_Verify_Last_Serviced" time="5.639"/>
  <testcase classname="Page_Test.Services_Page_Test" name="TC098_Verify_all_tips_list" time="133.023"/>
  <testcase classname="Page_Test.Services_Page_Test" name="TC099_Verify_all_DIY_Videos_list" time="52.677"/>
</testsuite> <!-- Page_Test.Services_Page_Test -->
