<?xml version="1.0" encoding="UTF-8"?>
<!-- Generated by org.testng.reporters.JUnitReportReporter -->
<testsuite hostname="DESKTOP-VIGFA1G" failures="0" tests="28" name="Page_Test.Services_Page_Test" time="1227.386" errors="0" timestamp="2024-04-01T09:47:05 IST" skipped="0">
  <testcase classname="Page_Test.Services_Page_Test" name="TC076_Vehicle_details_on_service_page" time="9.174"/>
  <system-out/>
  <testcase classname="Page_Test.Services_Page_Test" name="TC077_verify_service_type" time="4.617"/>
  <system-out/>
  <testcase classname="Page_Test.Services_Page_Test" name="TC078_verify_Dealer_information" time="6.928"/>
  <system-out/>
  <testcase classname="Page_Test.Services_Page_Test" name="TC079_verify_Reschedule_Service" time="39.443"/>
  <system-out/>
  <testcase classname="Page_Test.Services_Page_Test" name="TC080_verify_Cancel_Service" time="7.225"/>
  <system-out/>
  <testcase classname="Page_Test.Services_Page_Test" name="TC081_Verify_dealer_manager_info" time="20.334"/>
  <system-out/>
  <testcase classname="Page_Test.Services_Page_Test" name="TC082_View_Service_schedule_750" time="53.943"/>
  <system-out/>
  <testcase classname="Page_Test.Services_Page_Test" name="TC083_View_Service_schedule_3500" time="50.553"/>
  <system-out/>
  <testcase classname="Page_Test.Services_Page_Test" name="TC084_View_Service_schedule_6500" time="52.847"/>
  <system-out/>
  <testcase classname="Page_Test.Services_Page_Test" name="TC085_View_Service_schedule_9500" time="50.804"/>
  <system-out/>
  <testcase classname="Page_Test.Services_Page_Test" name="TC086_View_Service_schedule_12500" time="55.743"/>
  <system-out/>
  <testcase classname="Page_Test.Services_Page_Test" name="TC087_View_Service_schedule_15500" time="50.031"/>
  <system-out/>
  <testcase classname="Page_Test.Services_Page_Test" name="TC088_View_Service_schedule_18500" time="48.444"/>
  <system-out/>
  <testcase classname="Page_Test.Services_Page_Test" name="TC089_View_Service_schedule_21500" time="52.843"/>
  <system-out/>
  <testcase classname="Page_Test.Services_Page_Test" name="TC090_View_Service_schedule_24500" time="46.616"/>
  <system-out/>
  <testcase classname="Page_Test.Services_Page_Test" name="TC091_View_Service_schedule_27500" time="55.033"/>
  <system-out/>
  <testcase classname="Page_Test.Services_Page_Test" name="TC092_View_Service_schedule_60_days" time="51.105"/>
  <system-out/>
  <testcase classname="Page_Test.Services_Page_Test" name="TC093_View_Service_schedule_160_days" time="49.272"/>
  <system-out/>
  <testcase classname="Page_Test.Services_Page_Test" name="TC094_View_Service_schedule_260_days" time="52.826"/>
  <system-out/>
  <testcase classname="Page_Test.Services_Page_Test" name="TC095_View_Service_schedule_360_days" time="49.890"/>
  <system-out/>
  <testcase classname="Page_Test.Services_Page_Test" name="TC096_View_Service_schedule_460_days" time="53.917"/>
  <system-out/>
  <testcase classname="Page_Test.Services_Page_Test" name="TC097_View_Service_schedule_560_days" time="49.713"/>
  <system-out/>
  <testcase classname="Page_Test.Services_Page_Test" name="TC098_View_Service_schedule_660_days" time="45.171"/>
  <system-out/>
  <testcase classname="Page_Test.Services_Page_Test" name="TC099_View_Service_schedule_760_days" time="52.614"/>
  <system-out/>
  <testcase classname="Page_Test.Services_Page_Test" name="TC100_View_Service_schedule_860_days" time="49.658"/>
  <system-out/>
  <testcase classname="Page_Test.Services_Page_Test" name="TC101_Verify_Last_Serviced" time="6.302"/>
  <system-out/>
  <testcase classname="Page_Test.Services_Page_Test" name="TC102_Verify_all_tips_list" time="113.923"/>
  <system-out/>
  <testcase classname="Page_Test.Services_Page_Test" name="TC103_Verify_all_DIY_Videos_list" time="48.417"/>
  <system-out/>
</testsuite> <!-- Page_Test.Services_Page_Test -->
