<?xml version="1.0" encoding="UTF-8"?>
<!-- Generated by org.testng.reporters.JUnitReportReporter -->
<testsuite hostname="DESKTOP-DC5U0BQ" failures="0" tests="20" name="Page_Test.Home_Page_Test" time="515.111" errors="0" timestamp="2024-01-09T14:37:24 IST" skipped="0">
  <testcase classname="Page_Test.Home_Page_Test" name="TC017_Home_page_verify" time="41.131"/>
  <testcase classname="Page_Test.Home_Page_Test" name="TC018_verify_SOS" time="18.033"/>
  <testcase classname="Page_Test.Home_Page_Test" name="TC019_verify_Navigate" time="33.418"/>
  <testcase classname="Page_Test.Home_Page_Test" name="TC020_verify_Exchange" time="32.032"/>
  <testcase classname="Page_Test.Home_Page_Test" name="TC021_verify_Vehicle_details" time="14.811"/>
  <testcase classname="Page_Test.Home_Page_Test" name="TC022_verify_Vehicle_condition" time="49.583"/>
  <testcase classname="Page_Test.Home_Page_Test" name="TC023_verify_Vehicle_valution" time="33.929"/>
  <testcase classname="Page_Test.Home_Page_Test" name="TC024_Verify_Documents" time="32.002"/>
  <testcase classname="Page_Test.Home_Page_Test" name="TC025_Verify_Relationship_Manager" time="20.700"/>
  <testcase classname="Page_Test.Home_Page_Test" name="TC026_Verify_RSA" time="14.487"/>
  <testcase classname="Page_Test.Home_Page_Test" name="TC027_Renew_RSA" time="15.593"/>
  <testcase classname="Page_Test.Home_Page_Test" name="TC028_frequently_asked_questions" time="45.732"/>
  <testcase classname="Page_Test.Home_Page_Test" name="TC031_Verify_Technical_Support_Manager" time="7.867"/>
  <testcase classname="Page_Test.Home_Page_Test" name="TC032_Verify_Dealer_Locator" time="14.581"/>
  <testcase classname="Page_Test.Home_Page_Test" name="TC033_Select_city" time="42.214"/>
  <testcase classname="Page_Test.Home_Page_Test" name="TC034_View_dealer_name_and_address" time="15.319"/>
  <testcase classname="Page_Test.Home_Page_Test" name="TC035_verify_Service_at_home_page" time="34.960"/>
  <testcase classname="Page_Test.Home_Page_Test" name="TC036_verify_Latest_at_home_page" time="10.261"/>
  <testcase classname="Page_Test.Home_Page_Test" name="TC037_verify_EShop" time="22.128"/>
  <testcase classname="Page_Test.Home_Page_Test" name="TC038_verify_Benifits_Vehicle_Exchange" time="16.330"/>
</testsuite> <!-- Page_Test.Home_Page_Test -->
