<?xml version="1.0" encoding="UTF-8"?>
<!-- Generated by org.testng.reporters.JUnitReportReporter -->
<testsuite hostname="DESKTOP-DC5U0BQ" failures="0" tests="5" name="Page_Test.Select_Vehicle_Page_Test" time="60.699" errors="0" timestamp="2024-01-08T22:04:50 IST" skipped="0">
  <testcase classname="Page_Test.Select_Vehicle_Page_Test" name="TC012_verify_Nick_Name" time="16.861"/>
  <testcase classname="Page_Test.Select_Vehicle_Page_Test" name="TC013_Verify_With_30_letter_nick_name" time="12.748"/>
  <testcase classname="Page_Test.Select_Vehicle_Page_Test" name="TC014_Verify_With_31_letter_nick_name" time="10.321"/>
  <testcase classname="Page_Test.Select_Vehicle_Page_Test" name="TC015_Verify_With_29_letter_nick_name" time="12.125"/>
  <testcase classname="Page_Test.Select_Vehicle_Page_Test" name="TC016_Select_Vehicle" time="8.644"/>
</testsuite> <!-- Page_Test.Select_Vehicle_Page_Test -->
