<?xml version="1.0" encoding="UTF-8"?>
<!-- Generated by org.testng.reporters.JUnitReportReporter -->
<testsuite hostname="DESKTOP-DC5U0BQ" failures="0" tests="5" name="Page_Test.Feedback_and_About_Hero_test" time="131.122" errors="0" timestamp="2024-02-19T14:23:39 IST" skipped="0">
  <testcase classname="Page_Test.Feedback_and_About_Hero_test" name="TC066_verify_Feedback" time="39.015"/>
  <testcase classname="Page_Test.Feedback_and_About_Hero_test" name="TC067_verify_About_Hero" time="18.692"/>
  <testcase classname="Page_Test.Feedback_and_About_Hero_test" name="TC068_verify_Side_menu_page_function" time="13.460"/>
  <testcase classname="Page_Test.Feedback_and_About_Hero_test" name="TC069_Wheels_of_Trust" time="32.223"/>
  <testcase classname="Page_Test.Feedback_and_About_Hero_test" name="TC070_Verify_joyride" time="27.732"/>
</testsuite> <!-- Page_Test.Feedback_and_About_Hero_test -->
