<?xml version="1.0" encoding="UTF-8"?>
<!-- Generated by org.testng.reporters.JUnitReportReporter -->
<testsuite hostname="DESKTOP-DC5U0BQ" failures="0" tests="20" name="Page_Test.Home_Page_Test" time="455.449" errors="0" timestamp="2024-02-19T14:23:39 IST" skipped="0">
  <testcase classname="Page_Test.Home_Page_Test" name="TC017_Home_page_verify" time="36.184"/>
  <testcase classname="Page_Test.Home_Page_Test" name="TC018_verify_SOS" time="17.870"/>
  <testcase classname="Page_Test.Home_Page_Test" name="TC019_verify_Navigate" time="28.881"/>
  <testcase classname="Page_Test.Home_Page_Test" name="TC020_verify_Exchange" time="23.572"/>
  <testcase classname="Page_Test.Home_Page_Test" name="TC021_verify_Vehicle_details" time="13.777"/>
  <testcase classname="Page_Test.Home_Page_Test" name="TC022_verify_Vehicle_condition" time="46.296"/>
  <testcase classname="Page_Test.Home_Page_Test" name="TC023_verify_Vehicle_valution" time="24.785"/>
  <testcase classname="Page_Test.Home_Page_Test" name="TC024_Verify_Documents" time="30.439"/>
  <testcase classname="Page_Test.Home_Page_Test" name="TC025_Verify_Relationship_Manager" time="17.841"/>
  <testcase classname="Page_Test.Home_Page_Test" name="TC026_Verify_RSA" time="11.008"/>
  <testcase classname="Page_Test.Home_Page_Test" name="TC027_Renew_RSA" time="12.868"/>
  <testcase classname="Page_Test.Home_Page_Test" name="TC028_frequently_asked_questions" time="35.664"/>
  <testcase classname="Page_Test.Home_Page_Test" name="TC031_Verify_Technical_Support_Manager" time="8.111"/>
  <testcase classname="Page_Test.Home_Page_Test" name="TC032_Verify_Dealer_Locator" time="12.328"/>
  <testcase classname="Page_Test.Home_Page_Test" name="TC033_Select_city" time="36.075"/>
  <testcase classname="Page_Test.Home_Page_Test" name="TC034_View_dealer_name_and_address" time="13.748"/>
  <testcase classname="Page_Test.Home_Page_Test" name="TC035_verify_Service_at_home_page" time="36.780"/>
  <testcase classname="Page_Test.Home_Page_Test" name="TC036_verify_Latest_at_home_page" time="8.492"/>
  <testcase classname="Page_Test.Home_Page_Test" name="TC037_verify_EShop" time="23.545"/>
  <testcase classname="Page_Test.Home_Page_Test" name="TC038_verify_Benifits_Vehicle_Exchange" time="17.185"/>
</testsuite> <!-- Page_Test.Home_Page_Test -->
