<?xml version="1.0" encoding="UTF-8"?>
<!-- Generated by org.testng.reporters.JUnitReportReporter -->
<testsuite hostname="DESKTOP-VIGFA1G" failures="0" tests="2" name="Page_Test.Safety_Measures_and_Symbols_Glossary_Test" time="152.096" errors="0" timestamp="2024-05-23T17:46:54 IST" skipped="0">
  <testcase classname="Page_Test.Safety_Measures_and_Symbols_Glossary_Test" name="TC064_Verify_Safety_Measures" time="34.750"/>
  <system-out/>
  <testcase classname="Page_Test.Safety_Measures_and_Symbols_Glossary_Test" name="TC065_Verify_Symbols_Glossary" time="117.346"/>
  <system-out/>
</testsuite> <!-- Page_Test.Safety_Measures_and_Symbols_Glossary_Test -->
