<?xml version="1.0" encoding="UTF-8"?>
<!-- Generated by org.testng.reporters.JUnitReportReporter -->
<testsuite hostname="DESKTOP-DC5U0BQ" failures="0" tests="11" name="Page_Test.Login_Page_Test" time="184.828" errors="0" timestamp="2023-12-11T21:26:01 IST" skipped="0">
  <testcase classname="Page_Test.Login_Page_Test" name="TC001_Verify_Login_with_Invalid_credential" time="17.443"/>
  <testcase classname="Page_Test.Login_Page_Test" name="TC002_invalidmobileno" time="7.974"/>
  <testcase classname="Page_Test.Login_Page_Test" name="TC003_Verify_Login_with_short_length_of_mobile_number_credential" time="4.735"/>
  <testcase classname="Page_Test.Login_Page_Test" name="TC004_max_digit_mobile_number" time="5.685"/>
  <testcase classname="Page_Test.Login_Page_Test" name="TC005_Terms_of_use_button" time="16.103"/>
  <testcase classname="Page_Test.Login_Page_Test" name="TC006_Privacy_policy" time="12.827"/>
  <testcase classname="Page_Test.Login_Page_Test" name="TC007_contact_Us" time="7.084"/>
  <testcase classname="Page_Test.Login_Page_Test" name="TC008_Verify_Login_with_valid_credential" time="37.505"/>
  <testcase classname="Page_Test.Login_Page_Test" name="TC009_resend_butn" time="20.045"/>
  <testcase classname="Page_Test.Login_Page_Test" name="TC010_inavalid_OTP" time="18.567"/>
  <testcase classname="Page_Test.Login_Page_Test" name="TC011_edit_moble" time="36.860"/>
</testsuite> <!-- Page_Test.Login_Page_Test -->
