<?xml version="1.0" encoding="UTF-8"?>
<!-- Generated by org.testng.reporters.JUnitReportReporter -->
<testsuite hostname="DESKTOP-3VDDFOT" failures="0" tests="7" name="Page_Test.My_Profile_Page_Test" time="235.482" errors="0" timestamp="2024-07-25T11:09:02 IST" skipped="0">
  <testcase classname="Page_Test.My_Profile_Page_Test" name="TC042_Verify_My_Profile" time="18.863"/>
  <system-out/>
  <testcase classname="Page_Test.My_Profile_Page_Test" name="TC043_Degilocker_info_and_my_Vehicles_info" time="9.587"/>
  <system-out/>
  <testcase classname="Page_Test.My_Profile_Page_Test" name="TC044_edit_profile_button" time="61.336"/>
  <system-out/>
  <testcase classname="Page_Test.My_Profile_Page_Test" name="TC045_edit_Personal_Details" time="79.849"/>
  <system-out/>
  <testcase classname="Page_Test.My_Profile_Page_Test" name="TC046_change_original_Personal_Details" time="20.438"/>
  <system-out/>
  <testcase classname="Page_Test.My_Profile_Page_Test" name="TC047_Manage_License" time="6.607"/>
  <system-out/>
  <testcase classname="Page_Test.My_Profile_Page_Test" name="TC048_Verify_emergency_contacts" time="38.802"/>
  <system-out/>
</testsuite> <!-- Page_Test.My_Profile_Page_Test -->
