<?xml version="1.0" encoding="UTF-8"?>
<!-- Generated by org.testng.reporters.JUnitReportReporter -->
<testsuite hostname="DESKTOP-DC5U0BQ" failures="0" tests="20" name="Page_Test.Home_Page_Test" time="512.798" errors="0" timestamp="2024-01-09T16:36:47 IST" skipped="0">
  <testcase classname="Page_Test.Home_Page_Test" name="TC017_Home_page_verify" time="37.468"/>
  <testcase classname="Page_Test.Home_Page_Test" name="TC018_verify_SOS" time="17.960"/>
  <testcase classname="Page_Test.Home_Page_Test" name="TC019_verify_Navigate" time="35.138"/>
  <testcase classname="Page_Test.Home_Page_Test" name="TC020_verify_Exchange" time="33.890"/>
  <testcase classname="Page_Test.Home_Page_Test" name="TC021_verify_Vehicle_details" time="16.456"/>
  <testcase classname="Page_Test.Home_Page_Test" name="TC022_verify_Vehicle_condition" time="50.286"/>
  <testcase classname="Page_Test.Home_Page_Test" name="TC023_verify_Vehicle_valution" time="31.937"/>
  <testcase classname="Page_Test.Home_Page_Test" name="TC024_Verify_Documents" time="33.272"/>
  <testcase classname="Page_Test.Home_Page_Test" name="TC025_Verify_Relationship_Manager" time="21.035"/>
  <testcase classname="Page_Test.Home_Page_Test" name="TC026_Verify_RSA" time="13.575"/>
  <testcase classname="Page_Test.Home_Page_Test" name="TC027_Renew_RSA" time="16.141"/>
  <testcase classname="Page_Test.Home_Page_Test" name="TC028_frequently_asked_questions" time="41.665"/>
  <testcase classname="Page_Test.Home_Page_Test" name="TC031_Verify_Technical_Support_Manager" time="8.585"/>
  <testcase classname="Page_Test.Home_Page_Test" name="TC032_Verify_Dealer_Locator" time="14.785"/>
  <testcase classname="Page_Test.Home_Page_Test" name="TC033_Select_city" time="42.247"/>
  <testcase classname="Page_Test.Home_Page_Test" name="TC034_View_dealer_name_and_address" time="16.388"/>
  <testcase classname="Page_Test.Home_Page_Test" name="TC035_verify_Service_at_home_page" time="32.458"/>
  <testcase classname="Page_Test.Home_Page_Test" name="TC036_verify_Latest_at_home_page" time="9.523"/>
  <testcase classname="Page_Test.Home_Page_Test" name="TC037_verify_EShop" time="22.415"/>
  <testcase classname="Page_Test.Home_Page_Test" name="TC038_verify_Benifits_Vehicle_Exchange" time="17.574"/>
</testsuite> <!-- Page_Test.Home_Page_Test -->
