<?xml version="1.0" encoding="UTF-8"?>
<!-- Generated by org.testng.reporters.JUnitReportReporter -->
<testsuite hostname="DESKTOP-VIGFA1G" failures="0" tests="28" name="Page_Test.Services_Page_Test" time="1390.338" errors="0" timestamp="2024-04-05T15:12:38 IST" skipped="0">
  <testcase classname="Page_Test.Services_Page_Test" name="TC076_Vehicle_details_on_service_page" time="8.824"/>
  <system-out/>
  <testcase classname="Page_Test.Services_Page_Test" name="TC077_verify_service_type" time="4.686"/>
  <system-out/>
  <testcase classname="Page_Test.Services_Page_Test" name="TC078_verify_Dealer_information" time="6.003"/>
  <system-out/>
  <testcase classname="Page_Test.Services_Page_Test" name="TC079_verify_Reschedule_Service" time="40.073"/>
  <system-out/>
  <testcase classname="Page_Test.Services_Page_Test" name="TC080_verify_Cancel_Service" time="7.292"/>
  <system-out/>
  <testcase classname="Page_Test.Services_Page_Test" name="TC081_Verify_dealer_manager_info" time="20.296"/>
  <system-out/>
  <testcase classname="Page_Test.Services_Page_Test" name="TC082_View_Service_schedule_750" time="58.044"/>
  <system-out/>
  <testcase classname="Page_Test.Services_Page_Test" name="TC083_View_Service_schedule_3500" time="56.173"/>
  <system-out/>
  <testcase classname="Page_Test.Services_Page_Test" name="TC084_View_Service_schedule_6500" time="60.718"/>
  <system-out/>
  <testcase classname="Page_Test.Services_Page_Test" name="TC085_View_Service_schedule_9500" time="57.107"/>
  <system-out/>
  <testcase classname="Page_Test.Services_Page_Test" name="TC086_View_Service_schedule_12500" time="62.700"/>
  <system-out/>
  <testcase classname="Page_Test.Services_Page_Test" name="TC087_View_Service_schedule_15500" time="57.525"/>
  <system-out/>
  <testcase classname="Page_Test.Services_Page_Test" name="TC088_View_Service_schedule_18500" time="53.141"/>
  <system-out/>
  <testcase classname="Page_Test.Services_Page_Test" name="TC089_View_Service_schedule_21500" time="60.566"/>
  <system-out/>
  <testcase classname="Page_Test.Services_Page_Test" name="TC090_View_Service_schedule_24500" time="53.090"/>
  <system-out/>
  <testcase classname="Page_Test.Services_Page_Test" name="TC091_View_Service_schedule_27500" time="64.796"/>
  <system-out/>
  <testcase classname="Page_Test.Services_Page_Test" name="TC092_View_Service_schedule_60_days" time="59.331"/>
  <system-out/>
  <testcase classname="Page_Test.Services_Page_Test" name="TC093_View_Service_schedule_160_days" time="59.004"/>
  <system-out/>
  <testcase classname="Page_Test.Services_Page_Test" name="TC094_View_Service_schedule_260_days" time="61.693"/>
  <system-out/>
  <testcase classname="Page_Test.Services_Page_Test" name="TC095_View_Service_schedule_360_days" time="57.031"/>
  <system-out/>
  <testcase classname="Page_Test.Services_Page_Test" name="TC096_View_Service_schedule_460_days" time="65.124"/>
  <system-out/>
  <testcase classname="Page_Test.Services_Page_Test" name="TC097_View_Service_schedule_560_days" time="59.696"/>
  <system-out/>
  <testcase classname="Page_Test.Services_Page_Test" name="TC098_View_Service_schedule_660_days" time="55.190"/>
  <system-out/>
  <testcase classname="Page_Test.Services_Page_Test" name="TC099_View_Service_schedule_760_days" time="61.128"/>
  <system-out/>
  <testcase classname="Page_Test.Services_Page_Test" name="TC100_View_Service_schedule_860_days" time="57.591"/>
  <system-out/>
  <testcase classname="Page_Test.Services_Page_Test" name="TC101_Verify_Last_Serviced" time="7.938"/>
  <system-out/>
  <testcase classname="Page_Test.Services_Page_Test" name="TC102_Verify_all_tips_list" time="120.214"/>
  <system-out/>
  <testcase classname="Page_Test.Services_Page_Test" name="TC103_Verify_all_DIY_Videos_list" time="55.364"/>
  <system-out/>
</testsuite> <!-- Page_Test.Services_Page_Test -->
