<?xml version="1.0" encoding="UTF-8"?>
<!-- Generated by org.testng.reporters.JUnitReportReporter -->
<testsuite hostname="DESKTOP-3VDDFOT" failures="0" tests="5" name="Page_Test.Vehicle_Details_test" time="153.415" errors="0" timestamp="2024-07-30T10:10:29 IST" skipped="0">
  <testcase classname="Page_Test.Vehicle_Details_test" name="TC049_Verify_My_Vehicle" time="22.652"/>
  <system-out/>
  <testcase classname="Page_Test.Vehicle_Details_test" name="TC050_Verify_My_Vehicle_Documents" time="28.266"/>
  <system-out/>
  <testcase classname="Page_Test.Vehicle_Details_test" name="TC051_Verify_My_Vehicle_Subscriptions_details" time="39.184"/>
  <system-out/>
  <testcase classname="Page_Test.Vehicle_Details_test" name="TC052_Verify_Owners_Manual" time="45.361"/>
  <system-out/>
  <testcase classname="Page_Test.Vehicle_Details_test" name="TC053_Verify_Tips_and_DIY_videos_inside_sideMenu" time="17.952"/>
  <system-out/>
</testsuite> <!-- Page_Test.Vehicle_Details_test -->
