<?xml version="1.0" encoding="UTF-8"?>
<!-- Generated by org.testng.reporters.JUnitReportReporter -->
<testsuite hostname="DESKTOP-DC5U0BQ" failures="0" tests="20" name="Page_Test.Home_Page_Test" time="543.740" errors="0" timestamp="2024-01-14T11:32:24 IST" skipped="0">
  <testcase classname="Page_Test.Home_Page_Test" name="TC017_Home_page_verify" time="47.204"/>
  <testcase classname="Page_Test.Home_Page_Test" name="TC018_verify_SOS" time="20.400"/>
  <testcase classname="Page_Test.Home_Page_Test" name="TC019_verify_Navigate" time="33.938"/>
  <testcase classname="Page_Test.Home_Page_Test" name="TC020_verify_Exchange" time="33.329"/>
  <testcase classname="Page_Test.Home_Page_Test" name="TC021_verify_Vehicle_details" time="12.581"/>
  <testcase classname="Page_Test.Home_Page_Test" name="TC022_verify_Vehicle_condition" time="47.428"/>
  <testcase classname="Page_Test.Home_Page_Test" name="TC023_verify_Vehicle_valution" time="31.916"/>
  <testcase classname="Page_Test.Home_Page_Test" name="TC024_Verify_Documents" time="33.004"/>
  <testcase classname="Page_Test.Home_Page_Test" name="TC025_Verify_Relationship_Manager" time="21.328"/>
  <testcase classname="Page_Test.Home_Page_Test" name="TC026_Verify_RSA" time="11.772"/>
  <testcase classname="Page_Test.Home_Page_Test" name="TC027_Renew_RSA" time="13.428"/>
  <testcase classname="Page_Test.Home_Page_Test" name="TC028_frequently_asked_questions" time="44.345"/>
  <testcase classname="Page_Test.Home_Page_Test" name="TC031_Verify_Technical_Support_Manager" time="9.253"/>
  <testcase classname="Page_Test.Home_Page_Test" name="TC032_Verify_Dealer_Locator" time="14.506"/>
  <testcase classname="Page_Test.Home_Page_Test" name="TC033_Select_city" time="37.760"/>
  <testcase classname="Page_Test.Home_Page_Test" name="TC034_View_dealer_name_and_address" time="13.464"/>
  <testcase classname="Page_Test.Home_Page_Test" name="TC035_verify_Service_at_home_page" time="58.071"/>
  <testcase classname="Page_Test.Home_Page_Test" name="TC036_verify_Latest_at_home_page" time="12.361"/>
  <testcase classname="Page_Test.Home_Page_Test" name="TC037_verify_EShop" time="31.500"/>
  <testcase classname="Page_Test.Home_Page_Test" name="TC038_verify_Benifits_Vehicle_Exchange" time="16.152"/>
</testsuite> <!-- Page_Test.Home_Page_Test -->
