<?xml version="1.0" encoding="UTF-8"?>
<!-- Generated by org.testng.reporters.JUnitReportReporter -->
<testsuite hostname="users-MacBook-Pro.local" failures="0" tests="13" name="Page_Test.Login_Page_Test" time="284.930" errors="0" timestamp="2024-08-01T11:29:14 IST" skipped="0">
  <testcase classname="Page_Test.Login_Page_Test" name="TC001_Verify_Login_with_Invalid_credential" time="11.703"/>
  <system-out/>
  <testcase classname="Page_Test.Login_Page_Test" name="TC002_invalidmobileno" time="12.271"/>
  <system-out/>
  <testcase classname="Page_Test.Login_Page_Test" name="TC003_verify_update_number" time="19.797"/>
  <system-out/>
  <testcase classname="Page_Test.Login_Page_Test" name="TC004_Verify_Login_with_short_length_of_mobile_number_credential" time="6.304"/>
  <system-out/>
  <testcase classname="Page_Test.Login_Page_Test" name="TC005_max_digit_mobile_number" time="7.272"/>
  <system-out/>
  <testcase classname="Page_Test.Login_Page_Test" name="TC006_Terms_of_use_button" time="16.864"/>
  <system-out/>
  <testcase classname="Page_Test.Login_Page_Test" name="TC007_Privacy_policy" time="29.517"/>
  <system-out/>
  <testcase classname="Page_Test.Login_Page_Test" name="TC008_contact_Us" time="7.906"/>
  <system-out/>
  <testcase classname="Page_Test.Login_Page_Test" name="TC009_Continue_as_guest" time="47.780"/>
  <system-out/>
  <testcase classname="Page_Test.Login_Page_Test" name="TC010_Verify_Login_with_valid_credential" time="39.032"/>
  <system-out/>
  <testcase classname="Page_Test.Login_Page_Test" name="TC011_resend_butn" time="20.274"/>
  <system-out/>
  <testcase classname="Page_Test.Login_Page_Test" name="TC012_inavalid_OTP" time="23.803"/>
  <system-out/>
  <testcase classname="Page_Test.Login_Page_Test" name="TC013_edit_moble" time="42.407"/>
  <system-out/>
</testsuite> <!-- Page_Test.Login_Page_Test -->
