<?xml version="1.0" encoding="UTF-8"?>
<!-- Generated by org.testng.reporters.JUnitReportReporter -->
<testsuite hostname="DESKTOP-VIGFA1G" failures="0" tests="2" name="Page_Test.E_Shop_test" time="144.892" errors="0" timestamp="2024-05-23T17:46:54 IST" skipped="0">
  <testcase classname="Page_Test.E_Shop_test" name="TC115_registered_customers" time="52.925"/>
  <system-out/>
  <testcase classname="Page_Test.E_Shop_test" name="TC116_new_customers" time="91.967"/>
  <system-out/>
</testsuite> <!-- Page_Test.E_Shop_test -->
