<?xml version="1.0" encoding="UTF-8"?>
<!-- Generated by org.testng.reporters.JUnitReportReporter -->
<testsuite hostname="DESKTOP-DC5U0BQ" failures="0" tests="27" name="Page_Test.Services_Page_Test" time="915.845" errors="0" timestamp="2023-12-11T21:26:01 IST" skipped="0">
  <testcase classname="Page_Test.Services_Page_Test" name="TC066_Vehicle_details_on_service_page" time="7.010"/>
  <testcase classname="Page_Test.Services_Page_Test" name="TC067_verify_service_type" time="3.288"/>
  <testcase classname="Page_Test.Services_Page_Test" name="TC068_verify_Dealer_information" time="4.770"/>
  <testcase classname="Page_Test.Services_Page_Test" name="TC069_Verify_dealer_manager_info" time="41.495"/>
  <testcase classname="Page_Test.Services_Page_Test" name="TC070_View_Service_schedule_750" time="42.987"/>
  <testcase classname="Page_Test.Services_Page_Test" name="TC071_View_Service_schedule_3500" time="31.341"/>
  <testcase classname="Page_Test.Services_Page_Test" name="TC072_View_Service_schedule_6500" time="43.144"/>
  <testcase classname="Page_Test.Services_Page_Test" name="TC073_View_Service_schedule_9500" time="31.883"/>
  <testcase classname="Page_Test.Services_Page_Test" name="TC074_View_Service_schedule_12500" time="44.175"/>
  <testcase classname="Page_Test.Services_Page_Test" name="TC075_View_Service_schedule_15500" time="41.092"/>
  <testcase classname="Page_Test.Services_Page_Test" name="TC076_View_Service_schedule_18500" time="32.278"/>
  <testcase classname="Page_Test.Services_Page_Test" name="TC077_View_Service_schedule_21500" time="44.425"/>
  <testcase classname="Page_Test.Services_Page_Test" name="TC078_View_Service_schedule_24500" time="33.124"/>
  <testcase classname="Page_Test.Services_Page_Test" name="TC079_View_Service_schedule_27500" time="44.008"/>
  <testcase classname="Page_Test.Services_Page_Test" name="TC080_View_Service_schedule_60_days" time="49.507"/>
  <testcase classname="Page_Test.Services_Page_Test" name="TC081_View_Service_schedule_160_days" time="30.227"/>
  <testcase classname="Page_Test.Services_Page_Test" name="TC082_View_Service_schedule_260_days" time="43.442"/>
  <testcase classname="Page_Test.Services_Page_Test" name="TC083_View_Service_schedule_360_days" time="31.406"/>
  <testcase classname="Page_Test.Services_Page_Test" name="TC084_View_Service_schedule_460_days" time="42.779"/>
  <testcase classname="Page_Test.Services_Page_Test" name="TC085_View_Service_schedule_560_days" time="40.519"/>
  <testcase classname="Page_Test.Services_Page_Test" name="TC086_View_Service_schedule_660_days" time="31.645"/>
  <testcase classname="Page_Test.Services_Page_Test" name="TC087_View_Service_schedule_760_days" time="43.159"/>
  <testcase classname="Page_Test.Services_Page_Test" name="TC088_View_Service_schedule_860_days" time="29.944"/>
  <testcase classname="Page_Test.Services_Page_Test" name="TC089_View_Service_schedule_960_days" time="46.143"/>
  <testcase classname="Page_Test.Services_Page_Test" name="TC090_Verify_Last_Serviced" time="5.336"/>
  <testcase classname="Page_Test.Services_Page_Test" name="TC091_Verify_all_tips_list" time="30.579"/>
  <testcase classname="Page_Test.Services_Page_Test" name="TC092_Verify_all_DIY_Videos_list" time="46.139"/>
</testsuite> <!-- Page_Test.Services_Page_Test -->
