<?xml version="1.0" encoding="UTF-8"?>
<!-- Generated by org.testng.reporters.JUnitReportReporter -->
<testsuite hostname="DESKTOP-DC5U0BQ" failures="0" tests="12" name="Page_Test.Refer_a_friend_and_Contact_us_test" time="296.196" errors="1" timestamp="2024-01-14T11:32:24 IST" skipped="0">
  <testcase classname="Page_Test.Refer_a_friend_and_Contact_us_test" name="TC052_Refer_a_friend" time="27.280"/>
  <testcase classname="Page_Test.Refer_a_friend_and_Contact_us_test" name="TC053_Verify_Select_State" time="20.949"/>
  <testcase classname="Page_Test.Refer_a_friend_and_Contact_us_test" name="TC054_Verify_Select_City" time="8.346"/>
  <testcase classname="Page_Test.Refer_a_friend_and_Contact_us_test" name="TC055_Verify_Select_Model" time="35.199"/>
  <testcase classname="Page_Test.Refer_a_friend_and_Contact_us_test" name="TC056_Verify_Refer_yourself" time="30.218">
    <error message="Cannot invoke &quot;com.utility.listner.getcapcture(String)&quot; because &quot;com.utility.Base_Utility.lis&quot; is null" type="java.lang.NullPointerException">
      <![CDATA[java.lang.NullPointerException: Cannot invoke "com.utility.listner.getcapcture(String)" because "com.utility.Base_Utility.lis" is null
at com.utility.Base_Utility.Custom_click(Base_Utility.java:324)
at Page_Test.Refer_a_friend_and_Contact_us_test.TC056_Verify_Refer_yourself(Refer_a_friend_and_Contact_us_test.java:64)
at java.base/jdk.internal.reflect.DirectMethodHandleAccessor.invoke(DirectMethodHandleAccessor.java:104)
at java.base/java.lang.reflect.Method.invoke(Method.java:578)
at org.testng.internal.invokers.MethodInvocationHelper.invokeMethod(MethodInvocationHelper.java:139)
at org.testng.internal.invokers.TestInvoker.invokeMethod(TestInvoker.java:664)
at org.testng.internal.invokers.TestInvoker.invokeTestMethod(TestInvoker.java:228)
at org.testng.internal.invokers.MethodRunner.runInSequence(MethodRunner.java:63)
at org.testng.internal.invokers.TestInvoker$MethodInvocationAgent.invoke(TestInvoker.java:961)
at org.testng.internal.invokers.TestInvoker.invokeTestMethods(TestInvoker.java:201)
at org.testng.internal.invokers.TestMethodWorker.invokeTestMethods(TestMethodWorker.java:148)
at org.testng.internal.invokers.TestMethodWorker.run(TestMethodWorker.java:128)
at java.base/java.util.ArrayList.forEach(ArrayList.java:1511)
at org.testng.TestRunner.privateRun(TestRunner.java:819)
at org.testng.TestRunner.run(TestRunner.java:619)
at org.testng.SuiteRunner.runTest(SuiteRunner.java:443)
at org.testng.SuiteRunner.runSequentially(SuiteRunner.java:437)
at org.testng.SuiteRunner.privateRun(SuiteRunner.java:397)
at org.testng.SuiteRunner.run(SuiteRunner.java:336)
at org.testng.SuiteRunnerWorker.runSuite(SuiteRunnerWorker.java:52)
at org.testng.SuiteRunnerWorker.run(SuiteRunnerWorker.java:95)
at org.testng.TestNG.runSuitesSequentially(TestNG.java:1301)
at org.testng.TestNG.runSuitesLocally(TestNG.java:1228)
at org.testng.TestNG.runSuites(TestNG.java:1134)
at org.testng.TestNG.run(TestNG.java:1101)
at org.testng.remote.AbstractRemoteTestNG.run(AbstractRemoteTestNG.java:115)
at org.testng.remote.RemoteTestNG.initAndRun(RemoteTestNG.java:251)
at org.testng.remote.RemoteTestNG.main(RemoteTestNG.java:77)
]]>
    </error>
  </testcase> <!-- TC056_Verify_Refer_yourself -->
  <testcase classname="Page_Test.Refer_a_friend_and_Contact_us_test" name="TC057_Verify_Facebook_in_Contact_us_page" time="54.053"/>
  <testcase classname="Page_Test.Refer_a_friend_and_Contact_us_test" name="TC058_Verify_instagram_in_Contact_us_page" time="17.369"/>
  <testcase classname="Page_Test.Refer_a_friend_and_Contact_us_test" name="TC059_Verify_Whatsapp_in_Contact_us_page" time="8.901"/>
  <testcase classname="Page_Test.Refer_a_friend_and_Contact_us_test" name="TC060_Verify_youTube_in_Contact_us_page" time="24.302"/>
  <testcase classname="Page_Test.Refer_a_friend_and_Contact_us_test" name="TC061_Verify_Linkedin_in_Contact_us_page" time="33.196"/>
  <testcase classname="Page_Test.Refer_a_friend_and_Contact_us_test" name="TC062_Verify_twitter_in_Contact_us_page" time="20.205"/>
  <testcase classname="Page_Test.Refer_a_friend_and_Contact_us_test" name="TC063_Verify_Contact_via_Email" time="16.178"/>
</testsuite> <!-- Page_Test.Refer_a_friend_and_Contact_us_test -->
