<?xml version="1.0" encoding="UTF-8"?>
<!-- Generated by org.testng.reporters.JUnitReportReporter -->
<testsuite hostname="DESKTOP-3VDDFOT" failures="0" tests="10" name="Page_Test.Feedback_and_About_Hero_test" time="227.727" errors="10" timestamp="2024-07-30T10:10:29 IST" skipped="0">
  <testcase classname="Page_Test.Feedback_and_About_Hero_test" name="TC068_Verify_App_Related_Feedback" time="33.381">
    <error message="Cannot invoke &quot;com.utility.listner.getcapcture(String)&quot; because &quot;com.utility.Base_Utility.lis&quot; is null" type="java.lang.NullPointerException">
      <![CDATA[java.lang.NullPointerException: Cannot invoke "com.utility.listner.getcapcture(String)" because "com.utility.Base_Utility.lis" is null
at com.utility.Base_Utility.Custom_click(Base_Utility.java:309)
at Page_Test.Feedback_and_About_Hero_test.TC068_Verify_App_Related_Feedback(Feedback_and_About_Hero_test.java:30)
at java.base/jdk.internal.reflect.DirectMethodHandleAccessor.invoke(DirectMethodHandleAccessor.java:103)
at java.base/java.lang.reflect.Method.invoke(Method.java:580)
at org.testng.internal.invokers.MethodInvocationHelper.invokeMethod(MethodInvocationHelper.java:139)
at org.testng.internal.invokers.TestInvoker.invokeMethod(TestInvoker.java:677)
at org.testng.internal.invokers.TestInvoker.invokeTestMethod(TestInvoker.java:221)
at org.testng.internal.invokers.MethodRunner.runInSequence(MethodRunner.java:50)
at org.testng.internal.invokers.TestInvoker$MethodInvocationAgent.invoke(TestInvoker.java:969)
at org.testng.internal.invokers.TestInvoker.invokeTestMethods(TestInvoker.java:194)
at org.testng.internal.invokers.TestMethodWorker.invokeTestMethods(TestMethodWorker.java:148)
at org.testng.internal.invokers.TestMethodWorker.run(TestMethodWorker.java:128)
at java.base/java.util.ArrayList.forEach(ArrayList.java:1597)
at org.testng.TestRunner.privateRun(TestRunner.java:829)
at org.testng.TestRunner.run(TestRunner.java:602)
at org.testng.SuiteRunner.runTest(SuiteRunner.java:437)
at org.testng.SuiteRunner.runSequentially(SuiteRunner.java:431)
at org.testng.SuiteRunner.privateRun(SuiteRunner.java:391)
at org.testng.SuiteRunner.run(SuiteRunner.java:330)
at org.testng.SuiteRunnerWorker.runSuite(SuiteRunnerWorker.java:52)
at org.testng.SuiteRunnerWorker.run(SuiteRunnerWorker.java:95)
at org.testng.TestNG.runSuitesSequentially(TestNG.java:1256)
at org.testng.TestNG.runSuitesLocally(TestNG.java:1176)
at org.testng.TestNG.runSuites(TestNG.java:1099)
at org.testng.TestNG.run(TestNG.java:1067)
at org.testng.remote.AbstractRemoteTestNG.run(AbstractRemoteTestNG.java:115)
at org.testng.remote.RemoteTestNG.initAndRun(RemoteTestNG.java:293)
at org.testng.remote.RemoteTestNG.main(RemoteTestNG.java:91)
]]>
    </error>
  </testcase> <!-- TC068_Verify_App_Related_Feedback -->
  <system-out/>
  <testcase classname="Page_Test.Feedback_and_About_Hero_test" name="TC069_Verify_Sales_Feedback" time="20.171">
    <error message="Cannot invoke &quot;com.utility.listner.getcapcture(String)&quot; because &quot;com.utility.Base_Utility.lis&quot; is null" type="java.lang.NullPointerException">
      <![CDATA[java.lang.NullPointerException: Cannot invoke "com.utility.listner.getcapcture(String)" because "com.utility.Base_Utility.lis" is null
at com.utility.Base_Utility.Custom_click(Base_Utility.java:309)
at Page_Test.Feedback_and_About_Hero_test.TC069_Verify_Sales_Feedback(Feedback_and_About_Hero_test.java:40)
at java.base/jdk.internal.reflect.DirectMethodHandleAccessor.invoke(DirectMethodHandleAccessor.java:103)
at java.base/java.lang.reflect.Method.invoke(Method.java:580)
at org.testng.internal.invokers.MethodInvocationHelper.invokeMethod(MethodInvocationHelper.java:139)
at org.testng.internal.invokers.TestInvoker.invokeMethod(TestInvoker.java:677)
at org.testng.internal.invokers.TestInvoker.invokeTestMethod(TestInvoker.java:221)
at org.testng.internal.invokers.MethodRunner.runInSequence(MethodRunner.java:50)
at org.testng.internal.invokers.TestInvoker$MethodInvocationAgent.invoke(TestInvoker.java:969)
at org.testng.internal.invokers.TestInvoker.invokeTestMethods(TestInvoker.java:194)
at org.testng.internal.invokers.TestMethodWorker.invokeTestMethods(TestMethodWorker.java:148)
at org.testng.internal.invokers.TestMethodWorker.run(TestMethodWorker.java:128)
at java.base/java.util.ArrayList.forEach(ArrayList.java:1597)
at org.testng.TestRunner.privateRun(TestRunner.java:829)
at org.testng.TestRunner.run(TestRunner.java:602)
at org.testng.SuiteRunner.runTest(SuiteRunner.java:437)
at org.testng.SuiteRunner.runSequentially(SuiteRunner.java:431)
at org.testng.SuiteRunner.privateRun(SuiteRunner.java:391)
at org.testng.SuiteRunner.run(SuiteRunner.java:330)
at org.testng.SuiteRunnerWorker.runSuite(SuiteRunnerWorker.java:52)
at org.testng.SuiteRunnerWorker.run(SuiteRunnerWorker.java:95)
at org.testng.TestNG.runSuitesSequentially(TestNG.java:1256)
at org.testng.TestNG.runSuitesLocally(TestNG.java:1176)
at org.testng.TestNG.runSuites(TestNG.java:1099)
at org.testng.TestNG.run(TestNG.java:1067)
at org.testng.remote.AbstractRemoteTestNG.run(AbstractRemoteTestNG.java:115)
at org.testng.remote.RemoteTestNG.initAndRun(RemoteTestNG.java:293)
at org.testng.remote.RemoteTestNG.main(RemoteTestNG.java:91)
]]>
    </error>
  </testcase> <!-- TC069_Verify_Sales_Feedback -->
  <system-out/>
  <testcase classname="Page_Test.Feedback_and_About_Hero_test" name="TC070_Verify_Service_Feedback" time="20.332">
    <error message="Cannot invoke &quot;com.utility.listner.getcapcture(String)&quot; because &quot;com.utility.Base_Utility.lis&quot; is null" type="java.lang.NullPointerException">
      <![CDATA[java.lang.NullPointerException: Cannot invoke "com.utility.listner.getcapcture(String)" because "com.utility.Base_Utility.lis" is null
at com.utility.Base_Utility.Custom_click(Base_Utility.java:309)
at Page_Test.Feedback_and_About_Hero_test.TC070_Verify_Service_Feedback(Feedback_and_About_Hero_test.java:50)
at java.base/jdk.internal.reflect.DirectMethodHandleAccessor.invoke(DirectMethodHandleAccessor.java:103)
at java.base/java.lang.reflect.Method.invoke(Method.java:580)
at org.testng.internal.invokers.MethodInvocationHelper.invokeMethod(MethodInvocationHelper.java:139)
at org.testng.internal.invokers.TestInvoker.invokeMethod(TestInvoker.java:677)
at org.testng.internal.invokers.TestInvoker.invokeTestMethod(TestInvoker.java:221)
at org.testng.internal.invokers.MethodRunner.runInSequence(MethodRunner.java:50)
at org.testng.internal.invokers.TestInvoker$MethodInvocationAgent.invoke(TestInvoker.java:969)
at org.testng.internal.invokers.TestInvoker.invokeTestMethods(TestInvoker.java:194)
at org.testng.internal.invokers.TestMethodWorker.invokeTestMethods(TestMethodWorker.java:148)
at org.testng.internal.invokers.TestMethodWorker.run(TestMethodWorker.java:128)
at java.base/java.util.ArrayList.forEach(ArrayList.java:1597)
at org.testng.TestRunner.privateRun(TestRunner.java:829)
at org.testng.TestRunner.run(TestRunner.java:602)
at org.testng.SuiteRunner.runTest(SuiteRunner.java:437)
at org.testng.SuiteRunner.runSequentially(SuiteRunner.java:431)
at org.testng.SuiteRunner.privateRun(SuiteRunner.java:391)
at org.testng.SuiteRunner.run(SuiteRunner.java:330)
at org.testng.SuiteRunnerWorker.runSuite(SuiteRunnerWorker.java:52)
at org.testng.SuiteRunnerWorker.run(SuiteRunnerWorker.java:95)
at org.testng.TestNG.runSuitesSequentially(TestNG.java:1256)
at org.testng.TestNG.runSuitesLocally(TestNG.java:1176)
at org.testng.TestNG.runSuites(TestNG.java:1099)
at org.testng.TestNG.run(TestNG.java:1067)
at org.testng.remote.AbstractRemoteTestNG.run(AbstractRemoteTestNG.java:115)
at org.testng.remote.RemoteTestNG.initAndRun(RemoteTestNG.java:293)
at org.testng.remote.RemoteTestNG.main(RemoteTestNG.java:91)
]]>
    </error>
  </testcase> <!-- TC070_Verify_Service_Feedback -->
  <system-out/>
  <testcase classname="Page_Test.Feedback_and_About_Hero_test" name="TC071_Verify_Parts_Feedback" time="20.214">
    <error message="Cannot invoke &quot;com.utility.listner.getcapcture(String)&quot; because &quot;com.utility.Base_Utility.lis&quot; is null" type="java.lang.NullPointerException">
      <![CDATA[java.lang.NullPointerException: Cannot invoke "com.utility.listner.getcapcture(String)" because "com.utility.Base_Utility.lis" is null
at com.utility.Base_Utility.Custom_click(Base_Utility.java:309)
at Page_Test.Feedback_and_About_Hero_test.TC071_Verify_Parts_Feedback(Feedback_and_About_Hero_test.java:60)
at java.base/jdk.internal.reflect.DirectMethodHandleAccessor.invoke(DirectMethodHandleAccessor.java:103)
at java.base/java.lang.reflect.Method.invoke(Method.java:580)
at org.testng.internal.invokers.MethodInvocationHelper.invokeMethod(MethodInvocationHelper.java:139)
at org.testng.internal.invokers.TestInvoker.invokeMethod(TestInvoker.java:677)
at org.testng.internal.invokers.TestInvoker.invokeTestMethod(TestInvoker.java:221)
at org.testng.internal.invokers.MethodRunner.runInSequence(MethodRunner.java:50)
at org.testng.internal.invokers.TestInvoker$MethodInvocationAgent.invoke(TestInvoker.java:969)
at org.testng.internal.invokers.TestInvoker.invokeTestMethods(TestInvoker.java:194)
at org.testng.internal.invokers.TestMethodWorker.invokeTestMethods(TestMethodWorker.java:148)
at org.testng.internal.invokers.TestMethodWorker.run(TestMethodWorker.java:128)
at java.base/java.util.ArrayList.forEach(ArrayList.java:1597)
at org.testng.TestRunner.privateRun(TestRunner.java:829)
at org.testng.TestRunner.run(TestRunner.java:602)
at org.testng.SuiteRunner.runTest(SuiteRunner.java:437)
at org.testng.SuiteRunner.runSequentially(SuiteRunner.java:431)
at org.testng.SuiteRunner.privateRun(SuiteRunner.java:391)
at org.testng.SuiteRunner.run(SuiteRunner.java:330)
at org.testng.SuiteRunnerWorker.runSuite(SuiteRunnerWorker.java:52)
at org.testng.SuiteRunnerWorker.run(SuiteRunnerWorker.java:95)
at org.testng.TestNG.runSuitesSequentially(TestNG.java:1256)
at org.testng.TestNG.runSuitesLocally(TestNG.java:1176)
at org.testng.TestNG.runSuites(TestNG.java:1099)
at org.testng.TestNG.run(TestNG.java:1067)
at org.testng.remote.AbstractRemoteTestNG.run(AbstractRemoteTestNG.java:115)
at org.testng.remote.RemoteTestNG.initAndRun(RemoteTestNG.java:293)
at org.testng.remote.RemoteTestNG.main(RemoteTestNG.java:91)
]]>
    </error>
  </testcase> <!-- TC071_Verify_Parts_Feedback -->
  <system-out/>
  <testcase classname="Page_Test.Feedback_and_About_Hero_test" name="TC072_Verify_Goodlife_Feedback" time="20.192">
    <error message="Cannot invoke &quot;com.utility.listner.getcapcture(String)&quot; because &quot;com.utility.Base_Utility.lis&quot; is null" type="java.lang.NullPointerException">
      <![CDATA[java.lang.NullPointerException: Cannot invoke "com.utility.listner.getcapcture(String)" because "com.utility.Base_Utility.lis" is null
at com.utility.Base_Utility.Custom_click(Base_Utility.java:309)
at Page_Test.Feedback_and_About_Hero_test.TC072_Verify_Goodlife_Feedback(Feedback_and_About_Hero_test.java:71)
at java.base/jdk.internal.reflect.DirectMethodHandleAccessor.invoke(DirectMethodHandleAccessor.java:103)
at java.base/java.lang.reflect.Method.invoke(Method.java:580)
at org.testng.internal.invokers.MethodInvocationHelper.invokeMethod(MethodInvocationHelper.java:139)
at org.testng.internal.invokers.TestInvoker.invokeMethod(TestInvoker.java:677)
at org.testng.internal.invokers.TestInvoker.invokeTestMethod(TestInvoker.java:221)
at org.testng.internal.invokers.MethodRunner.runInSequence(MethodRunner.java:50)
at org.testng.internal.invokers.TestInvoker$MethodInvocationAgent.invoke(TestInvoker.java:969)
at org.testng.internal.invokers.TestInvoker.invokeTestMethods(TestInvoker.java:194)
at org.testng.internal.invokers.TestMethodWorker.invokeTestMethods(TestMethodWorker.java:148)
at org.testng.internal.invokers.TestMethodWorker.run(TestMethodWorker.java:128)
at java.base/java.util.ArrayList.forEach(ArrayList.java:1597)
at org.testng.TestRunner.privateRun(TestRunner.java:829)
at org.testng.TestRunner.run(TestRunner.java:602)
at org.testng.SuiteRunner.runTest(SuiteRunner.java:437)
at org.testng.SuiteRunner.runSequentially(SuiteRunner.java:431)
at org.testng.SuiteRunner.privateRun(SuiteRunner.java:391)
at org.testng.SuiteRunner.run(SuiteRunner.java:330)
at org.testng.SuiteRunnerWorker.runSuite(SuiteRunnerWorker.java:52)
at org.testng.SuiteRunnerWorker.run(SuiteRunnerWorker.java:95)
at org.testng.TestNG.runSuitesSequentially(TestNG.java:1256)
at org.testng.TestNG.runSuitesLocally(TestNG.java:1176)
at org.testng.TestNG.runSuites(TestNG.java:1099)
at org.testng.TestNG.run(TestNG.java:1067)
at org.testng.remote.AbstractRemoteTestNG.run(AbstractRemoteTestNG.java:115)
at org.testng.remote.RemoteTestNG.initAndRun(RemoteTestNG.java:293)
at org.testng.remote.RemoteTestNG.main(RemoteTestNG.java:91)
]]>
    </error>
  </testcase> <!-- TC072_Verify_Goodlife_Feedback -->
  <system-out/>
  <testcase classname="Page_Test.Feedback_and_About_Hero_test" name="TC073_Verify_Suggestions_Feedback" time="20.335">
    <error message="Cannot invoke &quot;com.utility.listner.getcapcture(String)&quot; because &quot;com.utility.Base_Utility.lis&quot; is null" type="java.lang.NullPointerException">
      <![CDATA[java.lang.NullPointerException: Cannot invoke "com.utility.listner.getcapcture(String)" because "com.utility.Base_Utility.lis" is null
at com.utility.Base_Utility.Custom_click(Base_Utility.java:309)
at Page_Test.Feedback_and_About_Hero_test.TC073_Verify_Suggestions_Feedback(Feedback_and_About_Hero_test.java:81)
at java.base/jdk.internal.reflect.DirectMethodHandleAccessor.invoke(DirectMethodHandleAccessor.java:103)
at java.base/java.lang.reflect.Method.invoke(Method.java:580)
at org.testng.internal.invokers.MethodInvocationHelper.invokeMethod(MethodInvocationHelper.java:139)
at org.testng.internal.invokers.TestInvoker.invokeMethod(TestInvoker.java:677)
at org.testng.internal.invokers.TestInvoker.invokeTestMethod(TestInvoker.java:221)
at org.testng.internal.invokers.MethodRunner.runInSequence(MethodRunner.java:50)
at org.testng.internal.invokers.TestInvoker$MethodInvocationAgent.invoke(TestInvoker.java:969)
at org.testng.internal.invokers.TestInvoker.invokeTestMethods(TestInvoker.java:194)
at org.testng.internal.invokers.TestMethodWorker.invokeTestMethods(TestMethodWorker.java:148)
at org.testng.internal.invokers.TestMethodWorker.run(TestMethodWorker.java:128)
at java.base/java.util.ArrayList.forEach(ArrayList.java:1597)
at org.testng.TestRunner.privateRun(TestRunner.java:829)
at org.testng.TestRunner.run(TestRunner.java:602)
at org.testng.SuiteRunner.runTest(SuiteRunner.java:437)
at org.testng.SuiteRunner.runSequentially(SuiteRunner.java:431)
at org.testng.SuiteRunner.privateRun(SuiteRunner.java:391)
at org.testng.SuiteRunner.run(SuiteRunner.java:330)
at org.testng.SuiteRunnerWorker.runSuite(SuiteRunnerWorker.java:52)
at org.testng.SuiteRunnerWorker.run(SuiteRunnerWorker.java:95)
at org.testng.TestNG.runSuitesSequentially(TestNG.java:1256)
at org.testng.TestNG.runSuitesLocally(TestNG.java:1176)
at org.testng.TestNG.runSuites(TestNG.java:1099)
at org.testng.TestNG.run(TestNG.java:1067)
at org.testng.remote.AbstractRemoteTestNG.run(AbstractRemoteTestNG.java:115)
at org.testng.remote.RemoteTestNG.initAndRun(RemoteTestNG.java:293)
at org.testng.remote.RemoteTestNG.main(RemoteTestNG.java:91)
]]>
    </error>
  </testcase> <!-- TC073_Verify_Suggestions_Feedback -->
  <system-out/>
  <testcase classname="Page_Test.Feedback_and_About_Hero_test" name="TC074_verify_About_Hero" time="23.505">
    <error message="An element could not be located on the page using the given search parameters.
For documentation on this error, please visit: https://selenium.dev/exceptions/#no_such_element
Build info: version: &#039;4.8.1&#039;, revision: &#039;8ebccac989&#039;
System info: os.name: &#039;Windows 10&#039;, os.arch: &#039;amd64&#039;, os.version: &#039;10.0&#039;, java.version: &#039;22.0.1&#039;
Driver info: io.appium.java_client.android.AndroidDriver
Command: [85bc10a3-73d7-4493-b14f-75c3fdb46734, findElement {using=xpath, value=(//android.widget.TextView[@resource-id =&#039;com.customerapp.hero:id/rv_item_lbl&#039;])[10]}]
Capabilities {appium:app: /opt/raid-data/data/userV2/..., appium:appActivity: com.customerapp.hero.views...., appium:appPackage: com.customerapp.hero, appium:automationName: uiautomator2, appium:chromedriverPort: 30032, appium:databaseEnabled: false, appium:desired: {app: /opt/raid-data/data/userV2/..., appActivity: com.customerapp.hero.views...., appPackage: com.customerapp.hero, automationName: uiautomator2, chromedriverPort: 30032, deviceName: 778, launchTimeout: 90000, newCommandTimeout: 600, pcloudy:options: {appiumVersion: 2.0.0, pCloudy_ApiKey: gb2hycp3rd35mt73jy4vc85f, pCloudy_DeviceManufacturer: SAMSUNG, pCloudy_DeviceVersion: 13.0.0, pCloudy_DurationInMinutes: 120, pCloudy_EnableDeviceLogs: true, pCloudy_EnablePerformanceData: true, pCloudy_EnableVideo: true, pCloudy_Username: anil1.singh@heromotocorp.com, pCloudy_WildNet: false}, platformName: android, platformVersion: 12.0.0, systemPort: 30034, udid: RZ8R916R5ND}, appium:deviceApiLevel: 33, appium:deviceManufacturer: samsung, appium:deviceModel: SM-M127G, appium:deviceName: RZ8R916R5ND, appium:deviceScreenDensity: 300, appium:deviceScreenSize: 720x1600, appium:deviceUDID: RZ8R916R5ND, appium:javascriptEnabled: true, appium:launchTimeout: 90000, appium:locationContextEnabled: false, appium:networkConnectionEnabled: true, appium:newCommandTimeout: 600, appium:pixelRatio: 1.875, appium:platformVersion: 13, appium:statBarHeight: 45, appium:systemPort: 30034, appium:takesScreenshot: true, appium:udid: RZ8R916R5ND, appium:viewportRect: {height: 1420, left: 0, top: 45, width: 720}, appium:warnings: {}, appium:webStorageEnabled: false, pcloudy:options: {appiumVersion: 2.0.0, pCloudy_ApiKey: gb2hycp3rd35mt73jy4vc85f, pCloudy_DeviceManufacturer: SAMSUNG, pCloudy_DeviceVersion: 13.0.0, pCloudy_DurationInMinutes: 120, pCloudy_EnableDeviceLogs: true, pCloudy_EnablePerformanceData: true, pCloudy_EnableVideo: true, pCloudy_Username: anil1.singh@heromotocorp.com, pCloudy_WildNet: false}, platformName: ANDROID}
Session ID: 85bc10a3-73d7-4493-b14f-75c3fdb46734" type="org.openqa.selenium.NoSuchElementException">
      <![CDATA[org.openqa.selenium.NoSuchElementException: An element could not be located on the page using the given search parameters.
For documentation on this error, please visit: https://selenium.dev/exceptions/#no_such_element
Build info: version: '4.8.1', revision: '8ebccac989'
System info: os.name: 'Windows 10', os.arch: 'amd64', os.version: '10.0', java.version: '22.0.1'
Driver info: io.appium.java_client.android.AndroidDriver
Command: [85bc10a3-73d7-4493-b14f-75c3fdb46734, findElement {using=xpath, value=(//android.widget.TextView[@resource-id ='com.customerapp.hero:id/rv_item_lbl'])[10]}]
Capabilities {appium:app: /opt/raid-data/data/userV2/..., appium:appActivity: com.customerapp.hero.views...., appium:appPackage: com.customerapp.hero, appium:automationName: uiautomator2, appium:chromedriverPort: 30032, appium:databaseEnabled: false, appium:desired: {app: /opt/raid-data/data/userV2/..., appActivity: com.customerapp.hero.views...., appPackage: com.customerapp.hero, automationName: uiautomator2, chromedriverPort: 30032, deviceName: 778, launchTimeout: 90000, newCommandTimeout: 600, pcloudy:options: {appiumVersion: 2.0.0, pCloudy_ApiKey: gb2hycp3rd35mt73jy4vc85f, pCloudy_DeviceManufacturer: SAMSUNG, pCloudy_DeviceVersion: 13.0.0, pCloudy_DurationInMinutes: 120, pCloudy_EnableDeviceLogs: true, pCloudy_EnablePerformanceData: true, pCloudy_EnableVideo: true, pCloudy_Username: anil1.singh@heromotocorp.com, pCloudy_WildNet: false}, platformName: android, platformVersion: 12.0.0, systemPort: 30034, udid: RZ8R916R5ND}, appium:deviceApiLevel: 33, appium:deviceManufacturer: samsung, appium:deviceModel: SM-M127G, appium:deviceName: RZ8R916R5ND, appium:deviceScreenDensity: 300, appium:deviceScreenSize: 720x1600, appium:deviceUDID: RZ8R916R5ND, appium:javascriptEnabled: true, appium:launchTimeout: 90000, appium:locationContextEnabled: false, appium:networkConnectionEnabled: true, appium:newCommandTimeout: 600, appium:pixelRatio: 1.875, appium:platformVersion: 13, appium:statBarHeight: 45, appium:systemPort: 30034, appium:takesScreenshot: true, appium:udid: RZ8R916R5ND, appium:viewportRect: {height: 1420, left: 0, top: 45, width: 720}, appium:warnings: {}, appium:webStorageEnabled: false, pcloudy:options: {appiumVersion: 2.0.0, pCloudy_ApiKey: gb2hycp3rd35mt73jy4vc85f, pCloudy_DeviceManufacturer: SAMSUNG, pCloudy_DeviceVersion: 13.0.0, pCloudy_DurationInMinutes: 120, pCloudy_EnableDeviceLogs: true, pCloudy_EnablePerformanceData: true, pCloudy_EnableVideo: true, pCloudy_Username: anil1.singh@heromotocorp.com, pCloudy_WildNet: false}, platformName: ANDROID}
Session ID: 85bc10a3-73d7-4493-b14f-75c3fdb46734
at java.base/jdk.internal.reflect.DirectConstructorHandleAccessor.newInstance(DirectConstructorHandleAccessor.java:62)
at java.base/java.lang.reflect.Constructor.newInstanceWithCaller(Constructor.java:502)
at java.base/java.lang.reflect.Constructor.newInstance(Constructor.java:486)
at org.openqa.selenium.remote.codec.w3c.W3CHttpResponseCodec.createException(W3CHttpResponseCodec.java:200)
at org.openqa.selenium.remote.codec.w3c.W3CHttpResponseCodec.decode(W3CHttpResponseCodec.java:133)
at org.openqa.selenium.remote.codec.w3c.W3CHttpResponseCodec.decode(W3CHttpResponseCodec.java:53)
at org.openqa.selenium.remote.HttpCommandExecutor.execute(HttpCommandExecutor.java:184)
at io.appium.java_client.remote.AppiumCommandExecutor.execute(AppiumCommandExecutor.java:262)
at org.openqa.selenium.remote.RemoteWebDriver.execute(RemoteWebDriver.java:543)
at org.openqa.selenium.remote.ElementLocation$ElementFinder$2.findElement(ElementLocation.java:162)
at org.openqa.selenium.remote.ElementLocation.findElement(ElementLocation.java:60)
at org.openqa.selenium.remote.RemoteWebDriver.findElement(RemoteWebDriver.java:352)
at org.openqa.selenium.remote.RemoteWebDriver.findElement(RemoteWebDriver.java:344)
at org.openqa.selenium.support.pagefactory.DefaultElementLocator.findElement(DefaultElementLocator.java:70)
at org.openqa.selenium.support.pagefactory.internal.LocatingElementHandler.invoke(LocatingElementHandler.java:39)
at jdk.proxy2/jdk.proxy2.$Proxy32.getText(Unknown Source)
at Page_Test.Feedback_and_About_Hero_test.TC074_verify_About_Hero(Feedback_and_About_Hero_test.java:94)
at java.base/jdk.internal.reflect.DirectMethodHandleAccessor.invoke(DirectMethodHandleAccessor.java:103)
at java.base/java.lang.reflect.Method.invoke(Method.java:580)
at org.testng.internal.invokers.MethodInvocationHelper.invokeMethod(MethodInvocationHelper.java:139)
at org.testng.internal.invokers.TestInvoker.invokeMethod(TestInvoker.java:677)
at org.testng.internal.invokers.TestInvoker.invokeTestMethod(TestInvoker.java:221)
at org.testng.internal.invokers.MethodRunner.runInSequence(MethodRunner.java:50)
at org.testng.internal.invokers.TestInvoker$MethodInvocationAgent.invoke(TestInvoker.java:969)
at org.testng.internal.invokers.TestInvoker.invokeTestMethods(TestInvoker.java:194)
at org.testng.internal.invokers.TestMethodWorker.invokeTestMethods(TestMethodWorker.java:148)
at org.testng.internal.invokers.TestMethodWorker.run(TestMethodWorker.java:128)
at java.base/java.util.ArrayList.forEach(ArrayList.java:1597)
at org.testng.TestRunner.privateRun(TestRunner.java:829)
at org.testng.TestRunner.run(TestRunner.java:602)
at org.testng.SuiteRunner.runTest(SuiteRunner.java:437)
at org.testng.SuiteRunner.runSequentially(SuiteRunner.java:431)
at org.testng.SuiteRunner.privateRun(SuiteRunner.java:391)
at org.testng.SuiteRunner.run(SuiteRunner.java:330)
at org.testng.SuiteRunnerWorker.runSuite(SuiteRunnerWorker.java:52)
at org.testng.SuiteRunnerWorker.run(SuiteRunnerWorker.java:95)
at org.testng.TestNG.runSuitesSequentially(TestNG.java:1256)
at org.testng.TestNG.runSuitesLocally(TestNG.java:1176)
at org.testng.TestNG.runSuites(TestNG.java:1099)
at org.testng.TestNG.run(TestNG.java:1067)
at org.testng.remote.AbstractRemoteTestNG.run(AbstractRemoteTestNG.java:115)
at org.testng.remote.RemoteTestNG.initAndRun(RemoteTestNG.java:293)
at org.testng.remote.RemoteTestNG.main(RemoteTestNG.java:91)
]]>
    </error>
  </testcase> <!-- TC074_verify_About_Hero -->
  <system-out/>
  <testcase classname="Page_Test.Feedback_and_About_Hero_test" name="TC075_verify_Side_menu_page_function" time="23.506">
    <error message="Cannot invoke &quot;com.utility.listner.getcapcture(String)&quot; because &quot;com.utility.Base_Utility.lis&quot; is null" type="java.lang.NullPointerException">
      <![CDATA[java.lang.NullPointerException: Cannot invoke "com.utility.listner.getcapcture(String)" because "com.utility.Base_Utility.lis" is null
at com.utility.Base_Utility.Custom_click(Base_Utility.java:309)
at Page_Test.Feedback_and_About_Hero_test.TC075_verify_Side_menu_page_function(Feedback_and_About_Hero_test.java:111)
at java.base/jdk.internal.reflect.DirectMethodHandleAccessor.invoke(DirectMethodHandleAccessor.java:103)
at java.base/java.lang.reflect.Method.invoke(Method.java:580)
at org.testng.internal.invokers.MethodInvocationHelper.invokeMethod(MethodInvocationHelper.java:139)
at org.testng.internal.invokers.TestInvoker.invokeMethod(TestInvoker.java:677)
at org.testng.internal.invokers.TestInvoker.invokeTestMethod(TestInvoker.java:221)
at org.testng.internal.invokers.MethodRunner.runInSequence(MethodRunner.java:50)
at org.testng.internal.invokers.TestInvoker$MethodInvocationAgent.invoke(TestInvoker.java:969)
at org.testng.internal.invokers.TestInvoker.invokeTestMethods(TestInvoker.java:194)
at org.testng.internal.invokers.TestMethodWorker.invokeTestMethods(TestMethodWorker.java:148)
at org.testng.internal.invokers.TestMethodWorker.run(TestMethodWorker.java:128)
at java.base/java.util.ArrayList.forEach(ArrayList.java:1597)
at org.testng.TestRunner.privateRun(TestRunner.java:829)
at org.testng.TestRunner.run(TestRunner.java:602)
at org.testng.SuiteRunner.runTest(SuiteRunner.java:437)
at org.testng.SuiteRunner.runSequentially(SuiteRunner.java:431)
at org.testng.SuiteRunner.privateRun(SuiteRunner.java:391)
at org.testng.SuiteRunner.run(SuiteRunner.java:330)
at org.testng.SuiteRunnerWorker.runSuite(SuiteRunnerWorker.java:52)
at org.testng.SuiteRunnerWorker.run(SuiteRunnerWorker.java:95)
at org.testng.TestNG.runSuitesSequentially(TestNG.java:1256)
at org.testng.TestNG.runSuitesLocally(TestNG.java:1176)
at org.testng.TestNG.runSuites(TestNG.java:1099)
at org.testng.TestNG.run(TestNG.java:1067)
at org.testng.remote.AbstractRemoteTestNG.run(AbstractRemoteTestNG.java:115)
at org.testng.remote.RemoteTestNG.initAndRun(RemoteTestNG.java:293)
at org.testng.remote.RemoteTestNG.main(RemoteTestNG.java:91)
]]>
    </error>
  </testcase> <!-- TC075_verify_Side_menu_page_function -->
  <system-out/>
  <testcase classname="Page_Test.Feedback_and_About_Hero_test" name="TC076_Wheels_of_Trust" time="22.688">
    <error message="Cannot invoke &quot;com.utility.listner.getcapcture(String)&quot; because &quot;com.utility.Base_Utility.lis&quot; is null" type="java.lang.NullPointerException">
      <![CDATA[java.lang.NullPointerException: Cannot invoke "com.utility.listner.getcapcture(String)" because "com.utility.Base_Utility.lis" is null
at com.utility.Base_Utility.Custom_click(Base_Utility.java:309)
at Page_Test.Feedback_and_About_Hero_test.TC076_Wheels_of_Trust(Feedback_and_About_Hero_test.java:120)
at java.base/jdk.internal.reflect.DirectMethodHandleAccessor.invoke(DirectMethodHandleAccessor.java:103)
at java.base/java.lang.reflect.Method.invoke(Method.java:580)
at org.testng.internal.invokers.MethodInvocationHelper.invokeMethod(MethodInvocationHelper.java:139)
at org.testng.internal.invokers.TestInvoker.invokeMethod(TestInvoker.java:677)
at org.testng.internal.invokers.TestInvoker.invokeTestMethod(TestInvoker.java:221)
at org.testng.internal.invokers.MethodRunner.runInSequence(MethodRunner.java:50)
at org.testng.internal.invokers.TestInvoker$MethodInvocationAgent.invoke(TestInvoker.java:969)
at org.testng.internal.invokers.TestInvoker.invokeTestMethods(TestInvoker.java:194)
at org.testng.internal.invokers.TestMethodWorker.invokeTestMethods(TestMethodWorker.java:148)
at org.testng.internal.invokers.TestMethodWorker.run(TestMethodWorker.java:128)
at java.base/java.util.ArrayList.forEach(ArrayList.java:1597)
at org.testng.TestRunner.privateRun(TestRunner.java:829)
at org.testng.TestRunner.run(TestRunner.java:602)
at org.testng.SuiteRunner.runTest(SuiteRunner.java:437)
at org.testng.SuiteRunner.runSequentially(SuiteRunner.java:431)
at org.testng.SuiteRunner.privateRun(SuiteRunner.java:391)
at org.testng.SuiteRunner.run(SuiteRunner.java:330)
at org.testng.SuiteRunnerWorker.runSuite(SuiteRunnerWorker.java:52)
at org.testng.SuiteRunnerWorker.run(SuiteRunnerWorker.java:95)
at org.testng.TestNG.runSuitesSequentially(TestNG.java:1256)
at org.testng.TestNG.runSuitesLocally(TestNG.java:1176)
at org.testng.TestNG.runSuites(TestNG.java:1099)
at org.testng.TestNG.run(TestNG.java:1067)
at org.testng.remote.AbstractRemoteTestNG.run(AbstractRemoteTestNG.java:115)
at org.testng.remote.RemoteTestNG.initAndRun(RemoteTestNG.java:293)
at org.testng.remote.RemoteTestNG.main(RemoteTestNG.java:91)
]]>
    </error>
  </testcase> <!-- TC076_Wheels_of_Trust -->
  <system-out/>
  <testcase classname="Page_Test.Feedback_and_About_Hero_test" name="TC077_Verify_joyride" time="23.403">
    <error message="Cannot invoke &quot;com.utility.listner.getcapcture(String)&quot; because &quot;com.utility.Base_Utility.lis&quot; is null" type="java.lang.NullPointerException">
      <![CDATA[java.lang.NullPointerException: Cannot invoke "com.utility.listner.getcapcture(String)" because "com.utility.Base_Utility.lis" is null
at com.utility.Base_Utility.Custom_click(Base_Utility.java:309)
at Page_Test.Feedback_and_About_Hero_test.TC077_Verify_joyride(Feedback_and_About_Hero_test.java:129)
at java.base/jdk.internal.reflect.DirectMethodHandleAccessor.invoke(DirectMethodHandleAccessor.java:103)
at java.base/java.lang.reflect.Method.invoke(Method.java:580)
at org.testng.internal.invokers.MethodInvocationHelper.invokeMethod(MethodInvocationHelper.java:139)
at org.testng.internal.invokers.TestInvoker.invokeMethod(TestInvoker.java:677)
at org.testng.internal.invokers.TestInvoker.invokeTestMethod(TestInvoker.java:221)
at org.testng.internal.invokers.MethodRunner.runInSequence(MethodRunner.java:50)
at org.testng.internal.invokers.TestInvoker$MethodInvocationAgent.invoke(TestInvoker.java:969)
at org.testng.internal.invokers.TestInvoker.invokeTestMethods(TestInvoker.java:194)
at org.testng.internal.invokers.TestMethodWorker.invokeTestMethods(TestMethodWorker.java:148)
at org.testng.internal.invokers.TestMethodWorker.run(TestMethodWorker.java:128)
at java.base/java.util.ArrayList.forEach(ArrayList.java:1597)
at org.testng.TestRunner.privateRun(TestRunner.java:829)
at org.testng.TestRunner.run(TestRunner.java:602)
at org.testng.SuiteRunner.runTest(SuiteRunner.java:437)
at org.testng.SuiteRunner.runSequentially(SuiteRunner.java:431)
at org.testng.SuiteRunner.privateRun(SuiteRunner.java:391)
at org.testng.SuiteRunner.run(SuiteRunner.java:330)
at org.testng.SuiteRunnerWorker.runSuite(SuiteRunnerWorker.java:52)
at org.testng.SuiteRunnerWorker.run(SuiteRunnerWorker.java:95)
at org.testng.TestNG.runSuitesSequentially(TestNG.java:1256)
at org.testng.TestNG.runSuitesLocally(TestNG.java:1176)
at org.testng.TestNG.runSuites(TestNG.java:1099)
at org.testng.TestNG.run(TestNG.java:1067)
at org.testng.remote.AbstractRemoteTestNG.run(AbstractRemoteTestNG.java:115)
at org.testng.remote.RemoteTestNG.initAndRun(RemoteTestNG.java:293)
at org.testng.remote.RemoteTestNG.main(RemoteTestNG.java:91)
]]>
    </error>
  </testcase> <!-- TC077_Verify_joyride -->
  <system-out/>
</testsuite> <!-- Page_Test.Feedback_and_About_Hero_test -->
