<?xml version="1.0" encoding="UTF-8"?>
<!-- Generated by org.testng.reporters.JUnitReportReporter -->
<testsuite hostname="DESKTOP-DC5U0BQ" failures="0" tests="11" name="Page_Test.Login_Page_Test" time="203.982" errors="0" timestamp="2024-01-09T16:36:47 IST" skipped="0">
  <testcase classname="Page_Test.Login_Page_Test" name="TC001_Verify_Login_with_Invalid_credential" time="23.267"/>
  <testcase classname="Page_Test.Login_Page_Test" name="TC002_invalidmobileno" time="10.920"/>
  <testcase classname="Page_Test.Login_Page_Test" name="TC003_Verify_Login_with_short_length_of_mobile_number_credential" time="4.441"/>
  <testcase classname="Page_Test.Login_Page_Test" name="TC004_max_digit_mobile_number" time="6.846"/>
  <testcase classname="Page_Test.Login_Page_Test" name="TC005_Terms_of_use_button" time="13.596"/>
  <testcase classname="Page_Test.Login_Page_Test" name="TC006_Privacy_policy" time="10.744"/>
  <testcase classname="Page_Test.Login_Page_Test" name="TC007_contact_Us" time="6.151"/>
  <testcase classname="Page_Test.Login_Page_Test" name="TC008_Verify_Login_with_valid_credential" time="38.626"/>
  <testcase classname="Page_Test.Login_Page_Test" name="TC009_resend_butn" time="20.650"/>
  <testcase classname="Page_Test.Login_Page_Test" name="TC010_inavalid_OTP" time="24.829"/>
  <testcase classname="Page_Test.Login_Page_Test" name="TC011_edit_moble" time="43.912"/>
</testsuite> <!-- Page_Test.Login_Page_Test -->
