<?xml version="1.0" encoding="UTF-8"?>
<!-- Generated by org.testng.reporters.JUnitReportReporter -->
<testsuite hostname="users-MacBook-Pro.local" failures="0" tests="10" name="Page_Test.Feedback_and_About_Hero_test" time="255.877" errors="0" timestamp="2024-08-01T11:29:14 IST" skipped="0">
  <testcase classname="Page_Test.Feedback_and_About_Hero_test" name="TC068_Verify_App_Related_Feedback" time="29.256"/>
  <system-out/>
  <testcase classname="Page_Test.Feedback_and_About_Hero_test" name="TC069_Verify_Sales_Feedback" time="16.589"/>
  <system-out/>
  <testcase classname="Page_Test.Feedback_and_About_Hero_test" name="TC070_Verify_Service_Feedback" time="15.626"/>
  <system-out/>
  <testcase classname="Page_Test.Feedback_and_About_Hero_test" name="TC071_Verify_Parts_Feedback" time="16.068"/>
  <system-out/>
  <testcase classname="Page_Test.Feedback_and_About_Hero_test" name="TC072_Verify_Goodlife_Feedback" time="17.231"/>
  <system-out/>
  <testcase classname="Page_Test.Feedback_and_About_Hero_test" name="TC073_Verify_Suggestions_Feedback" time="21.987"/>
  <system-out/>
  <testcase classname="Page_Test.Feedback_and_About_Hero_test" name="TC074_verify_About_Hero" time="21.677"/>
  <system-out/>
  <testcase classname="Page_Test.Feedback_and_About_Hero_test" name="TC075_verify_Side_menu_page_function" time="17.718"/>
  <system-out/>
  <testcase classname="Page_Test.Feedback_and_About_Hero_test" name="TC076_Wheels_of_Trust" time="51.654"/>
  <system-out/>
  <testcase classname="Page_Test.Feedback_and_About_Hero_test" name="TC077_Verify_joyride" time="48.071"/>
  <system-out/>
</testsuite> <!-- Page_Test.Feedback_and_About_Hero_test -->
