<?xml version="1.0" encoding="UTF-8"?>
<!-- Generated by org.testng.reporters.JUnitReportReporter -->
<testsuite hostname="DESKTOP-DC5U0BQ" failures="0" tests="6" name="Page_Test.Vehicle_Details_test" time="109.238" errors="0" timestamp="2024-02-19T14:23:39 IST" skipped="0">
  <testcase classname="Page_Test.Vehicle_Details_test" name="TC046_Verify_My_Vehicle" time="38.171"/>
  <testcase classname="Page_Test.Vehicle_Details_test" name="TC047_Verify_My_Vehicle_more_details" time="17.134"/>
  <testcase classname="Page_Test.Vehicle_Details_test" name="TC048_Verify_My_Vehicle_Documents" time="8.910"/>
  <testcase classname="Page_Test.Vehicle_Details_test" name="TC049_Verify_Owners_Manual" time="23.297"/>
  <testcase classname="Page_Test.Vehicle_Details_test" name="TC050_Verify_my_Vehicle_service_History" time="9.452"/>
  <testcase classname="Page_Test.Vehicle_Details_test" name="TC051_Verify_Tips_and_DIY_videos_inside_sideMenu" time="12.274"/>
</testsuite> <!-- Page_Test.Vehicle_Details_test -->
