<?xml version="1.0" encoding="UTF-8"?>
<!-- Generated by org.testng.reporters.JUnitReportReporter -->
<testsuite hostname="DESKTOP-DC5U0BQ" failures="0" tests="28" name="Page_Test.Services_Page_Test" time="930.404" errors="0" timestamp="2024-01-09T14:37:24 IST" skipped="0">
  <testcase classname="Page_Test.Services_Page_Test" name="TC071_Vehicle_details_on_service_page" time="7.249"/>
  <testcase classname="Page_Test.Services_Page_Test" name="TC072_verify_service_type" time="4.357"/>
  <testcase classname="Page_Test.Services_Page_Test" name="TC073_verify_Dealer_information" time="5.903"/>
  <testcase classname="Page_Test.Services_Page_Test" name="TC074_verify_Reschedule_Service" time="34.383"/>
  <testcase classname="Page_Test.Services_Page_Test" name="TC075_verify_Cancel_Service" time="6.589"/>
  <testcase classname="Page_Test.Services_Page_Test" name="TC076_Verify_dealer_manager_info" time="20.230"/>
  <testcase classname="Page_Test.Services_Page_Test" name="TC077_View_Service_schedule_750" time="38.193"/>
  <testcase classname="Page_Test.Services_Page_Test" name="TC078_View_Service_schedule_3500" time="30.177"/>
  <testcase classname="Page_Test.Services_Page_Test" name="TC079_View_Service_schedule_6500" time="39.427"/>
  <testcase classname="Page_Test.Services_Page_Test" name="TC080_View_Service_schedule_9500" time="30.435"/>
  <testcase classname="Page_Test.Services_Page_Test" name="TC081_View_Service_schedule_12500" time="41.067"/>
  <testcase classname="Page_Test.Services_Page_Test" name="TC082_View_Service_schedule_15500" time="38.705"/>
  <testcase classname="Page_Test.Services_Page_Test" name="TC083_View_Service_schedule_18500" time="29.880"/>
  <testcase classname="Page_Test.Services_Page_Test" name="TC084_View_Service_schedule_21500" time="39.410"/>
  <testcase classname="Page_Test.Services_Page_Test" name="TC085_View_Service_schedule_24500" time="28.587"/>
  <testcase classname="Page_Test.Services_Page_Test" name="TC086_View_Service_schedule_27500" time="39.862"/>
  <testcase classname="Page_Test.Services_Page_Test" name="TC087_View_Service_schedule_60_days" time="38.652"/>
  <testcase classname="Page_Test.Services_Page_Test" name="TC088_View_Service_schedule_160_days" time="31.830"/>
  <testcase classname="Page_Test.Services_Page_Test" name="TC089_View_Service_schedule_260_days" time="39.450"/>
  <testcase classname="Page_Test.Services_Page_Test" name="TC090_View_Service_schedule_360_days" time="30.696"/>
  <testcase classname="Page_Test.Services_Page_Test" name="TC091_View_Service_schedule_460_days" time="39.781"/>
  <testcase classname="Page_Test.Services_Page_Test" name="TC092_View_Service_schedule_560_days" time="37.841"/>
  <testcase classname="Page_Test.Services_Page_Test" name="TC093_View_Service_schedule_660_days" time="29.548"/>
  <testcase classname="Page_Test.Services_Page_Test" name="TC094_View_Service_schedule_760_days" time="39.987"/>
  <testcase classname="Page_Test.Services_Page_Test" name="TC095_View_Service_schedule_860_days" time="32.771"/>
  <testcase classname="Page_Test.Services_Page_Test" name="TC097_Verify_Last_Serviced" time="5.945"/>
  <testcase classname="Page_Test.Services_Page_Test" name="TC098_Verify_all_tips_list" time="116.113"/>
  <testcase classname="Page_Test.Services_Page_Test" name="TC099_Verify_all_DIY_Videos_list" time="53.336"/>
</testsuite> <!-- Page_Test.Services_Page_Test -->
