<?xml version="1.0" encoding="UTF-8"?>
<!-- Generated by org.testng.reporters.JUnitReportReporter -->
<testsuite hostname="DESKTOP-VIGFA1G" failures="0" tests="23" name="Page_Test.Home_Page_Test" time="683.413" errors="2" timestamp="2024-05-27T09:37:29 IST" skipped="0">
  <testcase classname="Page_Test.Home_Page_Test" name="TC019_Home_page_verify" time="122.660"/>
  <system-out/>
  <testcase classname="Page_Test.Home_Page_Test" name="TC020_verify_SOS" time="49.290">
    <error message="Cannot invoke &quot;com.utility.listner.getcapcture(String)&quot; because &quot;com.utility.Base_Utility.lis&quot; is null" type="java.lang.NullPointerException">
      <![CDATA[java.lang.NullPointerException: Cannot invoke "com.utility.listner.getcapcture(String)" because "com.utility.Base_Utility.lis" is null
at com.utility.Base_Utility.Custom_click(Base_Utility.java:307)
at Page_Test.Home_Page_Test.TC020_verify_SOS(Home_Page_Test.java:66)
at java.base/jdk.internal.reflect.NativeMethodAccessorImpl.invoke0(Native Method)
at java.base/jdk.internal.reflect.NativeMethodAccessorImpl.invoke(NativeMethodAccessorImpl.java:77)
at java.base/jdk.internal.reflect.DelegatingMethodAccessorImpl.invoke(DelegatingMethodAccessorImpl.java:43)
at java.base/java.lang.reflect.Method.invoke(Method.java:568)
at org.testng.internal.invokers.MethodInvocationHelper.invokeMethod(MethodInvocationHelper.java:139)
at org.testng.internal.invokers.TestInvoker.invokeMethod(TestInvoker.java:677)
at org.testng.internal.invokers.TestInvoker.invokeTestMethod(TestInvoker.java:221)
at org.testng.internal.invokers.MethodRunner.runInSequence(MethodRunner.java:50)
at org.testng.internal.invokers.TestInvoker$MethodInvocationAgent.invoke(TestInvoker.java:969)
at org.testng.internal.invokers.TestInvoker.invokeTestMethods(TestInvoker.java:194)
at org.testng.internal.invokers.TestMethodWorker.invokeTestMethods(TestMethodWorker.java:148)
at org.testng.internal.invokers.TestMethodWorker.run(TestMethodWorker.java:128)
at java.base/java.util.ArrayList.forEach(ArrayList.java:1511)
at org.testng.TestRunner.privateRun(TestRunner.java:829)
at org.testng.TestRunner.run(TestRunner.java:602)
at org.testng.SuiteRunner.runTest(SuiteRunner.java:437)
at org.testng.SuiteRunner.runSequentially(SuiteRunner.java:431)
at org.testng.SuiteRunner.privateRun(SuiteRunner.java:391)
at org.testng.SuiteRunner.run(SuiteRunner.java:330)
at org.testng.SuiteRunnerWorker.runSuite(SuiteRunnerWorker.java:52)
at org.testng.SuiteRunnerWorker.run(SuiteRunnerWorker.java:95)
at org.testng.TestNG.runSuitesSequentially(TestNG.java:1256)
at org.testng.TestNG.runSuitesLocally(TestNG.java:1176)
at org.testng.TestNG.runSuites(TestNG.java:1099)
at org.testng.TestNG.run(TestNG.java:1067)
at org.testng.remote.AbstractRemoteTestNG.run(AbstractRemoteTestNG.java:115)
at org.testng.remote.RemoteTestNG.initAndRun(RemoteTestNG.java:251)
at org.testng.remote.RemoteTestNG.main(RemoteTestNG.java:77)
]]>
    </error>
  </testcase> <!-- TC020_verify_SOS -->
  <system-out/>
  <testcase classname="Page_Test.Home_Page_Test" name="TC021_verify_Navigate" time="23.864"/>
  <system-out/>
  <testcase classname="Page_Test.Home_Page_Test" name="TC022_verify_Exchange" time="49.227"/>
  <system-out/>
  <testcase classname="Page_Test.Home_Page_Test" name="TC023_verify_Vehicle_details" time="12.655"/>
  <system-out/>
  <testcase classname="Page_Test.Home_Page_Test" name="TC024_verify_Vehicle_condition" time="41.783"/>
  <system-out/>
  <testcase classname="Page_Test.Home_Page_Test" name="TC025_verify_Vehicle_valution" time="61.080"/>
  <system-out/>
  <testcase classname="Page_Test.Home_Page_Test" name="TC026_Verify_RC_Documents" time="46.843"/>
  <system-out/>
  <testcase classname="Page_Test.Home_Page_Test" name="TC027_Verify_Insurance_Documents" time="29.796">
    <error message="Cannot invoke &quot;com.utility.listner.getcapcture(String)&quot; because &quot;com.utility.Base_Utility.lis&quot; is null" type="java.lang.NullPointerException">
      <![CDATA[java.lang.NullPointerException: Cannot invoke "com.utility.listner.getcapcture(String)" because "com.utility.Base_Utility.lis" is null
at com.utility.Base_Utility.Custom_click(Base_Utility.java:307)
at Page_Test.Home_Page_Test.TC027_Verify_Insurance_Documents(Home_Page_Test.java:240)
at java.base/jdk.internal.reflect.NativeMethodAccessorImpl.invoke0(Native Method)
at java.base/jdk.internal.reflect.NativeMethodAccessorImpl.invoke(NativeMethodAccessorImpl.java:77)
at java.base/jdk.internal.reflect.DelegatingMethodAccessorImpl.invoke(DelegatingMethodAccessorImpl.java:43)
at java.base/java.lang.reflect.Method.invoke(Method.java:568)
at org.testng.internal.invokers.MethodInvocationHelper.invokeMethod(MethodInvocationHelper.java:139)
at org.testng.internal.invokers.TestInvoker.invokeMethod(TestInvoker.java:677)
at org.testng.internal.invokers.TestInvoker.invokeTestMethod(TestInvoker.java:221)
at org.testng.internal.invokers.MethodRunner.runInSequence(MethodRunner.java:50)
at org.testng.internal.invokers.TestInvoker$MethodInvocationAgent.invoke(TestInvoker.java:969)
at org.testng.internal.invokers.TestInvoker.invokeTestMethods(TestInvoker.java:194)
at org.testng.internal.invokers.TestMethodWorker.invokeTestMethods(TestMethodWorker.java:148)
at org.testng.internal.invokers.TestMethodWorker.run(TestMethodWorker.java:128)
at java.base/java.util.ArrayList.forEach(ArrayList.java:1511)
at org.testng.TestRunner.privateRun(TestRunner.java:829)
at org.testng.TestRunner.run(TestRunner.java:602)
at org.testng.SuiteRunner.runTest(SuiteRunner.java:437)
at org.testng.SuiteRunner.runSequentially(SuiteRunner.java:431)
at org.testng.SuiteRunner.privateRun(SuiteRunner.java:391)
at org.testng.SuiteRunner.run(SuiteRunner.java:330)
at org.testng.SuiteRunnerWorker.runSuite(SuiteRunnerWorker.java:52)
at org.testng.SuiteRunnerWorker.run(SuiteRunnerWorker.java:95)
at org.testng.TestNG.runSuitesSequentially(TestNG.java:1256)
at org.testng.TestNG.runSuitesLocally(TestNG.java:1176)
at org.testng.TestNG.runSuites(TestNG.java:1099)
at org.testng.TestNG.run(TestNG.java:1067)
at org.testng.remote.AbstractRemoteTestNG.run(AbstractRemoteTestNG.java:115)
at org.testng.remote.RemoteTestNG.initAndRun(RemoteTestNG.java:251)
at org.testng.remote.RemoteTestNG.main(RemoteTestNG.java:77)
]]>
    </error>
  </testcase> <!-- TC027_Verify_Insurance_Documents -->
  <system-out/>
  <testcase classname="Page_Test.Home_Page_Test" name="TC028_Verify_PUC_Documents" time="33.221"/>
  <system-out/>
  <testcase classname="Page_Test.Home_Page_Test" name="TC029_Verify_Challans_Documents" time="5.039"/>
  <system-out/>
  <testcase classname="Page_Test.Home_Page_Test" name="TC030_Verify_Relationship_Manager" time="17.091"/>
  <system-out/>
  <testcase classname="Page_Test.Home_Page_Test" name="TC031_Verify_RSA" time="11.157"/>
  <system-out/>
  <testcase classname="Page_Test.Home_Page_Test" name="TC032_Renew_RSA" time="12.296"/>
  <system-out/>
  <testcase classname="Page_Test.Home_Page_Test" name="TC033_frequently_asked_questions" time="41.426"/>
  <system-out/>
  <testcase classname="Page_Test.Home_Page_Test" name="TC034_Verify_Technical_Support_Manager" time="4.862"/>
  <system-out/>
  <testcase classname="Page_Test.Home_Page_Test" name="TC035_Verify_Dealer_Locator" time="13.007"/>
  <system-out/>
  <testcase classname="Page_Test.Home_Page_Test" name="TC036_Select_city" time="33.572"/>
  <system-out/>
  <testcase classname="Page_Test.Home_Page_Test" name="TC037_View_dealer_name_and_address" time="12.102"/>
  <system-out/>
  <testcase classname="Page_Test.Home_Page_Test" name="TC038_verify_Service_at_home_page" time="24.782"/>
  <system-out/>
  <testcase classname="Page_Test.Home_Page_Test" name="TC039_verify_Active_Booking_at_home_page" time="6.850"/>
  <system-out/>
  <testcase classname="Page_Test.Home_Page_Test" name="TC040_verify_EShop" time="18.774"/>
  <system-out/>
  <testcase classname="Page_Test.Home_Page_Test" name="TC041_verify_Benifits_Vehicle_Exchange" time="12.036"/>
  <system-out/>
</testsuite> <!-- Page_Test.Home_Page_Test -->
