<?xml version="1.0" encoding="UTF-8"?>
<!-- Generated by org.testng.reporters.JUnitReportReporter -->
<testsuite hostname="users-MacBook-Pro.local" failures="0" tests="7" name="Page_Test.My_Profile_Page_Test" time="238.890" errors="0" timestamp="2024-08-12T10:20:06 IST" skipped="0">
  <testcase classname="Page_Test.My_Profile_Page_Test" name="TC042_Verify_My_Profile" time="19.500"/>
  <system-out/>
  <testcase classname="Page_Test.My_Profile_Page_Test" name="TC043_Degilocker_info_and_my_Vehicles_info" time="9.717"/>
  <system-out/>
  <testcase classname="Page_Test.My_Profile_Page_Test" name="TC044_edit_profile_button" time="59.637"/>
  <system-out/>
  <testcase classname="Page_Test.My_Profile_Page_Test" name="TC045_edit_Personal_Details" time="80.461"/>
  <system-out/>
  <testcase classname="Page_Test.My_Profile_Page_Test" name="TC046_change_original_Personal_Details" time="21.830"/>
  <system-out/>
  <testcase classname="Page_Test.My_Profile_Page_Test" name="TC047_Manage_License" time="7.015"/>
  <system-out/>
  <testcase classname="Page_Test.My_Profile_Page_Test" name="TC048_Verify_emergency_contacts" time="40.730"/>
  <system-out/>
</testsuite> <!-- Page_Test.My_Profile_Page_Test -->
