<?xml version="1.0" encoding="UTF-8"?>
<!-- Generated by org.testng.reporters.JUnitReportReporter -->
<testsuite hostname="DESKTOP-DC5U0BQ" failures="0" tests="11" name="Page_Test.Login_Page_Test" time="199.275" errors="0" timestamp="2024-01-08T22:04:50 IST" skipped="0">
  <testcase classname="Page_Test.Login_Page_Test" name="TC001_Verify_Login_with_Invalid_credential" time="19.838"/>
  <testcase classname="Page_Test.Login_Page_Test" name="TC002_invalidmobileno" time="11.761"/>
  <testcase classname="Page_Test.Login_Page_Test" name="TC003_Verify_Login_with_short_length_of_mobile_number_credential" time="5.255"/>
  <testcase classname="Page_Test.Login_Page_Test" name="TC004_max_digit_mobile_number" time="7.003"/>
  <testcase classname="Page_Test.Login_Page_Test" name="TC005_Terms_of_use_button" time="14.370"/>
  <testcase classname="Page_Test.Login_Page_Test" name="TC006_Privacy_policy" time="9.885"/>
  <testcase classname="Page_Test.Login_Page_Test" name="TC007_contact_Us" time="6.766"/>
  <testcase classname="Page_Test.Login_Page_Test" name="TC008_Verify_Login_with_valid_credential" time="37.549"/>
  <testcase classname="Page_Test.Login_Page_Test" name="TC009_resend_butn" time="20.458"/>
  <testcase classname="Page_Test.Login_Page_Test" name="TC010_inavalid_OTP" time="22.827"/>
  <testcase classname="Page_Test.Login_Page_Test" name="TC011_edit_moble" time="43.563"/>
</testsuite> <!-- Page_Test.Login_Page_Test -->
