<?xml version="1.0" encoding="UTF-8"?>
<!-- Generated by org.testng.reporters.JUnitReportReporter -->
<testsuite hostname="DESKTOP-DC5U0BQ" failures="0" tests="28" name="Page_Test.Services_Page_Test" time="960.878" errors="0" timestamp="2024-01-15T19:30:49 IST" skipped="0">
  <testcase classname="Page_Test.Services_Page_Test" name="TC071_Vehicle_details_on_service_page" time="7.375"/>
  <testcase classname="Page_Test.Services_Page_Test" name="TC072_verify_service_type" time="3.075"/>
  <testcase classname="Page_Test.Services_Page_Test" name="TC073_verify_Dealer_information" time="6.260"/>
  <testcase classname="Page_Test.Services_Page_Test" name="TC074_verify_Reschedule_Service" time="30.295"/>
  <testcase classname="Page_Test.Services_Page_Test" name="TC075_verify_Cancel_Service" time="5.956"/>
  <testcase classname="Page_Test.Services_Page_Test" name="TC076_Verify_dealer_manager_info" time="20.200"/>
  <testcase classname="Page_Test.Services_Page_Test" name="TC077_View_Service_schedule_750" time="38.653"/>
  <testcase classname="Page_Test.Services_Page_Test" name="TC078_View_Service_schedule_3500" time="37.303"/>
  <testcase classname="Page_Test.Services_Page_Test" name="TC079_View_Service_schedule_6500" time="39.162"/>
  <testcase classname="Page_Test.Services_Page_Test" name="TC080_View_Service_schedule_9500" time="36.751"/>
  <testcase classname="Page_Test.Services_Page_Test" name="TC081_View_Service_schedule_12500" time="40.306"/>
  <testcase classname="Page_Test.Services_Page_Test" name="TC082_View_Service_schedule_15500" time="38.862"/>
  <testcase classname="Page_Test.Services_Page_Test" name="TC083_View_Service_schedule_18500" time="34.668"/>
  <testcase classname="Page_Test.Services_Page_Test" name="TC084_View_Service_schedule_21500" time="40.032"/>
  <testcase classname="Page_Test.Services_Page_Test" name="TC085_View_Service_schedule_24500" time="34.701"/>
  <testcase classname="Page_Test.Services_Page_Test" name="TC086_View_Service_schedule_27500" time="40.961"/>
  <testcase classname="Page_Test.Services_Page_Test" name="TC087_View_Service_schedule_60_days" time="38.136"/>
  <testcase classname="Page_Test.Services_Page_Test" name="TC088_View_Service_schedule_160_days" time="38.145"/>
  <testcase classname="Page_Test.Services_Page_Test" name="TC089_View_Service_schedule_260_days" time="39.445"/>
  <testcase classname="Page_Test.Services_Page_Test" name="TC090_View_Service_schedule_360_days" time="36.842"/>
  <testcase classname="Page_Test.Services_Page_Test" name="TC091_View_Service_schedule_460_days" time="42.346"/>
  <testcase classname="Page_Test.Services_Page_Test" name="TC092_View_Service_schedule_560_days" time="38.637"/>
  <testcase classname="Page_Test.Services_Page_Test" name="TC093_View_Service_schedule_660_days" time="35.251"/>
  <testcase classname="Page_Test.Services_Page_Test" name="TC094_View_Service_schedule_760_days" time="42.817"/>
  <testcase classname="Page_Test.Services_Page_Test" name="TC095_View_Service_schedule_860_days" time="38.732"/>
  <testcase classname="Page_Test.Services_Page_Test" name="TC097_Verify_Last_Serviced" time="6.362"/>
  <testcase classname="Page_Test.Services_Page_Test" name="TC098_Verify_all_tips_list" time="93.288"/>
  <testcase classname="Page_Test.Services_Page_Test" name="TC099_Verify_all_DIY_Videos_list" time="56.317"/>
</testsuite> <!-- Page_Test.Services_Page_Test -->
