<?xml version="1.0" encoding="UTF-8"?>
<!-- Generated by org.testng.reporters.JUnitReportReporter -->
<testsuite hostname="DESKTOP-DC5U0BQ" failures="0" tests="7" name="Page_Test.My_Profile_Page_Test" time="243.618" errors="0" timestamp="2024-01-08T22:04:50 IST" skipped="0">
  <testcase classname="Page_Test.My_Profile_Page_Test" name="TC039_Verify_My_Profile" time="22.656"/>
  <testcase classname="Page_Test.My_Profile_Page_Test" name="TC040_verify_more_detais_button" time="11.037"/>
  <testcase classname="Page_Test.My_Profile_Page_Test" name="TC041_edit_profile_button" time="31.180"/>
  <testcase classname="Page_Test.My_Profile_Page_Test" name="TC042_edit_Personal_Details" time="105.930"/>
  <testcase classname="Page_Test.My_Profile_Page_Test" name="TC043_change_original_Personal_Details" time="29.468"/>
  <testcase classname="Page_Test.My_Profile_Page_Test" name="TC044_Manage_License" time="12.082"/>
  <testcase classname="Page_Test.My_Profile_Page_Test" name="TC045_Verify_emergency_contacts" time="31.265"/>
</testsuite> <!-- Page_Test.My_Profile_Page_Test -->
