<?xml version="1.0" encoding="UTF-8"?>
<!-- Generated by org.testng.reporters.JUnitReportReporter -->
<testsuite hostname="DESKTOP-DC5U0BQ" failures="0" tests="2" name="Page_Test.E_Shop_test" time="98.117" errors="0" timestamp="2023-12-15T11:17:13 IST" skipped="0">
  <testcase classname="Page_Test.E_Shop_test" name="TC105_registered_customers" time="35.432"/>
  <testcase classname="Page_Test.E_Shop_test" name="TC106_new_customers" time="62.685"/>
</testsuite> <!-- Page_Test.E_Shop_test -->
