<?xml version="1.0" encoding="UTF-8"?>
<!-- Generated by org.testng.reporters.JUnitReportReporter -->
<testsuite hostname="DESKTOP-DC5U0BQ" failures="0" tests="11" name="Page_Test.Login_Page_Test" time="207.566" errors="0" timestamp="2024-02-19T14:23:39 IST" skipped="0">
  <testcase classname="Page_Test.Login_Page_Test" name="TC001_Verify_Login_with_Invalid_credential" time="18.391"/>
  <testcase classname="Page_Test.Login_Page_Test" name="TC002_invalidmobileno" time="10.359"/>
  <testcase classname="Page_Test.Login_Page_Test" name="TC003_Verify_Login_with_short_length_of_mobile_number_credential" time="4.744"/>
  <testcase classname="Page_Test.Login_Page_Test" name="TC004_max_digit_mobile_number" time="6.074"/>
  <testcase classname="Page_Test.Login_Page_Test" name="TC005_Terms_of_use_button" time="14.252"/>
  <testcase classname="Page_Test.Login_Page_Test" name="TC006_Privacy_policy" time="29.627"/>
  <testcase classname="Page_Test.Login_Page_Test" name="TC007_contact_Us" time="6.088"/>
  <testcase classname="Page_Test.Login_Page_Test" name="TC008_Verify_Login_with_valid_credential" time="37.171"/>
  <testcase classname="Page_Test.Login_Page_Test" name="TC009_resend_butn" time="20.059"/>
  <testcase classname="Page_Test.Login_Page_Test" name="TC010_inavalid_OTP" time="19.659"/>
  <testcase classname="Page_Test.Login_Page_Test" name="TC011_edit_moble" time="41.142"/>
</testsuite> <!-- Page_Test.Login_Page_Test -->
