<?xml version="1.0" encoding="UTF-8"?>
<!-- Generated by org.testng.reporters.JUnitReportReporter -->
<testsuite hostname="DESKTOP-DC5U0BQ" failures="0" tests="7" name="Page_Test.My_Profile_Page_Test" time="183.925" errors="0" timestamp="2024-02-02T20:52:54 IST" skipped="0">
  <testcase classname="Page_Test.My_Profile_Page_Test" name="TC039_Verify_My_Profile" time="16.907"/>
  <testcase classname="Page_Test.My_Profile_Page_Test" name="TC040_verify_more_detais_button" time="6.622"/>
  <testcase classname="Page_Test.My_Profile_Page_Test" name="TC041_edit_profile_button" time="26.903"/>
  <testcase classname="Page_Test.My_Profile_Page_Test" name="TC042_edit_Personal_Details" time="76.648"/>
  <testcase classname="Page_Test.My_Profile_Page_Test" name="TC043_change_original_Personal_Details" time="20.513"/>
  <testcase classname="Page_Test.My_Profile_Page_Test" name="TC044_Manage_License" time="8.089"/>
  <testcase classname="Page_Test.My_Profile_Page_Test" name="TC045_Verify_emergency_contacts" time="28.243"/>
</testsuite> <!-- Page_Test.My_Profile_Page_Test -->
