<?xml version="1.0" encoding="UTF-8"?>
<!-- Generated by org.testng.reporters.JUnitReportReporter -->
<testsuite hostname="DESKTOP-DC5U0BQ" failures="0" tests="11" name="Page_Test.GoodLife_test" time="380.165" errors="0" timestamp="2024-01-14T11:32:24 IST" skipped="0">
  <testcase classname="Page_Test.GoodLife_test" name="TC100_verify_image_in_goodlife_page" time="16.550"/>
  <testcase classname="Page_Test.GoodLife_test" name="TC101_Verify_Pro_Membership" time="21.323"/>
  <testcase classname="Page_Test.GoodLife_test" name="TC102_Verify_Silver_Membership" time="21.039"/>
  <testcase classname="Page_Test.GoodLife_test" name="TC103_Verify_Gold_Membership" time="19.876"/>
  <testcase classname="Page_Test.GoodLife_test" name="TC104_Verify_Platinum_Membership" time="43.719"/>
  <testcase classname="Page_Test.GoodLife_test" name="TC105_View_All_Membership_Plan" time="75.302"/>
  <testcase classname="Page_Test.GoodLife_test" name="TC106_verify_Points_Earning_and_Redemption" time="42.718"/>
  <testcase classname="Page_Test.GoodLife_test" name="TC107_Whats_so_Good_in_Good_life" time="21.293"/>
  <testcase classname="Page_Test.GoodLife_test" name="TC108_Verify_Ultimate_savings" time="29.481"/>
  <testcase classname="Page_Test.GoodLife_test" name="TC109_verify_Exclusive_membership_offers" time="41.718"/>
  <testcase classname="Page_Test.GoodLife_test" name="TC110_verify_Winner_informaton" time="47.146"/>
</testsuite> <!-- Page_Test.GoodLife_test -->
