<?xml version="1.0" encoding="UTF-8"?>
<!-- Generated by org.testng.reporters.JUnitReportReporter -->
<testsuite hostname="users-MacBook-Pro.local" failures="0" tests="10" name="Page_Test.Feedback_and_About_Hero_test" time="202.457" errors="0" timestamp="2024-08-12T10:20:06 IST" skipped="0">
  <testcase classname="Page_Test.Feedback_and_About_Hero_test" name="TC068_Verify_App_Related_Feedback" time="26.047"/>
  <system-out/>
  <testcase classname="Page_Test.Feedback_and_About_Hero_test" name="TC069_Verify_Sales_Feedback" time="14.029"/>
  <system-out/>
  <testcase classname="Page_Test.Feedback_and_About_Hero_test" name="TC070_Verify_Service_Feedback" time="13.925"/>
  <system-out/>
  <testcase classname="Page_Test.Feedback_and_About_Hero_test" name="TC071_Verify_Parts_Feedback" time="14.131"/>
  <system-out/>
  <testcase classname="Page_Test.Feedback_and_About_Hero_test" name="TC072_Verify_Goodlife_Feedback" time="14.054"/>
  <system-out/>
  <testcase classname="Page_Test.Feedback_and_About_Hero_test" name="TC073_Verify_Suggestions_Feedback" time="17.890"/>
  <system-out/>
  <testcase classname="Page_Test.Feedback_and_About_Hero_test" name="TC074_verify_About_Hero" time="17.829"/>
  <system-out/>
  <testcase classname="Page_Test.Feedback_and_About_Hero_test" name="TC075_verify_Side_menu_page_function" time="14.187"/>
  <system-out/>
  <testcase classname="Page_Test.Feedback_and_About_Hero_test" name="TC076_Wheels_of_Trust" time="31.745"/>
  <system-out/>
  <testcase classname="Page_Test.Feedback_and_About_Hero_test" name="TC077_Verify_joyride" time="38.620"/>
  <system-out/>
</testsuite> <!-- Page_Test.Feedback_and_About_Hero_test -->
