<?xml version="1.0" encoding="UTF-8"?>
<!-- Generated by org.testng.reporters.JUnitReportReporter -->
<testsuite hostname="users-MacBook-Pro.local" failures="0" tests="23" name="Page_Test.Home_Page_Test" time="732.122" errors="0" timestamp="2024-08-01T11:29:14 IST" skipped="0">
  <testcase classname="Page_Test.Home_Page_Test" name="TC019_Home_page_verify" time="40.569"/>
  <system-out/>
  <testcase classname="Page_Test.Home_Page_Test" name="TC020_verify_SOS" time="22.737"/>
  <system-out/>
  <testcase classname="Page_Test.Home_Page_Test" name="TC021_verify_Navigate" time="42.337"/>
  <system-out/>
  <testcase classname="Page_Test.Home_Page_Test" name="TC022_verify_Exchange" time="62.816"/>
  <system-out/>
  <testcase classname="Page_Test.Home_Page_Test" name="TC023_verify_Vehicle_details" time="16.108"/>
  <system-out/>
  <testcase classname="Page_Test.Home_Page_Test" name="TC024_verify_Vehicle_condition" time="64.588"/>
  <system-out/>
  <testcase classname="Page_Test.Home_Page_Test" name="TC025_verify_Vehicle_valution" time="71.602"/>
  <system-out/>
  <testcase classname="Page_Test.Home_Page_Test" name="TC026_Verify_RC_Documents" time="43.335"/>
  <system-out/>
  <testcase classname="Page_Test.Home_Page_Test" name="TC027_Verify_Insurance_Documents" time="29.905"/>
  <system-out/>
  <testcase classname="Page_Test.Home_Page_Test" name="TC028_Verify_PUC_Documents" time="27.387"/>
  <system-out/>
  <testcase classname="Page_Test.Home_Page_Test" name="TC029_Verify_Challans_Documents" time="6.449"/>
  <system-out/>
  <testcase classname="Page_Test.Home_Page_Test" name="TC030_Verify_Relationship_Manager" time="33.758"/>
  <system-out/>
  <testcase classname="Page_Test.Home_Page_Test" name="TC031_Verify_RSA" time="14.880"/>
  <system-out/>
  <testcase classname="Page_Test.Home_Page_Test" name="TC032_Renew_RSA" time="16.830"/>
  <system-out/>
  <testcase classname="Page_Test.Home_Page_Test" name="TC033_frequently_asked_questions" time="59.059"/>
  <system-out/>
  <testcase classname="Page_Test.Home_Page_Test" name="TC034_Verify_Technical_Support_Manager" time="25.858"/>
  <system-out/>
  <testcase classname="Page_Test.Home_Page_Test" name="TC035_Verify_Dealer_Locator" time="4.646"/>
  <system-out/>
  <testcase classname="Page_Test.Home_Page_Test" name="TC036_Select_city" time="3.488"/>
  <system-out/>
  <testcase classname="Page_Test.Home_Page_Test" name="TC037_View_dealer_name_and_address" time="24.230"/>
  <system-out/>
  <testcase classname="Page_Test.Home_Page_Test" name="TC038_verify_Service_at_home_page" time="57.727"/>
  <system-out/>
  <testcase classname="Page_Test.Home_Page_Test" name="TC039_verify_Active_Booking_at_home_page" time="24.731"/>
  <system-out/>
  <testcase classname="Page_Test.Home_Page_Test" name="TC040_verify_EShop" time="26.248"/>
  <system-out/>
  <testcase classname="Page_Test.Home_Page_Test" name="TC041_verify_Benifits_Vehicle_Exchange" time="12.834"/>
  <system-out/>
</testsuite> <!-- Page_Test.Home_Page_Test -->
