<?xml version="1.0" encoding="UTF-8"?>
<!-- Generated by org.testng.reporters.JUnitReportReporter -->
<testsuite hostname="DESKTOP-DC5U0BQ" failures="0" tests="5" name="Page_Test.Feedback_and_About_Hero_test" time="205.789" errors="0" timestamp="2024-01-14T11:32:24 IST" skipped="0">
  <testcase classname="Page_Test.Feedback_and_About_Hero_test" name="TC066_verify_Feedback" time="56.328"/>
  <testcase classname="Page_Test.Feedback_and_About_Hero_test" name="TC067_verify_About_Hero" time="22.213"/>
  <testcase classname="Page_Test.Feedback_and_About_Hero_test" name="TC068_verify_Side_menu_page_function" time="22.112"/>
  <testcase classname="Page_Test.Feedback_and_About_Hero_test" name="TC069_Wheels_of_Trust" time="53.480"/>
  <testcase classname="Page_Test.Feedback_and_About_Hero_test" name="TC070_Verify_joyride" time="51.656"/>
</testsuite> <!-- Page_Test.Feedback_and_About_Hero_test -->
