<?xml version="1.0" encoding="UTF-8"?>
<!-- Generated by org.testng.reporters.JUnitReportReporter -->
<testsuite hostname="DESKTOP-3VDDFOT" failures="0" tests="23" name="Page_Test.Home_Page_Test" time="651.296" errors="0" timestamp="2024-07-22T14:26:43 IST" skipped="0">
  <testcase classname="Page_Test.Home_Page_Test" name="TC019_Home_page_verify" time="33.641"/>
  <system-out/>
  <testcase classname="Page_Test.Home_Page_Test" name="TC020_verify_SOS" time="19.840"/>
  <system-out/>
  <testcase classname="Page_Test.Home_Page_Test" name="TC021_verify_Navigate" time="37.169"/>
  <system-out/>
  <testcase classname="Page_Test.Home_Page_Test" name="TC022_verify_Exchange" time="52.270"/>
  <system-out/>
  <testcase classname="Page_Test.Home_Page_Test" name="TC023_verify_Vehicle_details" time="14.474"/>
  <system-out/>
  <testcase classname="Page_Test.Home_Page_Test" name="TC024_verify_Vehicle_condition" time="50.345"/>
  <system-out/>
  <testcase classname="Page_Test.Home_Page_Test" name="TC025_verify_Vehicle_valution" time="64.487"/>
  <system-out/>
  <testcase classname="Page_Test.Home_Page_Test" name="TC026_Verify_RC_Documents" time="41.247"/>
  <system-out/>
  <testcase classname="Page_Test.Home_Page_Test" name="TC027_Verify_Insurance_Documents" time="29.914"/>
  <system-out/>
  <testcase classname="Page_Test.Home_Page_Test" name="TC028_Verify_PUC_Documents" time="49.744"/>
  <system-out/>
  <testcase classname="Page_Test.Home_Page_Test" name="TC029_Verify_Challans_Documents" time="5.568"/>
  <system-out/>
  <testcase classname="Page_Test.Home_Page_Test" name="TC030_Verify_Relationship_Manager" time="32.967"/>
  <system-out/>
  <testcase classname="Page_Test.Home_Page_Test" name="TC031_Verify_RSA" time="11.970"/>
  <system-out/>
  <testcase classname="Page_Test.Home_Page_Test" name="TC032_Renew_RSA" time="15.034"/>
  <system-out/>
  <testcase classname="Page_Test.Home_Page_Test" name="TC033_frequently_asked_questions" time="46.336"/>
  <system-out/>
  <testcase classname="Page_Test.Home_Page_Test" name="TC034_Verify_Technical_Support_Manager" time="25.665"/>
  <system-out/>
  <testcase classname="Page_Test.Home_Page_Test" name="TC035_Verify_Dealer_Locator" time="4.256"/>
  <system-out/>
  <testcase classname="Page_Test.Home_Page_Test" name="TC036_Select_city" time="3.662"/>
  <system-out/>
  <testcase classname="Page_Test.Home_Page_Test" name="TC037_View_dealer_name_and_address" time="17.979"/>
  <system-out/>
  <testcase classname="Page_Test.Home_Page_Test" name="TC038_verify_Service_at_home_page" time="36.045"/>
  <system-out/>
  <testcase classname="Page_Test.Home_Page_Test" name="TC039_verify_Active_Booking_at_home_page" time="19.794"/>
  <system-out/>
  <testcase classname="Page_Test.Home_Page_Test" name="TC040_verify_EShop" time="22.080"/>
  <system-out/>
  <testcase classname="Page_Test.Home_Page_Test" name="TC041_verify_Benifits_Vehicle_Exchange" time="16.809"/>
  <system-out/>
</testsuite> <!-- Page_Test.Home_Page_Test -->
