<?xml version="1.0" encoding="UTF-8"?>
<!-- Generated by org.testng.reporters.JUnitReportReporter -->
<testsuite hostname="DESKTOP-VIGFA1G" failures="0" tests="2" name="Page_Test.Safety_Measures_and_Symbols_Glossary_Test" time="115.072" errors="0" timestamp="2024-03-29T10:07:31 IST" skipped="0">
  <testcase classname="Page_Test.Safety_Measures_and_Symbols_Glossary_Test" name="TC064_Verify_Safety_Measures" time="23.404"/>
  <system-out/>
  <testcase classname="Page_Test.Safety_Measures_and_Symbols_Glossary_Test" name="TC065_Verify_Symbols_Glossary" time="91.668"/>
  <system-out/>
</testsuite> <!-- Page_Test.Safety_Measures_and_Symbols_Glossary_Test -->
