<?xml version="1.0" encoding="UTF-8"?>
<!-- Generated by org.testng.reporters.JUnitReportReporter -->
<testsuite hostname="DESKTOP-DC5U0BQ" failures="0" tests="5" name="Page_Test.Feedback_and_About_Hero_test" time="154.701" errors="0" timestamp="2023-12-15T11:17:13 IST" skipped="0">
  <testcase classname="Page_Test.Feedback_and_About_Hero_test" name="TC060_verify_Feedback" time="39.728"/>
  <testcase classname="Page_Test.Feedback_and_About_Hero_test" name="TC061_verify_About_Hero" time="19.349"/>
  <testcase classname="Page_Test.Feedback_and_About_Hero_test" name="TC062_verify_Side_menu_page_function" time="18.262"/>
  <testcase classname="Page_Test.Feedback_and_About_Hero_test" name="TC063_Wheels_of_Trust" time="45.736"/>
  <testcase classname="Page_Test.Feedback_and_About_Hero_test" name="TC064_Verify_joyride" time="31.626"/>
</testsuite> <!-- Page_Test.Feedback_and_About_Hero_test -->
