<?xml version="1.0" encoding="UTF-8"?>
<!-- Generated by org.testng.reporters.JUnitReportReporter -->
<testsuite hostname="DESKTOP-DC5U0BQ" failures="0" tests="11" name="Page_Test.Login_Page_Test" time="186.376" errors="0" timestamp="2023-12-12T17:51:09 IST" skipped="0">
  <testcase classname="Page_Test.Login_Page_Test" name="TC001_Verify_Login_with_Invalid_credential" time="17.781"/>
  <testcase classname="Page_Test.Login_Page_Test" name="TC002_invalidmobileno" time="8.341"/>
  <testcase classname="Page_Test.Login_Page_Test" name="TC003_Verify_Login_with_short_length_of_mobile_number_credential" time="4.319"/>
  <testcase classname="Page_Test.Login_Page_Test" name="TC004_max_digit_mobile_number" time="5.736"/>
  <testcase classname="Page_Test.Login_Page_Test" name="TC005_Terms_of_use_button" time="15.761"/>
  <testcase classname="Page_Test.Login_Page_Test" name="TC006_Privacy_policy" time="12.406"/>
  <testcase classname="Page_Test.Login_Page_Test" name="TC007_contact_Us" time="6.744"/>
  <testcase classname="Page_Test.Login_Page_Test" name="TC008_Verify_Login_with_valid_credential" time="37.538"/>
  <testcase classname="Page_Test.Login_Page_Test" name="TC009_resend_butn" time="20.018"/>
  <testcase classname="Page_Test.Login_Page_Test" name="TC010_inavalid_OTP" time="19.672"/>
  <testcase classname="Page_Test.Login_Page_Test" name="TC011_edit_moble" time="38.060"/>
</testsuite> <!-- Page_Test.Login_Page_Test -->
