<?xml version="1.0" encoding="UTF-8"?>
<!-- Generated by org.testng.reporters.JUnitReportReporter -->
<testsuite hostname="DESKTOP-VIGFA1G" failures="0" tests="28" name="Page_Test.Services_Page_Test" time="1452.552" errors="1" timestamp="2024-05-23T17:46:54 IST" skipped="0">
  <testcase classname="Page_Test.Services_Page_Test" name="TC076_Vehicle_details_on_service_page" time="13.971"/>
  <system-out/>
  <testcase classname="Page_Test.Services_Page_Test" name="TC077_verify_service_type" time="7.827"/>
  <system-out/>
  <testcase classname="Page_Test.Services_Page_Test" name="TC078_verify_Dealer_information" time="7.339"/>
  <system-out/>
  <testcase classname="Page_Test.Services_Page_Test" name="TC079_verify_Reschedule_Service" time="42.528"/>
  <system-out/>
  <testcase classname="Page_Test.Services_Page_Test" name="TC080_verify_Cancel_Service" time="11.552"/>
  <system-out/>
  <testcase classname="Page_Test.Services_Page_Test" name="TC081_Verify_dealer_manager_info" time="10.055"/>
  <system-out/>
  <testcase classname="Page_Test.Services_Page_Test" name="TC082_View_Service_schedule_750" time="63.719"/>
  <system-out/>
  <testcase classname="Page_Test.Services_Page_Test" name="TC083_View_Service_schedule_3500" time="58.671"/>
  <system-out/>
  <testcase classname="Page_Test.Services_Page_Test" name="TC084_View_Service_schedule_6500" time="62.822"/>
  <system-out/>
  <testcase classname="Page_Test.Services_Page_Test" name="TC085_View_Service_schedule_9500" time="58.690"/>
  <system-out/>
  <testcase classname="Page_Test.Services_Page_Test" name="TC086_View_Service_schedule_12500" time="65.509"/>
  <system-out/>
  <testcase classname="Page_Test.Services_Page_Test" name="TC087_View_Service_schedule_15500" time="60.655"/>
  <system-out/>
  <testcase classname="Page_Test.Services_Page_Test" name="TC088_View_Service_schedule_18500" time="56.917"/>
  <system-out/>
  <testcase classname="Page_Test.Services_Page_Test" name="TC089_View_Service_schedule_21500" time="63.449"/>
  <system-out/>
  <testcase classname="Page_Test.Services_Page_Test" name="TC090_View_Service_schedule_24500" time="54.986"/>
  <system-out/>
  <testcase classname="Page_Test.Services_Page_Test" name="TC091_View_Service_schedule_27500" time="67.158"/>
  <system-out/>
  <testcase classname="Page_Test.Services_Page_Test" name="TC092_View_Service_schedule_60_days" time="60.136"/>
  <system-out/>
  <testcase classname="Page_Test.Services_Page_Test" name="TC093_View_Service_schedule_160_days" time="57.031"/>
  <system-out/>
  <testcase classname="Page_Test.Services_Page_Test" name="TC094_View_Service_schedule_260_days" time="59.991"/>
  <system-out/>
  <testcase classname="Page_Test.Services_Page_Test" name="TC095_View_Service_schedule_360_days" time="58.390"/>
  <system-out/>
  <testcase classname="Page_Test.Services_Page_Test" name="TC096_View_Service_schedule_460_days" time="62.952"/>
  <system-out/>
  <testcase classname="Page_Test.Services_Page_Test" name="TC097_View_Service_schedule_560_days" time="59.423"/>
  <system-out/>
  <testcase classname="Page_Test.Services_Page_Test" name="TC098_View_Service_schedule_660_days" time="54.903"/>
  <system-out/>
  <testcase classname="Page_Test.Services_Page_Test" name="TC099_View_Service_schedule_760_days" time="61.298"/>
  <system-out/>
  <testcase classname="Page_Test.Services_Page_Test" name="TC100_View_Service_schedule_860_days" time="60.638"/>
  <system-out/>
  <testcase classname="Page_Test.Services_Page_Test" name="TC101_Verify_Last_Serviced" time="8.145"/>
  <system-out/>
  <testcase classname="Page_Test.Services_Page_Test" name="TC102_Verify_all_tips_list" time="143.028"/>
  <system-out/>
  <testcase classname="Page_Test.Services_Page_Test" name="TC103_Verify_all_DIY_Videos_list" time="60.769">
    <error message="Index 15 out of bounds for length 15" type="java.lang.IndexOutOfBoundsException">
      <![CDATA[java.lang.IndexOutOfBoundsException: Index 15 out of bounds for length 15
at java.base/jdk.internal.util.Preconditions.outOfBounds(Preconditions.java:64)
at java.base/jdk.internal.util.Preconditions.outOfBoundsCheckIndex(Preconditions.java:70)
at java.base/jdk.internal.util.Preconditions.checkIndex(Preconditions.java:266)
at java.base/java.util.Objects.checkIndex(Objects.java:361)
at java.base/java.util.ArrayList.get(ArrayList.java:427)
at java.base/jdk.internal.reflect.GeneratedMethodAccessor6.invoke(Unknown Source)
at java.base/jdk.internal.reflect.DelegatingMethodAccessorImpl.invoke(DelegatingMethodAccessorImpl.java:43)
at java.base/java.lang.reflect.Method.invoke(Method.java:568)
at org.openqa.selenium.support.pagefactory.internal.LocatingElementListHandler.invoke(LocatingElementListHandler.java:40)
at jdk.proxy2/jdk.proxy2.$Proxy33.get(Unknown Source)
at com.page_object.Services_Page.DIY_Videos_list(Services_Page.java:545)
at Page_Test.Services_Page_Test.TC103_Verify_all_DIY_Videos_list(Services_Page_Test.java:367)
at java.base/jdk.internal.reflect.NativeMethodAccessorImpl.invoke0(Native Method)
at java.base/jdk.internal.reflect.NativeMethodAccessorImpl.invoke(NativeMethodAccessorImpl.java:77)
at java.base/jdk.internal.reflect.DelegatingMethodAccessorImpl.invoke(DelegatingMethodAccessorImpl.java:43)
at java.base/java.lang.reflect.Method.invoke(Method.java:568)
at org.testng.internal.invokers.MethodInvocationHelper.invokeMethod(MethodInvocationHelper.java:139)
at org.testng.internal.invokers.TestInvoker.invokeMethod(TestInvoker.java:677)
at org.testng.internal.invokers.TestInvoker.invokeTestMethod(TestInvoker.java:221)
at org.testng.internal.invokers.MethodRunner.runInSequence(MethodRunner.java:50)
at org.testng.internal.invokers.TestInvoker$MethodInvocationAgent.invoke(TestInvoker.java:969)
at org.testng.internal.invokers.TestInvoker.invokeTestMethods(TestInvoker.java:194)
at org.testng.internal.invokers.TestMethodWorker.invokeTestMethods(TestMethodWorker.java:148)
at org.testng.internal.invokers.TestMethodWorker.run(TestMethodWorker.java:128)
at java.base/java.util.ArrayList.forEach(ArrayList.java:1511)
at org.testng.TestRunner.privateRun(TestRunner.java:829)
at org.testng.TestRunner.run(TestRunner.java:602)
at org.testng.SuiteRunner.runTest(SuiteRunner.java:437)
at org.testng.SuiteRunner.runSequentially(SuiteRunner.java:431)
at org.testng.SuiteRunner.privateRun(SuiteRunner.java:391)
at org.testng.SuiteRunner.run(SuiteRunner.java:330)
at org.testng.SuiteRunnerWorker.runSuite(SuiteRunnerWorker.java:52)
at org.testng.SuiteRunnerWorker.run(SuiteRunnerWorker.java:95)
at org.testng.TestNG.runSuitesSequentially(TestNG.java:1256)
at org.testng.TestNG.runSuitesLocally(TestNG.java:1176)
at org.testng.TestNG.runSuites(TestNG.java:1099)
at org.testng.TestNG.run(TestNG.java:1067)
at org.testng.remote.AbstractRemoteTestNG.run(AbstractRemoteTestNG.java:115)
at org.testng.remote.RemoteTestNG.initAndRun(RemoteTestNG.java:251)
at org.testng.remote.RemoteTestNG.main(RemoteTestNG.java:77)
]]>
    </error>
  </testcase> <!-- TC103_Verify_all_DIY_Videos_list -->
  <system-out/>
</testsuite> <!-- Page_Test.Services_Page_Test -->
