<?xml version="1.0" encoding="UTF-8"?>
<!-- Generated by org.testng.reporters.JUnitReportReporter -->
<testsuite hostname="DESKTOP-3VDDFOT" failures="0" tests="7" name="Page_Test.My_Profile_Page_Test" time="229.060" errors="0" timestamp="2024-07-22T14:26:43 IST" skipped="0">
  <testcase classname="Page_Test.My_Profile_Page_Test" name="TC039_Verify_My_Profile" time="19.302"/>
  <system-out/>
  <testcase classname="Page_Test.My_Profile_Page_Test" name="TC040_verify_more_detais_button" time="0.001"/>
  <system-out/>
  <testcase classname="Page_Test.My_Profile_Page_Test" name="TC041_edit_profile_button" time="61.669"/>
  <system-out/>
  <testcase classname="Page_Test.My_Profile_Page_Test" name="TC042_edit_Personal_Details" time="79.673"/>
  <system-out/>
  <testcase classname="Page_Test.My_Profile_Page_Test" name="TC043_change_original_Personal_Details" time="21.352"/>
  <system-out/>
  <testcase classname="Page_Test.My_Profile_Page_Test" name="TC044_Manage_License" time="8.260"/>
  <system-out/>
  <testcase classname="Page_Test.My_Profile_Page_Test" name="TC045_Verify_emergency_contacts" time="38.803"/>
  <system-out/>
</testsuite> <!-- Page_Test.My_Profile_Page_Test -->
