<?xml version="1.0" encoding="UTF-8"?>
<!-- Generated by org.testng.reporters.JUnitReportReporter -->
<testsuite hostname="DESKTOP-VIGFA1G" failures="0" tests="5" name="Page_Test.Select_Vehicle_Page_Test" time="106.295" errors="0" timestamp="2024-05-23T17:46:54 IST" skipped="0">
  <testcase classname="Page_Test.Select_Vehicle_Page_Test" name="TC014_verify_Nick_Name" time="20.571"/>
  <system-out/>
  <testcase classname="Page_Test.Select_Vehicle_Page_Test" name="TC015_Verify_With_30_letter_nick_name" time="14.800"/>
  <system-out/>
  <testcase classname="Page_Test.Select_Vehicle_Page_Test" name="TC016_Verify_With_31_letter_nick_name" time="14.988"/>
  <system-out/>
  <testcase classname="Page_Test.Select_Vehicle_Page_Test" name="TC017_Verify_With_29_letter_nick_name" time="13.933"/>
  <system-out/>
  <testcase classname="Page_Test.Select_Vehicle_Page_Test" name="TC018_Select_Vehicle" time="42.003"/>
  <system-out/>
</testsuite> <!-- Page_Test.Select_Vehicle_Page_Test -->
