<?xml version="1.0" encoding="UTF-8"?>
<!-- Generated by org.testng.reporters.JUnitReportReporter -->
<testsuite hostname="users-MacBook-Pro.local" failures="0" tests="5" name="Page_Test.Select_Vehicle_Page_Test" time="110.904" errors="0" timestamp="2024-08-06T10:12:32 IST" skipped="0">
  <testcase classname="Page_Test.Select_Vehicle_Page_Test" name="TC014_verify_Nick_Name" time="17.848"/>
  <system-out/>
  <testcase classname="Page_Test.Select_Vehicle_Page_Test" name="TC015_Verify_With_30_letter_nick_name" time="11.359"/>
  <system-out/>
  <testcase classname="Page_Test.Select_Vehicle_Page_Test" name="TC016_Verify_With_31_letter_nick_name" time="11.272"/>
  <system-out/>
  <testcase classname="Page_Test.Select_Vehicle_Page_Test" name="TC017_Verify_With_29_letter_nick_name" time="11.069"/>
  <system-out/>
  <testcase classname="Page_Test.Select_Vehicle_Page_Test" name="TC018_Select_Vehicle" time="59.356"/>
  <system-out/>
</testsuite> <!-- Page_Test.Select_Vehicle_Page_Test -->
