<?xml version="1.0" encoding="UTF-8"?>
<!-- Generated by org.testng.reporters.JUnitReportReporter -->
<testsuite hostname="DESKTOP-3VDDFOT" failures="0" tests="13" name="Page_Test.Login_Page_Test" time="255.198" errors="0" timestamp="2024-07-22T14:26:43 IST" skipped="0">
  <testcase classname="Page_Test.Login_Page_Test" name="TC001_Verify_Login_with_Invalid_credential" time="8.720"/>
  <system-out/>
  <testcase classname="Page_Test.Login_Page_Test" name="TC002_invalidmobileno" time="10.586"/>
  <system-out/>
  <testcase classname="Page_Test.Login_Page_Test" name="TC003_verify_update_number" time="17.503"/>
  <system-out/>
  <testcase classname="Page_Test.Login_Page_Test" name="TC004_Verify_Login_with_short_length_of_mobile_number_credential" time="5.338"/>
  <system-out/>
  <testcase classname="Page_Test.Login_Page_Test" name="TC005_max_digit_mobile_number" time="5.711"/>
  <system-out/>
  <testcase classname="Page_Test.Login_Page_Test" name="TC006_Terms_of_use_button" time="13.526"/>
  <system-out/>
  <testcase classname="Page_Test.Login_Page_Test" name="TC007_Privacy_policy" time="29.166"/>
  <system-out/>
  <testcase classname="Page_Test.Login_Page_Test" name="TC008_contact_Us" time="6.677"/>
  <system-out/>
  <testcase classname="Page_Test.Login_Page_Test" name="TC009_Continue_as_guest" time="39.635"/>
  <system-out/>
  <testcase classname="Page_Test.Login_Page_Test" name="TC010_Verify_Login_with_valid_credential" time="38.190"/>
  <system-out/>
  <testcase classname="Page_Test.Login_Page_Test" name="TC011_resend_butn" time="20.327"/>
  <system-out/>
  <testcase classname="Page_Test.Login_Page_Test" name="TC012_inavalid_OTP" time="21.382"/>
  <system-out/>
  <testcase classname="Page_Test.Login_Page_Test" name="TC013_edit_moble" time="38.437"/>
  <system-out/>
</testsuite> <!-- Page_Test.Login_Page_Test -->
