<?xml version="1.0" encoding="UTF-8"?>
<!-- Generated by org.testng.reporters.JUnitReportReporter -->
<testsuite hostname="DESKTOP-DC5U0BQ" failures="0" tests="20" name="Page_Test.Home_Page_Test" time="555.888" errors="0" timestamp="2024-01-15T19:30:49 IST" skipped="0">
  <testcase classname="Page_Test.Home_Page_Test" name="TC017_Home_page_verify" time="48.411"/>
  <testcase classname="Page_Test.Home_Page_Test" name="TC018_verify_SOS" time="21.100"/>
  <testcase classname="Page_Test.Home_Page_Test" name="TC019_verify_Navigate" time="35.707"/>
  <testcase classname="Page_Test.Home_Page_Test" name="TC020_verify_Exchange" time="29.591"/>
  <testcase classname="Page_Test.Home_Page_Test" name="TC021_verify_Vehicle_details" time="15.518"/>
  <testcase classname="Page_Test.Home_Page_Test" name="TC022_verify_Vehicle_condition" time="48.230"/>
  <testcase classname="Page_Test.Home_Page_Test" name="TC023_verify_Vehicle_valution" time="26.482"/>
  <testcase classname="Page_Test.Home_Page_Test" name="TC024_Verify_Documents" time="33.830"/>
  <testcase classname="Page_Test.Home_Page_Test" name="TC025_Verify_Relationship_Manager" time="20.598"/>
  <testcase classname="Page_Test.Home_Page_Test" name="TC026_Verify_RSA" time="13.506"/>
  <testcase classname="Page_Test.Home_Page_Test" name="TC027_Renew_RSA" time="14.956"/>
  <testcase classname="Page_Test.Home_Page_Test" name="TC028_frequently_asked_questions" time="45.588"/>
  <testcase classname="Page_Test.Home_Page_Test" name="TC031_Verify_Technical_Support_Manager" time="11.826"/>
  <testcase classname="Page_Test.Home_Page_Test" name="TC032_Verify_Dealer_Locator" time="17.030"/>
  <testcase classname="Page_Test.Home_Page_Test" name="TC033_Select_city" time="39.938"/>
  <testcase classname="Page_Test.Home_Page_Test" name="TC034_View_dealer_name_and_address" time="14.817"/>
  <testcase classname="Page_Test.Home_Page_Test" name="TC035_verify_Service_at_home_page" time="60.226"/>
  <testcase classname="Page_Test.Home_Page_Test" name="TC036_verify_Latest_at_home_page" time="12.938"/>
  <testcase classname="Page_Test.Home_Page_Test" name="TC037_verify_EShop" time="29.681"/>
  <testcase classname="Page_Test.Home_Page_Test" name="TC038_verify_Benifits_Vehicle_Exchange" time="15.915"/>
</testsuite> <!-- Page_Test.Home_Page_Test -->
