<?xml version="1.0" encoding="UTF-8"?>
<!-- Generated by org.testng.reporters.JUnitReportReporter -->
<testsuite hostname="users-MacBook-Pro.local" failures="0" tests="10" name="Page_Test.Feedback_and_About_Hero_test" time="254.425" errors="0" timestamp="2024-08-06T10:12:32 IST" skipped="0">
  <testcase classname="Page_Test.Feedback_and_About_Hero_test" name="TC068_Verify_App_Related_Feedback" time="28.112"/>
  <system-out/>
  <testcase classname="Page_Test.Feedback_and_About_Hero_test" name="TC069_Verify_Sales_Feedback" time="15.175"/>
  <system-out/>
  <testcase classname="Page_Test.Feedback_and_About_Hero_test" name="TC070_Verify_Service_Feedback" time="14.890"/>
  <system-out/>
  <testcase classname="Page_Test.Feedback_and_About_Hero_test" name="TC071_Verify_Parts_Feedback" time="16.165"/>
  <system-out/>
  <testcase classname="Page_Test.Feedback_and_About_Hero_test" name="TC072_Verify_Goodlife_Feedback" time="15.595"/>
  <system-out/>
  <testcase classname="Page_Test.Feedback_and_About_Hero_test" name="TC073_Verify_Suggestions_Feedback" time="21.308"/>
  <system-out/>
  <testcase classname="Page_Test.Feedback_and_About_Hero_test" name="TC074_verify_About_Hero" time="22.221"/>
  <system-out/>
  <testcase classname="Page_Test.Feedback_and_About_Hero_test" name="TC075_verify_Side_menu_page_function" time="16.061"/>
  <system-out/>
  <testcase classname="Page_Test.Feedback_and_About_Hero_test" name="TC076_Wheels_of_Trust" time="57.144"/>
  <system-out/>
  <testcase classname="Page_Test.Feedback_and_About_Hero_test" name="TC077_Verify_joyride" time="47.754"/>
  <system-out/>
</testsuite> <!-- Page_Test.Feedback_and_About_Hero_test -->
