<?xml version="1.0" encoding="UTF-8"?>
<!-- Generated by org.testng.reporters.JUnitReportReporter -->
<testsuite hostname="DESKTOP-DC5U0BQ" failures="0" tests="11" name="Page_Test.Login_Page_Test" time="204.587" errors="0" timestamp="2024-01-18T10:43:11 IST" skipped="0">
  <testcase classname="Page_Test.Login_Page_Test" name="TC001_Verify_Login_with_Invalid_credential" time="22.583"/>
  <testcase classname="Page_Test.Login_Page_Test" name="TC002_invalidmobileno" time="10.957"/>
  <testcase classname="Page_Test.Login_Page_Test" name="TC003_Verify_Login_with_short_length_of_mobile_number_credential" time="4.950"/>
  <testcase classname="Page_Test.Login_Page_Test" name="TC004_max_digit_mobile_number" time="6.721"/>
  <testcase classname="Page_Test.Login_Page_Test" name="TC005_Terms_of_use_button" time="16.202"/>
  <testcase classname="Page_Test.Login_Page_Test" name="TC006_Privacy_policy" time="10.960"/>
  <testcase classname="Page_Test.Login_Page_Test" name="TC007_contact_Us" time="6.704"/>
  <testcase classname="Page_Test.Login_Page_Test" name="TC008_Verify_Login_with_valid_credential" time="38.674"/>
  <testcase classname="Page_Test.Login_Page_Test" name="TC009_resend_butn" time="20.901"/>
  <testcase classname="Page_Test.Login_Page_Test" name="TC010_inavalid_OTP" time="21.958"/>
  <testcase classname="Page_Test.Login_Page_Test" name="TC011_edit_moble" time="43.977"/>
</testsuite> <!-- Page_Test.Login_Page_Test -->
