<?xml version="1.0" encoding="UTF-8"?>
<!-- Generated by org.testng.reporters.JUnitReportReporter -->
<testsuite hostname="DESKTOP-DC5U0BQ" failures="0" tests="28" name="Page_Test.Services_Page_Test" time="1075.195" errors="0" timestamp="2024-01-18T10:43:11 IST" skipped="0">
  <testcase classname="Page_Test.Services_Page_Test" name="TC071_Vehicle_details_on_service_page" time="8.184"/>
  <testcase classname="Page_Test.Services_Page_Test" name="TC072_verify_service_type" time="3.172"/>
  <testcase classname="Page_Test.Services_Page_Test" name="TC073_verify_Dealer_information" time="6.152"/>
  <testcase classname="Page_Test.Services_Page_Test" name="TC074_verify_Reschedule_Service" time="33.479"/>
  <testcase classname="Page_Test.Services_Page_Test" name="TC075_verify_Cancel_Service" time="5.915"/>
  <testcase classname="Page_Test.Services_Page_Test" name="TC076_Verify_dealer_manager_info" time="20.385"/>
  <testcase classname="Page_Test.Services_Page_Test" name="TC077_View_Service_schedule_750" time="43.195"/>
  <testcase classname="Page_Test.Services_Page_Test" name="TC078_View_Service_schedule_3500" time="45.153"/>
  <testcase classname="Page_Test.Services_Page_Test" name="TC079_View_Service_schedule_6500" time="44.640"/>
  <testcase classname="Page_Test.Services_Page_Test" name="TC080_View_Service_schedule_9500" time="41.161"/>
  <testcase classname="Page_Test.Services_Page_Test" name="TC081_View_Service_schedule_12500" time="45.563"/>
  <testcase classname="Page_Test.Services_Page_Test" name="TC082_View_Service_schedule_15500" time="43.000"/>
  <testcase classname="Page_Test.Services_Page_Test" name="TC083_View_Service_schedule_18500" time="38.605"/>
  <testcase classname="Page_Test.Services_Page_Test" name="TC084_View_Service_schedule_21500" time="41.772"/>
  <testcase classname="Page_Test.Services_Page_Test" name="TC085_View_Service_schedule_24500" time="37.192"/>
  <testcase classname="Page_Test.Services_Page_Test" name="TC086_View_Service_schedule_27500" time="42.774"/>
  <testcase classname="Page_Test.Services_Page_Test" name="TC087_View_Service_schedule_60_days" time="41.337"/>
  <testcase classname="Page_Test.Services_Page_Test" name="TC088_View_Service_schedule_160_days" time="38.915"/>
  <testcase classname="Page_Test.Services_Page_Test" name="TC089_View_Service_schedule_260_days" time="43.537"/>
  <testcase classname="Page_Test.Services_Page_Test" name="TC090_View_Service_schedule_360_days" time="39.111"/>
  <testcase classname="Page_Test.Services_Page_Test" name="TC091_View_Service_schedule_460_days" time="44.847"/>
  <testcase classname="Page_Test.Services_Page_Test" name="TC092_View_Service_schedule_560_days" time="41.161"/>
  <testcase classname="Page_Test.Services_Page_Test" name="TC093_View_Service_schedule_660_days" time="37.576"/>
  <testcase classname="Page_Test.Services_Page_Test" name="TC094_View_Service_schedule_760_days" time="44.332"/>
  <testcase classname="Page_Test.Services_Page_Test" name="TC095_View_Service_schedule_860_days" time="41.718"/>
  <testcase classname="Page_Test.Services_Page_Test" name="TC097_Verify_Last_Serviced" time="6.094"/>
  <testcase classname="Page_Test.Services_Page_Test" name="TC098_Verify_all_tips_list" time="137.623"/>
  <testcase classname="Page_Test.Services_Page_Test" name="TC099_Verify_all_DIY_Videos_list" time="58.602"/>
</testsuite> <!-- Page_Test.Services_Page_Test -->
