<?xml version="1.0" encoding="UTF-8"?>
<!-- Generated by org.testng.reporters.JUnitReportReporter -->
<testsuite hostname="users-MacBook-Pro.local" failures="0" tests="12" name="Page_Test.Refer_a_friend_and_Contact_us_test" time="257.322" errors="0" timestamp="2024-08-06T10:12:32 IST" skipped="0">
  <testcase classname="Page_Test.Refer_a_friend_and_Contact_us_test" name="TC054_Refer_a_friend" time="23.737"/>
  <system-out/>
  <testcase classname="Page_Test.Refer_a_friend_and_Contact_us_test" name="TC055_Verify_Select_State" time="19.421"/>
  <system-out/>
  <testcase classname="Page_Test.Refer_a_friend_and_Contact_us_test" name="TC056_Verify_Select_City" time="6.067"/>
  <system-out/>
  <testcase classname="Page_Test.Refer_a_friend_and_Contact_us_test" name="TC057_Verify_Select_Model" time="30.174"/>
  <system-out/>
  <testcase classname="Page_Test.Refer_a_friend_and_Contact_us_test" name="TC058_Verify_Refer_yourself" time="64.155"/>
  <system-out/>
  <testcase classname="Page_Test.Refer_a_friend_and_Contact_us_test" name="TC059_Verify_Facebook_in_Contact_us_page" time="29.097"/>
  <system-out/>
  <testcase classname="Page_Test.Refer_a_friend_and_Contact_us_test" name="TC060_Verify_instagram_in_Contact_us_page" time="7.912"/>
  <system-out/>
  <testcase classname="Page_Test.Refer_a_friend_and_Contact_us_test" name="TC061_Verify_Whatsapp_in_Contact_us_page" time="2.483"/>
  <system-out/>
  <testcase classname="Page_Test.Refer_a_friend_and_Contact_us_test" name="TC062_Verify_youTube_in_Contact_us_page" time="8.293"/>
  <system-out/>
  <testcase classname="Page_Test.Refer_a_friend_and_Contact_us_test" name="TC063_Verify_Linkedin_in_Contact_us_page" time="35.386"/>
  <system-out/>
  <testcase classname="Page_Test.Refer_a_friend_and_Contact_us_test" name="TC064_Verify_twitter_in_Contact_us_page" time="17.067"/>
  <system-out/>
  <testcase classname="Page_Test.Refer_a_friend_and_Contact_us_test" name="TC065_Verify_Contact_via_Email" time="13.530"/>
  <system-out/>
</testsuite> <!-- Page_Test.Refer_a_friend_and_Contact_us_test -->
