<?xml version="1.0" encoding="UTF-8"?>
<!-- Generated by org.testng.reporters.JUnitReportReporter -->
<testsuite hostname="DESKTOP-DC5U0BQ" failures="0" tests="16" name="Page_Test.Home_Page_Test" time="473.341" errors="0" timestamp="2023-12-15T11:17:13 IST" skipped="0">
  <testcase classname="Page_Test.Home_Page_Test" name="TC017_Home_page_verify" time="38.563"/>
  <testcase classname="Page_Test.Home_Page_Test" name="TC018_verify_SOS" time="16.550"/>
  <testcase classname="Page_Test.Home_Page_Test" name="TC019_verify_Navigate" time="29.069"/>
  <testcase classname="Page_Test.Home_Page_Test" name="TC020_verify_Exchange" time="30.518"/>
  <testcase classname="Page_Test.Home_Page_Test" name="TC021_verify_Vehicle_details" time="14.938"/>
  <testcase classname="Page_Test.Home_Page_Test" name="TC022_verify_Vehicle_condition" time="52.725"/>
  <testcase classname="Page_Test.Home_Page_Test" name="TC023_verify_Vehicle_valution" time="40.033"/>
  <testcase classname="Page_Test.Home_Page_Test" name="TC024_Verify_Documents" time="31.463"/>
  <testcase classname="Page_Test.Home_Page_Test" name="TC025_Verify_Relationship_Manager" time="21.359"/>
  <testcase classname="Page_Test.Home_Page_Test" name="TC026_Verify_RSA" time="16.796"/>
  <testcase classname="Page_Test.Home_Page_Test" name="TC027_Renew_RSA" time="16.785"/>
  <testcase classname="Page_Test.Home_Page_Test" name="TC028_frequently_asked_questions" time="90.407"/>
  <testcase classname="Page_Test.Home_Page_Test" name="TC029_Verify_Technical_Support_Manager" time="7.774"/>
  <testcase classname="Page_Test.Home_Page_Test" name="TC030_Verify_Dealer_Locator" time="13.008"/>
  <testcase classname="Page_Test.Home_Page_Test" name="TC031_Select_city" time="36.441"/>
  <testcase classname="Page_Test.Home_Page_Test" name="TC032_View_dealer_name_and_address" time="16.912"/>
</testsuite> <!-- Page_Test.Home_Page_Test -->
